<?xml version="1.0" encoding="UTF-8"?>
<coverage generated="1764083979676" clover="3.2.0">
  <project timestamp="1764083979676" name="All files">
    <metrics statements="6553" coveredstatements="105" conditionals="4198" coveredconditionals="57" methods="1367" coveredmethods="20" elements="12118" coveredelements="182" complexity="0" loc="6553" ncloc="6553" packages="106" files="303" classes="303"/>
    <package name="habitta">
      <metrics statements="2" coveredstatements="0" conditionals="0" coveredconditionals="0" methods="0" coveredmethods="0"/>
      <file name=".eslintrc.js" path="/Users/sebs/Dev/habitta/.eslintrc.js">
        <metrics statements="1" coveredstatements="0" conditionals="0" coveredconditionals="0" methods="0" coveredmethods="0"/>
        <line num="1" count="0" type="stmt"/>
      </file>
      <file name="index.ts" path="/Users/sebs/Dev/habitta/index.ts">
        <metrics statements="1" coveredstatements="0" conditionals="0" coveredconditionals="0" methods="0" coveredmethods="0"/>
        <line num="8" count="0" type="stmt"/>
      </file>
      <file name="nativewind-env.d.ts" path="/Users/sebs/Dev/habitta/nativewind-env.d.ts">
        <metrics statements="0" coveredstatements="0" conditionals="0" coveredconditionals="0" methods="0" coveredmethods="0"/>
      </file>
    </package>
    <package name="habitta.app">
      <metrics statements="55" coveredstatements="0" conditionals="32" coveredconditionals="0" methods="14" coveredmethods="0"/>
      <file name="_layout.tsx" path="/Users/sebs/Dev/habitta/app/_layout.tsx">
        <metrics statements="33" coveredstatements="0" conditionals="18" coveredconditionals="0" methods="10" coveredmethods="0"/>
        <line num="19" count="0" type="stmt"/>
        <line num="20" count="0" type="stmt"/>
        <line num="30" count="0" type="stmt"/>
        <line num="36" count="0" type="stmt"/>
        <line num="38" count="0" type="stmt"/>
        <line num="40" count="0" type="stmt"/>
        <line num="41" count="0" type="cond" truecount="0" falsecount="2"/>
        <line num="42" count="0" type="stmt"/>
        <line num="43" count="0" type="stmt"/>
        <line num="44" count="0" type="stmt"/>
        <line num="48" count="0" type="stmt"/>
        <line num="51" count="0" type="stmt"/>
        <line num="52" count="0" type="stmt"/>
        <line num="55" count="0" type="cond" truecount="0" falsecount="2"/>
        <line num="56" count="0" type="stmt"/>
        <line num="61" count="0" type="stmt"/>
        <line num="62" count="0" type="stmt"/>
        <line num="63" count="0" type="stmt"/>
        <line num="64" count="0" type="cond" truecount="0" falsecount="2"/>
        <line num="65" count="0" type="cond" truecount="0" falsecount="2"/>
        <line num="66" count="0" type="stmt"/>
        <line num="70" count="0" type="stmt"/>
        <line num="73" count="0" type="stmt"/>
        <line num="74" count="0" type="cond" truecount="0" falsecount="2"/>
        <line num="75" count="0" type="cond" truecount="0" falsecount="2"/>
        <line num="76" count="0" type="stmt"/>
        <line num="81" count="0" type="stmt"/>
        <line num="82" count="0" type="stmt"/>
        <line num="86" count="0" type="cond" truecount="0" falsecount="4"/>
        <line num="87" count="0" type="stmt"/>
        <line num="90" count="0" type="cond" truecount="0" falsecount="2"/>
        <line num="91" count="0" type="stmt"/>
        <line num="94" count="0" type="stmt"/>
      </file>
      <file name="index.tsx" path="/Users/sebs/Dev/habitta/app/index.tsx">
        <metrics statements="19" coveredstatements="0" conditionals="12" coveredconditionals="0" methods="2" coveredmethods="0"/>
        <line num="8" count="0" type="stmt"/>
        <line num="9" count="0" type="stmt"/>
        <line num="11" count="0" type="stmt"/>
        <line num="12" count="0" type="cond" truecount="0" falsecount="2"/>
        <line num="13" count="0" type="cond" truecount="0" falsecount="4"/>
        <line num="16" count="0" type="cond" truecount="0" falsecount="4"/>
        <line num="18" count="0" type="stmt"/>
        <line num="19" count="0" type="stmt"/>
        <line num="21" count="0" type="stmt"/>
        <line num="22" count="0" type="stmt"/>
        <line num="25" count="0" type="stmt"/>
        <line num="26" count="0" type="stmt"/>
        <line num="28" count="0" type="stmt"/>
        <line num="29" count="0" type="stmt"/>
        <line num="32" count="0" type="stmt"/>
        <line num="33" count="0" type="stmt"/>
        <line num="39" count="0" type="cond" truecount="0" falsecount="2"/>
        <line num="40" count="0" type="stmt"/>
        <line num="58" count="0" type="stmt"/>
      </file>
      <file name="terms.tsx" path="/Users/sebs/Dev/habitta/app/terms.tsx">
        <metrics statements="3" coveredstatements="0" conditionals="2" coveredconditionals="0" methods="2" coveredmethods="0"/>
        <line num="8" count="0" type="stmt"/>
        <line num="10" count="0" type="stmt"/>
        <line num="23" count="0" type="stmt"/>
      </file>
    </package>
    <package name="habitta.app.(admin)">
      <metrics statements="18" coveredstatements="0" conditionals="0" coveredconditionals="0" methods="14" coveredmethods="0"/>
      <file name="_layout.tsx" path="/Users/sebs/Dev/habitta/app/(admin)/_layout.tsx">
        <metrics statements="13" coveredstatements="0" conditionals="0" coveredconditionals="0" methods="9" coveredmethods="0"/>
        <line num="11" count="0" type="stmt"/>
        <line num="12" count="0" type="stmt"/>
        <line num="14" count="0" type="stmt"/>
        <line num="16" count="0" type="stmt"/>
        <line num="17" count="0" type="stmt"/>
        <line num="34" count="0" type="stmt"/>
        <line num="60" count="0" type="stmt"/>
        <line num="78" count="0" type="stmt"/>
        <line num="107" count="0" type="stmt"/>
        <line num="119" count="0" type="stmt"/>
        <line num="131" count="0" type="stmt"/>
        <line num="143" count="0" type="stmt"/>
        <line num="155" count="0" type="stmt"/>
      </file>
      <file name="home.tsx" path="/Users/sebs/Dev/habitta/app/(admin)/home.tsx">
        <metrics statements="1" coveredstatements="0" conditionals="0" coveredconditionals="0" methods="1" coveredmethods="0"/>
        <line num="5" count="0" type="stmt"/>
      </file>
      <file name="identity-documents.tsx" path="/Users/sebs/Dev/habitta/app/(admin)/identity-documents.tsx">
        <metrics statements="1" coveredstatements="0" conditionals="0" coveredconditionals="0" methods="1" coveredmethods="0"/>
        <line num="6" count="0" type="stmt"/>
      </file>
      <file name="properties.tsx" path="/Users/sebs/Dev/habitta/app/(admin)/properties.tsx">
        <metrics statements="1" coveredstatements="0" conditionals="0" coveredconditionals="0" methods="1" coveredmethods="0"/>
        <line num="6" count="0" type="stmt"/>
      </file>
      <file name="solicitudes.tsx" path="/Users/sebs/Dev/habitta/app/(admin)/solicitudes.tsx">
        <metrics statements="1" coveredstatements="0" conditionals="0" coveredconditionals="0" methods="1" coveredmethods="0"/>
        <line num="6" count="0" type="stmt"/>
      </file>
      <file name="users.tsx" path="/Users/sebs/Dev/habitta/app/(admin)/users.tsx">
        <metrics statements="1" coveredstatements="0" conditionals="0" coveredconditionals="0" methods="1" coveredmethods="0"/>
        <line num="6" count="0" type="stmt"/>
      </file>
    </package>
    <package name="habitta.app.(owner)">
      <metrics statements="8" coveredstatements="0" conditionals="0" coveredconditionals="0" methods="6" coveredmethods="0"/>
      <file name="_layout.tsx" path="/Users/sebs/Dev/habitta/app/(owner)/_layout.tsx">
        <metrics statements="8" coveredstatements="0" conditionals="0" coveredconditionals="0" methods="6" coveredmethods="0"/>
        <line num="9" count="0" type="stmt"/>
        <line num="10" count="0" type="stmt"/>
        <line num="12" count="0" type="stmt"/>
        <line num="36" count="0" type="stmt"/>
        <line num="46" count="0" type="stmt"/>
        <line num="57" count="0" type="stmt"/>
        <line num="68" count="0" type="stmt"/>
        <line num="95" count="0" type="stmt"/>
      </file>
    </package>
    <package name="habitta.app.(owner).(applications)">
      <metrics statements="4" coveredstatements="0" conditionals="0" coveredconditionals="0" methods="4" coveredmethods="0"/>
      <file name="_layout.tsx" path="/Users/sebs/Dev/habitta/app/(owner)/(applications)/_layout.tsx">
        <metrics statements="3" coveredstatements="0" conditionals="0" coveredconditionals="0" methods="3" coveredmethods="0"/>
        <line num="5" count="0" type="stmt"/>
        <line num="15" count="0" type="stmt"/>
        <line num="22" count="0" type="stmt"/>
      </file>
      <file name="index.tsx" path="/Users/sebs/Dev/habitta/app/(owner)/(applications)/index.tsx">
        <metrics statements="1" coveredstatements="0" conditionals="0" coveredconditionals="0" methods="1" coveredmethods="0"/>
        <line num="5" count="0" type="stmt"/>
      </file>
    </package>
    <package name="habitta.app.(owner).(applications).documents">
      <metrics statements="0" coveredstatements="0" conditionals="0" coveredconditionals="0" methods="0" coveredmethods="0"/>
      <file name="[id].tsx" path="/Users/sebs/Dev/habitta/app/(owner)/(applications)/documents/[id].tsx">
        <metrics statements="0" coveredstatements="0" conditionals="0" coveredconditionals="0" methods="0" coveredmethods="0"/>
      </file>
    </package>
    <package name="habitta.app.(owner).(home)">
      <metrics statements="4" coveredstatements="0" conditionals="0" coveredconditionals="0" methods="4" coveredmethods="0"/>
      <file name="_layout.tsx" path="/Users/sebs/Dev/habitta/app/(owner)/(home)/_layout.tsx">
        <metrics statements="3" coveredstatements="0" conditionals="0" coveredconditionals="0" methods="3" coveredmethods="0"/>
        <line num="5" count="0" type="stmt"/>
        <line num="15" count="0" type="stmt"/>
        <line num="22" count="0" type="stmt"/>
      </file>
      <file name="index.tsx" path="/Users/sebs/Dev/habitta/app/(owner)/(home)/index.tsx">
        <metrics statements="1" coveredstatements="0" conditionals="0" coveredconditionals="0" methods="1" coveredmethods="0"/>
        <line num="7" count="0" type="stmt"/>
      </file>
    </package>
    <package name="habitta.app.(owner).(leases)">
      <metrics statements="3" coveredstatements="0" conditionals="0" coveredconditionals="0" methods="3" coveredmethods="0"/>
      <file name="_layout.tsx" path="/Users/sebs/Dev/habitta/app/(owner)/(leases)/_layout.tsx">
        <metrics statements="3" coveredstatements="0" conditionals="0" coveredconditionals="0" methods="3" coveredmethods="0"/>
        <line num="5" count="0" type="stmt"/>
        <line num="15" count="0" type="stmt"/>
        <line num="22" count="0" type="stmt"/>
      </file>
      <file name="index.tsx" path="/Users/sebs/Dev/habitta/app/(owner)/(leases)/index.tsx">
        <metrics statements="0" coveredstatements="0" conditionals="0" coveredconditionals="0" methods="0" coveredmethods="0"/>
      </file>
    </package>
    <package name="habitta.app.(owner).(leases).maintenance">
      <metrics statements="65" coveredstatements="0" conditionals="46" coveredconditionals="0" methods="16" coveredmethods="0"/>
      <file name="[id].tsx" path="/Users/sebs/Dev/habitta/app/(owner)/(leases)/maintenance/[id].tsx">
        <metrics statements="0" coveredstatements="0" conditionals="0" coveredconditionals="0" methods="0" coveredmethods="0"/>
      </file>
      <file name="_layout.tsx" path="/Users/sebs/Dev/habitta/app/(owner)/(leases)/maintenance/_layout.tsx">
        <metrics statements="1" coveredstatements="0" conditionals="0" coveredconditionals="0" methods="1" coveredmethods="0"/>
        <line num="4" count="0" type="stmt"/>
      </file>
      <file name="create.tsx" path="/Users/sebs/Dev/habitta/app/(owner)/(leases)/maintenance/create.tsx">
        <metrics statements="64" coveredstatements="0" conditionals="46" coveredconditionals="0" methods="15" coveredmethods="0"/>
        <line num="22" count="0" type="stmt"/>
        <line num="23" count="0" type="stmt"/>
        <line num="24" count="0" type="stmt"/>
        <line num="27" count="0" type="stmt"/>
        <line num="28" count="0" type="stmt"/>
        <line num="29" count="0" type="stmt"/>
        <line num="30" count="0" type="stmt"/>
        <line num="31" count="0" type="stmt"/>
        <line num="32" count="0" type="stmt"/>
        <line num="34" count="0" type="stmt"/>
        <line num="35" count="0" type="stmt"/>
        <line num="36" count="0" type="stmt"/>
        <line num="37" count="0" type="stmt"/>
        <line num="40" count="0" type="stmt"/>
        <line num="41" count="0" type="stmt"/>
        <line num="50" count="0" type="stmt"/>
        <line num="52" count="0" type="cond" truecount="0" falsecount="2"/>
        <line num="53" count="0" type="stmt"/>
        <line num="54" count="0" type="stmt"/>
        <line num="55" count="0" type="stmt"/>
        <line num="58" count="0" type="cond" truecount="0" falsecount="2"/>
        <line num="59" count="0" type="stmt"/>
        <line num="60" count="0" type="stmt"/>
        <line num="61" count="0" type="stmt"/>
        <line num="64" count="0" type="cond" truecount="0" falsecount="2"/>
        <line num="65" count="0" type="stmt"/>
        <line num="66" count="0" type="stmt"/>
        <line num="67" count="0" type="stmt"/>
        <line num="71" count="0" type="stmt"/>
        <line num="72" count="0" type="cond" truecount="0" falsecount="2"/>
        <line num="73" count="0" type="stmt"/>
        <line num="74" count="0" type="stmt"/>
        <line num="75" count="0" type="stmt"/>
        <line num="79" count="0" type="stmt"/>
        <line num="90" count="0" type="cond" truecount="0" falsecount="2"/>
        <line num="92" count="0" type="stmt"/>
        <line num="93" count="0" type="stmt"/>
        <line num="94" count="0" type="stmt"/>
        <line num="95" count="0" type="stmt"/>
        <line num="96" count="0" type="stmt"/>
        <line num="97" count="0" type="stmt"/>
        <line num="100" count="0" type="stmt"/>
        <line num="104" count="0" type="cond" truecount="0" falsecount="2"/>
        <line num="105" count="0" type="stmt"/>
        <line num="114" count="0" type="stmt"/>
        <line num="116" count="0" type="cond" truecount="0" falsecount="2"/>
        <line num="117" count="0" type="stmt"/>
        <line num="128" count="0" type="stmt"/>
        <line num="129" count="0" type="stmt"/>
        <line num="159" count="0" type="stmt"/>
        <line num="160" count="0" type="stmt"/>
        <line num="168" count="0" type="stmt"/>
        <line num="179" count="0" type="stmt"/>
        <line num="180" count="0" type="stmt"/>
        <line num="204" count="0" type="stmt"/>
        <line num="207" count="0" type="stmt"/>
        <line num="208" count="0" type="stmt"/>
        <line num="285" count="0" type="stmt"/>
        <line num="286" count="0" type="stmt"/>
        <line num="305" count="0" type="stmt"/>
        <line num="306" count="0" type="stmt"/>
        <line num="342" count="0" type="stmt"/>
        <line num="345" count="0" type="stmt"/>
        <line num="346" count="0" type="stmt"/>
      </file>
      <file name="index.tsx" path="/Users/sebs/Dev/habitta/app/(owner)/(leases)/maintenance/index.tsx">
        <metrics statements="0" coveredstatements="0" conditionals="0" coveredconditionals="0" methods="0" coveredmethods="0"/>
      </file>
    </package>
    <package name="habitta.app.(owner).(properties)">
      <metrics statements="4" coveredstatements="0" conditionals="0" coveredconditionals="0" methods="4" coveredmethods="0"/>
      <file name="_layout.tsx" path="/Users/sebs/Dev/habitta/app/(owner)/(properties)/_layout.tsx">
        <metrics statements="3" coveredstatements="0" conditionals="0" coveredconditionals="0" methods="3" coveredmethods="0"/>
        <line num="6" count="0" type="stmt"/>
        <line num="16" count="0" type="stmt"/>
        <line num="23" count="0" type="stmt"/>
      </file>
      <file name="index.tsx" path="/Users/sebs/Dev/habitta/app/(owner)/(properties)/index.tsx">
        <metrics statements="1" coveredstatements="0" conditionals="0" coveredconditionals="0" methods="1" coveredmethods="0"/>
        <line num="5" count="0" type="stmt"/>
      </file>
    </package>
    <package name="habitta.app.(owner).(properties).create">
      <metrics statements="4" coveredstatements="0" conditionals="0" coveredconditionals="0" methods="4" coveredmethods="0"/>
      <file name="Form.tsx" path="/Users/sebs/Dev/habitta/app/(owner)/(properties)/create/Form.tsx">
        <metrics statements="1" coveredstatements="0" conditionals="0" coveredconditionals="0" methods="1" coveredmethods="0"/>
        <line num="5" count="0" type="stmt"/>
      </file>
      <file name="step1.tsx" path="/Users/sebs/Dev/habitta/app/(owner)/(properties)/create/step1.tsx">
        <metrics statements="1" coveredstatements="0" conditionals="0" coveredconditionals="0" methods="1" coveredmethods="0"/>
        <line num="6" count="0" type="stmt"/>
      </file>
      <file name="step2.tsx" path="/Users/sebs/Dev/habitta/app/(owner)/(properties)/create/step2.tsx">
        <metrics statements="1" coveredstatements="0" conditionals="0" coveredconditionals="0" methods="1" coveredmethods="0"/>
        <line num="6" count="0" type="stmt"/>
      </file>
      <file name="step3.tsx" path="/Users/sebs/Dev/habitta/app/(owner)/(properties)/create/step3.tsx">
        <metrics statements="1" coveredstatements="0" conditionals="0" coveredconditionals="0" methods="1" coveredmethods="0"/>
        <line num="7" count="0" type="stmt"/>
      </file>
    </package>
    <package name="habitta.app.(owner).(properties).edit">
      <metrics statements="2" coveredstatements="0" conditionals="2" coveredconditionals="0" methods="1" coveredmethods="0"/>
      <file name="[id].tsx" path="/Users/sebs/Dev/habitta/app/(owner)/(properties)/edit/[id].tsx">
        <metrics statements="2" coveredstatements="0" conditionals="2" coveredconditionals="0" methods="1" coveredmethods="0"/>
        <line num="6" count="0" type="stmt"/>
        <line num="8" count="0" type="cond" truecount="0" falsecount="2"/>
      </file>
    </package>
    <package name="habitta.app.(owner).(properties).plans">
      <metrics statements="0" coveredstatements="0" conditionals="0" coveredconditionals="0" methods="0" coveredmethods="0"/>
      <file name="index.tsx" path="/Users/sebs/Dev/habitta/app/(owner)/(properties)/plans/index.tsx">
        <metrics statements="0" coveredstatements="0" conditionals="0" coveredconditionals="0" methods="0" coveredmethods="0"/>
      </file>
    </package>
    <package name="habitta.app.(owner).(review)">
      <metrics statements="6" coveredstatements="0" conditionals="0" coveredconditionals="0" methods="4" coveredmethods="0"/>
      <file name="[reviewId].tsx" path="/Users/sebs/Dev/habitta/app/(owner)/(review)/[reviewId].tsx">
        <metrics statements="2" coveredstatements="0" conditionals="0" coveredconditionals="0" methods="1" coveredmethods="0"/>
        <line num="5" count="0" type="stmt"/>
        <line num="6" count="0" type="stmt"/>
      </file>
      <file name="_layout.tsx" path="/Users/sebs/Dev/habitta/app/(owner)/(review)/_layout.tsx">
        <metrics statements="2" coveredstatements="0" conditionals="0" coveredconditionals="0" methods="2" coveredmethods="0"/>
        <line num="5" count="0" type="stmt"/>
        <line num="15" count="0" type="stmt"/>
      </file>
      <file name="index.tsx" path="/Users/sebs/Dev/habitta/app/(owner)/(review)/index.tsx">
        <metrics statements="2" coveredstatements="0" conditionals="0" coveredconditionals="0" methods="1" coveredmethods="0"/>
        <line num="5" count="0" type="stmt"/>
        <line num="6" count="0" type="stmt"/>
      </file>
    </package>
    <package name="habitta.app.(owner).(settings)">
      <metrics statements="4" coveredstatements="0" conditionals="0" coveredconditionals="0" methods="4" coveredmethods="0"/>
      <file name="_layout.tsx" path="/Users/sebs/Dev/habitta/app/(owner)/(settings)/_layout.tsx">
        <metrics statements="2" coveredstatements="0" conditionals="0" coveredconditionals="0" methods="2" coveredmethods="0"/>
        <line num="6" count="0" type="stmt"/>
        <line num="16" count="0" type="stmt"/>
      </file>
      <file name="index.tsx" path="/Users/sebs/Dev/habitta/app/(owner)/(settings)/index.tsx">
        <metrics statements="1" coveredstatements="0" conditionals="0" coveredconditionals="0" methods="1" coveredmethods="0"/>
        <line num="6" count="0" type="stmt"/>
      </file>
      <file name="profile.tsx" path="/Users/sebs/Dev/habitta/app/(owner)/(settings)/profile.tsx">
        <metrics statements="1" coveredstatements="0" conditionals="0" coveredconditionals="0" methods="1" coveredmethods="0"/>
        <line num="4" count="0" type="stmt"/>
      </file>
    </package>
    <package name="habitta.app.(owner).(settings).editProfile">
      <metrics statements="1" coveredstatements="0" conditionals="2" coveredconditionals="0" methods="1" coveredmethods="0"/>
      <file name="editProfile.tsx" path="/Users/sebs/Dev/habitta/app/(owner)/(settings)/editProfile/editProfile.tsx">
        <metrics statements="1" coveredstatements="0" conditionals="2" coveredconditionals="0" methods="1" coveredmethods="0"/>
        <line num="6" count="0" type="stmt"/>
      </file>
    </package>
    <package name="habitta.app.(owner).(settings).payment">
      <metrics statements="1" coveredstatements="0" conditionals="0" coveredconditionals="0" methods="1" coveredmethods="0"/>
      <file name="viewPayments.tsx" path="/Users/sebs/Dev/habitta/app/(owner)/(settings)/payment/viewPayments.tsx">
        <metrics statements="1" coveredstatements="0" conditionals="0" coveredconditionals="0" methods="1" coveredmethods="0"/>
        <line num="5" count="0" type="stmt"/>
      </file>
    </package>
    <package name="habitta.app.(owner).(settings).payment.make">
      <metrics statements="2" coveredstatements="0" conditionals="2" coveredconditionals="0" methods="1" coveredmethods="0"/>
      <file name="[id].tsx" path="/Users/sebs/Dev/habitta/app/(owner)/(settings)/payment/make/[id].tsx">
        <metrics statements="2" coveredstatements="0" conditionals="2" coveredconditionals="0" methods="1" coveredmethods="0"/>
        <line num="5" count="0" type="stmt"/>
        <line num="7" count="0" type="stmt"/>
      </file>
    </package>
    <package name="habitta.app.(owner).(settings).upload">
      <metrics statements="1" coveredstatements="0" conditionals="0" coveredconditionals="0" methods="1" coveredmethods="0"/>
      <file name="verifyIdentity.tsx" path="/Users/sebs/Dev/habitta/app/(owner)/(settings)/upload/verifyIdentity.tsx">
        <metrics statements="1" coveredstatements="0" conditionals="0" coveredconditionals="0" methods="1" coveredmethods="0"/>
        <line num="4" count="0" type="stmt"/>
      </file>
    </package>
    <package name="habitta.app.(owner).(settings).view">
      <metrics statements="23" coveredstatements="0" conditionals="18" coveredconditionals="0" methods="6" coveredmethods="0"/>
      <file name="myDocuments.tsx" path="/Users/sebs/Dev/habitta/app/(owner)/(settings)/view/myDocuments.tsx">
        <metrics statements="23" coveredstatements="0" conditionals="18" coveredconditionals="0" methods="6" coveredmethods="0"/>
        <line num="8" count="0" type="stmt"/>
        <line num="9" count="0" type="stmt"/>
        <line num="23" count="0" type="stmt"/>
        <line num="24" count="0" type="stmt"/>
        <line num="25" count="0" type="stmt"/>
        <line num="26" count="0" type="stmt"/>
        <line num="28" count="0" type="stmt"/>
        <line num="29" count="0" type="stmt"/>
        <line num="30" count="0" type="stmt"/>
        <line num="31" count="0" type="stmt"/>
        <line num="32" count="0" type="cond" truecount="0" falsecount="2"/>
        <line num="33" count="0" type="cond" truecount="0" falsecount="2"/>
        <line num="34" count="0" type="cond" truecount="0" falsecount="2"/>
        <line num="36" count="0" type="cond" truecount="0" falsecount="2"/>
        <line num="39" count="0" type="cond" truecount="0" falsecount="2"/>
        <line num="41" count="0" type="stmt"/>
        <line num="44" count="0" type="stmt"/>
        <line num="47" count="0" type="cond" truecount="0" falsecount="2"/>
        <line num="48" count="0" type="cond" truecount="0" falsecount="2"/>
        <line num="50" count="0" type="stmt"/>
        <line num="55" count="0" type="stmt"/>
        <line num="56" count="0" type="stmt"/>
        <line num="66" count="0" type="stmt"/>
      </file>
    </package>
    <package name="habitta.app.(user)">
      <metrics statements="7" coveredstatements="0" conditionals="0" coveredconditionals="0" methods="5" coveredmethods="0"/>
      <file name="_layout.tsx" path="/Users/sebs/Dev/habitta/app/(user)/_layout.tsx">
        <metrics statements="7" coveredstatements="0" conditionals="0" coveredconditionals="0" methods="5" coveredmethods="0"/>
        <line num="9" count="0" type="stmt"/>
        <line num="10" count="0" type="stmt"/>
        <line num="12" count="0" type="stmt"/>
        <line num="36" count="0" type="stmt"/>
        <line num="46" count="0" type="stmt"/>
        <line num="57" count="0" type="stmt"/>
        <line num="68" count="0" type="stmt"/>
      </file>
    </package>
    <package name="habitta.app.(user).(applications)">
      <metrics statements="3" coveredstatements="0" conditionals="0" coveredconditionals="0" methods="3" coveredmethods="0"/>
      <file name="_layout.tsx" path="/Users/sebs/Dev/habitta/app/(user)/(applications)/_layout.tsx">
        <metrics statements="3" coveredstatements="0" conditionals="0" coveredconditionals="0" methods="3" coveredmethods="0"/>
        <line num="4" count="0" type="stmt"/>
        <line num="14" count="0" type="stmt"/>
        <line num="21" count="0" type="stmt"/>
      </file>
      <file name="index.tsx" path="/Users/sebs/Dev/habitta/app/(user)/(applications)/index.tsx">
        <metrics statements="0" coveredstatements="0" conditionals="0" coveredconditionals="0" methods="0" coveredmethods="0"/>
      </file>
    </package>
    <package name="habitta.app.(user).(applications).documents">
      <metrics statements="0" coveredstatements="0" conditionals="0" coveredconditionals="0" methods="0" coveredmethods="0"/>
      <file name="[id].tsx" path="/Users/sebs/Dev/habitta/app/(user)/(applications)/documents/[id].tsx">
        <metrics statements="0" coveredstatements="0" conditionals="0" coveredconditionals="0" methods="0" coveredmethods="0"/>
      </file>
    </package>
    <package name="habitta.app.(user).(applications).view-documents">
      <metrics statements="0" coveredstatements="0" conditionals="0" coveredconditionals="0" methods="0" coveredmethods="0"/>
      <file name="[id].tsx" path="/Users/sebs/Dev/habitta/app/(user)/(applications)/view-documents/[id].tsx">
        <metrics statements="0" coveredstatements="0" conditionals="0" coveredconditionals="0" methods="0" coveredmethods="0"/>
      </file>
    </package>
    <package name="habitta.app.(user).(home)">
      <metrics statements="5" coveredstatements="0" conditionals="0" coveredconditionals="0" methods="5" coveredmethods="0"/>
      <file name="[id].tsx" path="/Users/sebs/Dev/habitta/app/(user)/(home)/[id].tsx">
        <metrics statements="1" coveredstatements="0" conditionals="0" coveredconditionals="0" methods="1" coveredmethods="0"/>
        <line num="5" count="0" type="stmt"/>
      </file>
      <file name="_layout.tsx" path="/Users/sebs/Dev/habitta/app/(user)/(home)/_layout.tsx">
        <metrics statements="3" coveredstatements="0" conditionals="0" coveredconditionals="0" methods="3" coveredmethods="0"/>
        <line num="4" count="0" type="stmt"/>
        <line num="14" count="0" type="stmt"/>
        <line num="21" count="0" type="stmt"/>
      </file>
      <file name="index.tsx" path="/Users/sebs/Dev/habitta/app/(user)/(home)/index.tsx">
        <metrics statements="1" coveredstatements="0" conditionals="0" coveredconditionals="0" methods="1" coveredmethods="0"/>
        <line num="5" count="0" type="stmt"/>
      </file>
    </package>
    <package name="habitta.app.(user).(leases)">
      <metrics statements="3" coveredstatements="0" conditionals="0" coveredconditionals="0" methods="3" coveredmethods="0"/>
      <file name="_layout.tsx" path="/Users/sebs/Dev/habitta/app/(user)/(leases)/_layout.tsx">
        <metrics statements="3" coveredstatements="0" conditionals="0" coveredconditionals="0" methods="3" coveredmethods="0"/>
        <line num="5" count="0" type="stmt"/>
        <line num="15" count="0" type="stmt"/>
        <line num="22" count="0" type="stmt"/>
      </file>
      <file name="index.tsx" path="/Users/sebs/Dev/habitta/app/(user)/(leases)/index.tsx">
        <metrics statements="0" coveredstatements="0" conditionals="0" coveredconditionals="0" methods="0" coveredmethods="0"/>
      </file>
    </package>
    <package name="habitta.app.(user).(leases).maintenance">
      <metrics statements="0" coveredstatements="0" conditionals="0" coveredconditionals="0" methods="0" coveredmethods="0"/>
      <file name="index.tsx" path="/Users/sebs/Dev/habitta/app/(user)/(leases)/maintenance/index.tsx">
        <metrics statements="0" coveredstatements="0" conditionals="0" coveredconditionals="0" methods="0" coveredmethods="0"/>
      </file>
      <file name="request.tsx" path="/Users/sebs/Dev/habitta/app/(user)/(leases)/maintenance/request.tsx">
        <metrics statements="0" coveredstatements="0" conditionals="0" coveredconditionals="0" methods="0" coveredmethods="0"/>
      </file>
    </package>
    <package name="habitta.app.(user).(review)">
      <metrics statements="6" coveredstatements="0" conditionals="0" coveredconditionals="0" methods="4" coveredmethods="0"/>
      <file name="[reviewId].tsx" path="/Users/sebs/Dev/habitta/app/(user)/(review)/[reviewId].tsx">
        <metrics statements="2" coveredstatements="0" conditionals="0" coveredconditionals="0" methods="1" coveredmethods="0"/>
        <line num="4" count="0" type="stmt"/>
        <line num="5" count="0" type="stmt"/>
      </file>
      <file name="_layout.tsx" path="/Users/sebs/Dev/habitta/app/(user)/(review)/_layout.tsx">
        <metrics statements="2" coveredstatements="0" conditionals="0" coveredconditionals="0" methods="2" coveredmethods="0"/>
        <line num="4" count="0" type="stmt"/>
        <line num="14" count="0" type="stmt"/>
      </file>
      <file name="index.tsx" path="/Users/sebs/Dev/habitta/app/(user)/(review)/index.tsx">
        <metrics statements="2" coveredstatements="0" conditionals="0" coveredconditionals="0" methods="1" coveredmethods="0"/>
        <line num="5" count="0" type="stmt"/>
        <line num="6" count="0" type="stmt"/>
      </file>
    </package>
    <package name="habitta.app.(user).(settings)">
      <metrics statements="5" coveredstatements="0" conditionals="2" coveredconditionals="0" methods="5" coveredmethods="0"/>
      <file name="_layout.tsx" path="/Users/sebs/Dev/habitta/app/(user)/(settings)/_layout.tsx">
        <metrics statements="2" coveredstatements="0" conditionals="0" coveredconditionals="0" methods="2" coveredmethods="0"/>
        <line num="6" count="0" type="stmt"/>
        <line num="16" count="0" type="stmt"/>
      </file>
      <file name="editProfile.tsx" path="/Users/sebs/Dev/habitta/app/(user)/(settings)/editProfile.tsx">
        <metrics statements="1" coveredstatements="0" conditionals="2" coveredconditionals="0" methods="1" coveredmethods="0"/>
        <line num="6" count="0" type="stmt"/>
      </file>
      <file name="index.tsx" path="/Users/sebs/Dev/habitta/app/(user)/(settings)/index.tsx">
        <metrics statements="1" coveredstatements="0" conditionals="0" coveredconditionals="0" methods="1" coveredmethods="0"/>
        <line num="6" count="0" type="stmt"/>
      </file>
      <file name="profile.tsx" path="/Users/sebs/Dev/habitta/app/(user)/(settings)/profile.tsx">
        <metrics statements="1" coveredstatements="0" conditionals="0" coveredconditionals="0" methods="1" coveredmethods="0"/>
        <line num="4" count="0" type="stmt"/>
      </file>
    </package>
    <package name="habitta.app.(user).(settings).payment">
      <metrics statements="1" coveredstatements="0" conditionals="0" coveredconditionals="0" methods="1" coveredmethods="0"/>
      <file name="viewPayments.tsx" path="/Users/sebs/Dev/habitta/app/(user)/(settings)/payment/viewPayments.tsx">
        <metrics statements="1" coveredstatements="0" conditionals="0" coveredconditionals="0" methods="1" coveredmethods="0"/>
        <line num="5" count="0" type="stmt"/>
      </file>
    </package>
    <package name="habitta.app.(user).(settings).payment.make">
      <metrics statements="2" coveredstatements="0" conditionals="2" coveredconditionals="0" methods="1" coveredmethods="0"/>
      <file name="[id].tsx" path="/Users/sebs/Dev/habitta/app/(user)/(settings)/payment/make/[id].tsx">
        <metrics statements="2" coveredstatements="0" conditionals="2" coveredconditionals="0" methods="1" coveredmethods="0"/>
        <line num="5" count="0" type="stmt"/>
        <line num="7" count="0" type="stmt"/>
      </file>
    </package>
    <package name="habitta.app.auth">
      <metrics statements="4" coveredstatements="0" conditionals="0" coveredconditionals="0" methods="3" coveredmethods="0"/>
      <file name="_layout.tsx" path="/Users/sebs/Dev/habitta/app/auth/_layout.tsx">
        <metrics statements="2" coveredstatements="0" conditionals="0" coveredconditionals="0" methods="1" coveredmethods="0"/>
        <line num="6" count="0" type="stmt"/>
        <line num="8" count="0" type="stmt"/>
      </file>
      <file name="login.tsx" path="/Users/sebs/Dev/habitta/app/auth/login.tsx">
        <metrics statements="1" coveredstatements="0" conditionals="0" coveredconditionals="0" methods="1" coveredmethods="0"/>
        <line num="7" count="0" type="stmt"/>
      </file>
      <file name="register.tsx" path="/Users/sebs/Dev/habitta/app/auth/register.tsx">
        <metrics statements="1" coveredstatements="0" conditionals="0" coveredconditionals="0" methods="1" coveredmethods="0"/>
        <line num="6" count="0" type="stmt"/>
      </file>
    </package>
    <package name="habitta.app.auth.verify">
      <metrics statements="2" coveredstatements="0" conditionals="2" coveredconditionals="0" methods="1" coveredmethods="0"/>
      <file name="[id].tsx" path="/Users/sebs/Dev/habitta/app/auth/verify/[id].tsx">
        <metrics statements="2" coveredstatements="0" conditionals="2" coveredconditionals="0" methods="1" coveredmethods="0"/>
        <line num="6" count="0" type="stmt"/>
        <line num="8" count="0" type="cond" truecount="0" falsecount="2"/>
      </file>
    </package>
    <package name="habitta.components.SplashScreen">
      <metrics statements="2" coveredstatements="0" conditionals="0" coveredconditionals="0" methods="1" coveredmethods="0"/>
      <file name="SplashScreen.tsx" path="/Users/sebs/Dev/habitta/components/SplashScreen/SplashScreen.tsx">
        <metrics statements="2" coveredstatements="0" conditionals="0" coveredconditionals="0" methods="1" coveredmethods="0"/>
        <line num="7" count="0" type="stmt"/>
        <line num="9" count="0" type="stmt"/>
      </file>
    </package>
    <package name="habitta.components.atoms">
      <metrics statements="421" coveredstatements="54" conditionals="534" coveredconditionals="33" methods="97" coveredmethods="10"/>
      <file name="AlertModal.tsx" path="/Users/sebs/Dev/habitta/components/atoms/AlertModal.tsx">
        <metrics statements="8" coveredstatements="0" conditionals="4" coveredconditionals="0" methods="3" coveredmethods="0"/>
        <line num="25" count="0" type="stmt"/>
        <line num="57" count="0" type="stmt"/>
        <line num="58" count="0" type="cond" truecount="0" falsecount="2"/>
        <line num="60" count="0" type="stmt"/>
        <line num="61" count="0" type="stmt"/>
        <line num="62" count="0" type="stmt"/>
        <line num="65" count="0" type="stmt"/>
        <line num="79" count="0" type="stmt"/>
      </file>
      <file name="AuthInput.tsx" path="/Users/sebs/Dev/habitta/components/atoms/AuthInput.tsx">
        <metrics statements="6" coveredstatements="0" conditionals="7" coveredconditionals="0" methods="2" coveredmethods="0"/>
        <line num="15" count="0" type="stmt"/>
        <line num="16" count="0" type="stmt"/>
        <line num="21" count="0" type="cond" truecount="0" falsecount="2"/>
        <line num="22" count="0" type="stmt"/>
        <line num="32" count="0" type="stmt"/>
        <line num="43" count="0" type="stmt"/>
      </file>
      <file name="Avatar.tsx" path="/Users/sebs/Dev/habitta/components/atoms/Avatar.tsx">
        <metrics statements="6" coveredstatements="0" conditionals="5" coveredconditionals="0" methods="3" coveredmethods="0"/>
        <line num="24" count="0" type="stmt"/>
        <line num="30" count="0" type="stmt"/>
        <line num="42" count="0" type="stmt"/>
        <line num="53" count="0" type="cond" truecount="0" falsecount="2"/>
        <line num="55" count="0" type="stmt"/>
        <line num="70" count="0" type="stmt"/>
      </file>
      <file name="Badge.tsx" path="/Users/sebs/Dev/habitta/components/atoms/Badge.tsx">
        <metrics statements="3" coveredstatements="3" conditionals="2" coveredconditionals="2" methods="1" coveredmethods="1"/>
        <line num="14" count="1" type="stmt"/>
        <line num="23" count="1" type="stmt"/>
        <line num="39" count="6" type="stmt"/>
      </file>
      <file name="Button.tsx" path="/Users/sebs/Dev/habitta/components/atoms/Button.tsx">
        <metrics statements="38" coveredstatements="0" conditionals="22" coveredconditionals="0" methods="3" coveredmethods="0"/>
        <line num="19" count="0" type="stmt"/>
        <line num="20" count="0" type="stmt"/>
        <line num="23" count="0" type="cond" truecount="0" falsecount="3"/>
        <line num="25" count="0" type="stmt"/>
        <line num="26" count="0" type="stmt"/>
        <line num="28" count="0" type="stmt"/>
        <line num="29" count="0" type="stmt"/>
        <line num="31" count="0" type="stmt"/>
        <line num="35" count="0" type="cond" truecount="0" falsecount="2"/>
        <line num="36" count="0" type="stmt"/>
        <line num="38" count="0" type="cond" truecount="0" falsecount="5"/>
        <line num="40" count="0" type="stmt"/>
        <line num="41" count="0" type="stmt"/>
        <line num="43" count="0" type="stmt"/>
        <line num="44" count="0" type="stmt"/>
        <line num="46" count="0" type="stmt"/>
        <line num="47" count="0" type="stmt"/>
        <line num="49" count="0" type="stmt"/>
        <line num="50" count="0" type="stmt"/>
        <line num="52" count="0" type="stmt"/>
        <line num="56" count="0" type="stmt"/>
        <line num="59" count="0" type="stmt"/>
        <line num="60" count="0" type="stmt"/>
        <line num="63" count="0" type="cond" truecount="0" falsecount="3"/>
        <line num="65" count="0" type="stmt"/>
        <line num="66" count="0" type="stmt"/>
        <line num="68" count="0" type="stmt"/>
        <line num="69" count="0" type="stmt"/>
        <line num="71" count="0" type="stmt"/>
        <line num="75" count="0" type="cond" truecount="0" falsecount="2"/>
        <line num="76" count="0" type="stmt"/>
        <line num="77" count="0" type="cond" truecount="0" falsecount="2"/>
        <line num="78" count="0" type="stmt"/>
        <line num="79" count="0" type="cond" truecount="0" falsecount="2"/>
        <line num="80" count="0" type="stmt"/>
        <line num="82" count="0" type="stmt"/>
        <line num="85" count="0" type="stmt"/>
        <line num="88" count="0" type="stmt"/>
      </file>
      <file name="ButtonAtom.tsx" path="/Users/sebs/Dev/habitta/components/atoms/ButtonAtom.tsx">
        <metrics statements="30" coveredstatements="29" conditionals="42" coveredconditionals="19" methods="7" coveredmethods="7"/>
        <line num="33" count="7" type="stmt"/>
        <line num="34" count="7" type="stmt"/>
        <line num="47" count="7" type="stmt"/>
        <line num="51" count="7" type="stmt"/>
        <line num="52" count="7" type="stmt"/>
        <line num="65" count="7" type="stmt"/>
        <line num="69" count="7" type="stmt"/>
        <line num="70" count="7" type="stmt"/>
        <line num="76" count="7" type="stmt"/>
        <line num="80" count="7" type="stmt"/>
        <line num="81" count="7" type="stmt"/>
        <line num="87" count="7" type="stmt"/>
        <line num="90" count="7" type="stmt"/>
        <line num="91" count="7" type="stmt"/>
        <line num="92" count="7" type="stmt"/>
        <line num="93" count="7" type="stmt"/>
        <line num="96" count="7" type="cond" truecount="2" falsecount="0"/>
        <line num="97" count="7" type="cond" truecount="2" falsecount="0"/>
        <line num="98" count="7" type="cond" truecount="1" falsecount="1"/>
        <line num="101" count="7" type="stmt"/>
        <line num="112" count="7" type="stmt"/>
        <line num="115" count="7" type="stmt"/>
        <line num="116" count="7" type="cond" truecount="2" falsecount="0"/>
        <line num="117" count="1" type="stmt"/>
        <line num="135" count="6" type="cond" truecount="1" falsecount="1"/>
        <line num="136" count="0" type="stmt"/>
        <line num="166" count="6" type="stmt"/>
        <line num="176" count="7" type="stmt"/>
        <line num="190" count="1" type="stmt"/>
        <line num="191" count="1" type="stmt"/>
      </file>
      <file name="Card.tsx" path="/Users/sebs/Dev/habitta/components/atoms/Card.tsx">
        <metrics statements="4" coveredstatements="0" conditionals="4" coveredconditionals="0" methods="4" coveredmethods="0"/>
        <line num="29" count="0" type="stmt"/>
        <line num="40" count="0" type="stmt"/>
        <line num="51" count="0" type="stmt"/>
        <line num="62" count="0" type="stmt"/>
      </file>
      <file name="ConfirmModal.tsx" path="/Users/sebs/Dev/habitta/components/atoms/ConfirmModal.tsx">
        <metrics statements="13" coveredstatements="0" conditionals="17" coveredconditionals="0" methods="5" coveredmethods="0"/>
        <line num="34" count="0" type="stmt"/>
        <line num="36" count="0" type="stmt"/>
        <line num="37" count="0" type="stmt"/>
        <line num="38" count="0" type="cond" truecount="0" falsecount="2"/>
        <line num="39" count="0" type="stmt"/>
        <line num="42" count="0" type="stmt"/>
        <line num="43" count="0" type="stmt"/>
        <line num="44" count="0" type="stmt"/>
        <line num="47" count="0" type="stmt"/>
        <line num="48" count="0" type="cond" truecount="0" falsecount="2"/>
        <line num="49" count="0" type="stmt"/>
        <line num="50" count="0" type="stmt"/>
        <line num="54" count="0" type="stmt"/>
      </file>
      <file name="FileUploader.tsx" path="/Users/sebs/Dev/habitta/components/atoms/FileUploader.tsx">
        <metrics statements="18" coveredstatements="0" conditionals="25" coveredconditionals="0" methods="3" coveredmethods="0"/>
        <line num="24" count="0" type="stmt"/>
        <line num="25" count="0" type="stmt"/>
        <line num="27" count="0" type="stmt"/>
        <line num="28" count="0" type="cond" truecount="0" falsecount="2"/>
        <line num="30" count="0" type="stmt"/>
        <line num="31" count="0" type="stmt"/>
        <line num="37" count="0" type="cond" truecount="0" falsecount="4"/>
        <line num="39" count="0" type="stmt"/>
        <line num="41" count="0" type="cond" truecount="0" falsecount="2"/>
        <line num="42" count="0" type="stmt"/>
        <line num="48" count="0" type="stmt"/>
        <line num="51" count="0" type="stmt"/>
        <line num="52" count="0" type="stmt"/>
        <line num="57" count="0" type="stmt"/>
        <line num="58" count="0" type="cond" truecount="0" falsecount="2"/>
        <line num="59" count="0" type="stmt"/>
        <line num="62" count="0" type="cond" truecount="0" falsecount="2"/>
        <line num="64" count="0" type="stmt"/>
      </file>
      <file name="FileViewer.tsx" path="/Users/sebs/Dev/habitta/components/atoms/FileViewer.tsx">
        <metrics statements="25" coveredstatements="0" conditionals="14" coveredconditionals="0" methods="5" coveredmethods="0"/>
        <line num="18" count="0" type="stmt"/>
        <line num="19" count="0" type="cond" truecount="0" falsecount="4"/>
        <line num="20" count="0" type="stmt"/>
        <line num="23" count="0" type="cond" truecount="0" falsecount="2"/>
        <line num="24" count="0" type="stmt"/>
        <line num="25" count="0" type="stmt"/>
        <line num="26" count="0" type="stmt"/>
        <line num="28" count="0" type="stmt"/>
        <line num="29" count="0" type="stmt"/>
        <line num="30" count="0" type="stmt"/>
        <line num="32" count="0" type="stmt"/>
        <line num="33" count="0" type="stmt"/>
        <line num="37" count="0" type="stmt"/>
        <line num="38" count="0" type="stmt"/>
        <line num="39" count="0" type="stmt"/>
        <line num="40" count="0" type="stmt"/>
        <line num="42" count="0" type="stmt"/>
        <line num="43" count="0" type="stmt"/>
        <line num="45" count="0" type="stmt"/>
        <line num="46" count="0" type="stmt"/>
        <line num="50" count="0" type="stmt"/>
        <line num="52" count="0" type="stmt"/>
        <line num="60" count="0" type="stmt"/>
        <line num="61" count="0" type="stmt"/>
        <line num="107" count="0" type="stmt"/>
      </file>
      <file name="HeaderBackButton.tsx" path="/Users/sebs/Dev/habitta/components/atoms/HeaderBackButton.tsx">
        <metrics statements="5" coveredstatements="0" conditionals="11" coveredconditionals="0" methods="2" coveredmethods="0"/>
        <line num="24" count="0" type="stmt"/>
        <line num="27" count="0" type="cond" truecount="0" falsecount="2"/>
        <line num="29" count="0" type="cond" truecount="0" falsecount="4"/>
        <line num="31" count="0" type="stmt"/>
        <line num="33" count="0" type="cond" truecount="0" falsecount="2"/>
      </file>
      <file name="IconButton.tsx" path="/Users/sebs/Dev/habitta/components/atoms/IconButton.tsx">
        <metrics statements="3" coveredstatements="0" conditionals="7" coveredconditionals="0" methods="1" coveredmethods="0"/>
        <line num="20" count="0" type="cond" truecount="0" falsecount="2"/>
        <line num="21" count="0" type="stmt"/>
        <line num="24" count="0" type="stmt"/>
      </file>
      <file name="ImageCarousel.tsx" path="/Users/sebs/Dev/habitta/components/atoms/ImageCarousel.tsx">
        <metrics statements="9" coveredstatements="0" conditionals="7" coveredconditionals="0" methods="3" coveredmethods="0"/>
        <line num="10" count="0" type="stmt"/>
        <line num="12" count="0" type="stmt"/>
        <line num="13" count="0" type="stmt"/>
        <line num="14" count="0" type="stmt"/>
        <line num="15" count="0" type="stmt"/>
        <line num="18" count="0" type="cond" truecount="0" falsecount="4"/>
        <line num="19" count="0" type="stmt"/>
        <line num="29" count="0" type="stmt"/>
        <line num="38" count="0" type="stmt"/>
      </file>
      <file name="ImageUploader.tsx" path="/Users/sebs/Dev/habitta/components/atoms/ImageUploader.tsx">
        <metrics statements="46" coveredstatements="0" conditionals="51" coveredconditionals="0" methods="8" coveredmethods="0"/>
        <line num="32" count="0" type="stmt"/>
        <line num="33" count="0" type="cond" truecount="0" falsecount="2"/>
        <line num="36" count="0" type="stmt"/>
        <line num="37" count="0" type="cond" truecount="0" falsecount="2"/>
        <line num="38" count="0" type="stmt"/>
        <line num="39" count="0" type="cond" truecount="0" falsecount="2"/>
        <line num="40" count="0" type="stmt"/>
        <line num="41" count="0" type="stmt"/>
        <line num="44" count="0" type="stmt"/>
        <line num="45" count="0" type="cond" truecount="0" falsecount="2"/>
        <line num="46" count="0" type="stmt"/>
        <line num="47" count="0" type="stmt"/>
        <line num="50" count="0" type="stmt"/>
        <line num="53" count="0" type="stmt"/>
        <line num="54" count="0" type="cond" truecount="0" falsecount="2"/>
        <line num="56" count="0" type="stmt"/>
        <line num="57" count="0" type="stmt"/>
        <line num="58" count="0" type="cond" truecount="0" falsecount="2"/>
        <line num="60" count="0" type="stmt"/>
        <line num="69" count="0" type="cond" truecount="0" falsecount="2"/>
        <line num="70" count="0" type="stmt"/>
        <line num="72" count="0" type="stmt"/>
        <line num="75" count="0" type="cond" truecount="0" falsecount="4"/>
        <line num="77" count="0" type="stmt"/>
        <line num="79" count="0" type="cond" truecount="0" falsecount="2"/>
        <line num="80" count="0" type="stmt"/>
        <line num="86" count="0" type="stmt"/>
        <line num="89" count="0" type="stmt"/>
        <line num="90" count="0" type="stmt"/>
        <line num="94" count="0" type="stmt"/>
        <line num="95" count="0" type="cond" truecount="0" falsecount="2"/>
        <line num="96" count="0" type="stmt"/>
        <line num="97" count="0" type="cond" truecount="0" falsecount="2"/>
        <line num="98" count="0" type="stmt"/>
        <line num="101" count="0" type="stmt"/>
        <line num="105" count="0" type="stmt"/>
        <line num="106" count="0" type="stmt"/>
        <line num="114" count="0" type="stmt"/>
        <line num="115" count="0" type="cond" truecount="0" falsecount="2"/>
        <line num="116" count="0" type="stmt"/>
        <line num="119" count="0" type="cond" truecount="0" falsecount="2"/>
        <line num="122" count="0" type="stmt"/>
        <line num="123" count="0" type="cond" truecount="0" falsecount="2"/>
        <line num="124" count="0" type="stmt"/>
        <line num="146" count="0" type="stmt"/>
        <line num="165" count="0" type="stmt"/>
      </file>
      <file name="Input.tsx" path="/Users/sebs/Dev/habitta/components/atoms/Input.tsx">
        <metrics statements="10" coveredstatements="0" conditionals="20" coveredconditionals="0" methods="3" coveredmethods="0"/>
        <line num="46" count="0" type="stmt"/>
        <line num="47" count="0" type="cond" truecount="0" falsecount="4"/>
        <line num="48" count="0" type="stmt"/>
        <line num="51" count="0" type="cond" truecount="0" falsecount="2"/>
        <line num="52" count="0" type="stmt"/>
        <line num="56" count="0" type="stmt"/>
        <line num="57" count="0" type="cond" truecount="0" falsecount="2"/>
        <line num="58" count="0" type="stmt"/>
        <line num="64" count="0" type="stmt"/>
        <line num="71" count="0" type="stmt"/>
      </file>
      <file name="InputForm.tsx" path="/Users/sebs/Dev/habitta/components/atoms/InputForm.tsx">
        <metrics statements="5" coveredstatements="0" conditionals="12" coveredconditionals="0" methods="2" coveredmethods="0"/>
        <line num="26" count="0" type="stmt"/>
        <line num="27" count="0" type="cond" truecount="0" falsecount="2"/>
        <line num="28" count="0" type="stmt"/>
        <line num="40" count="0" type="stmt"/>
        <line num="52" count="0" type="stmt"/>
      </file>
      <file name="Label.tsx" path="/Users/sebs/Dev/habitta/components/atoms/Label.tsx">
        <metrics statements="28" coveredstatements="22" conditionals="15" coveredconditionals="12" methods="2" coveredmethods="2"/>
        <line num="17" count="7" type="stmt"/>
        <line num="18" count="7" type="stmt"/>
        <line num="21" count="7" type="cond" truecount="3" falsecount="1"/>
        <line num="23" count="1" type="stmt"/>
        <line num="24" count="1" type="stmt"/>
        <line num="26" count="1" type="stmt"/>
        <line num="27" count="1" type="stmt"/>
        <line num="29" count="0" type="stmt"/>
        <line num="30" count="0" type="stmt"/>
        <line num="32" count="5" type="stmt"/>
        <line num="36" count="7" type="cond" truecount="2" falsecount="2"/>
        <line num="38" count="0" type="stmt"/>
        <line num="39" count="0" type="stmt"/>
        <line num="41" count="0" type="stmt"/>
        <line num="42" count="0" type="stmt"/>
        <line num="44" count="1" type="stmt"/>
        <line num="45" count="1" type="stmt"/>
        <line num="47" count="6" type="stmt"/>
        <line num="51" count="7" type="cond" truecount="4" falsecount="0"/>
        <line num="53" count="1" type="stmt"/>
        <line num="54" count="1" type="stmt"/>
        <line num="56" count="1" type="stmt"/>
        <line num="57" count="1" type="stmt"/>
        <line num="59" count="1" type="stmt"/>
        <line num="60" count="1" type="stmt"/>
        <line num="62" count="4" type="stmt"/>
        <line num="65" count="7" type="stmt"/>
        <line num="68" count="7" type="stmt"/>
      </file>
      <file name="ModernButton.tsx" path="/Users/sebs/Dev/habitta/components/atoms/ModernButton.tsx">
        <metrics statements="26" coveredstatements="0" conditionals="35" coveredconditionals="0" methods="6" coveredmethods="0"/>
        <line num="27" count="0" type="stmt"/>
        <line num="28" count="0" type="cond" truecount="0" falsecount="4"/>
        <line num="31" count="0" type="cond" truecount="0" falsecount="2"/>
        <line num="32" count="0" type="stmt"/>
        <line num="33" count="0" type="cond" truecount="0" falsecount="3"/>
        <line num="35" count="0" type="stmt"/>
        <line num="36" count="0" type="stmt"/>
        <line num="38" count="0" type="stmt"/>
        <line num="39" count="0" type="stmt"/>
        <line num="41" count="0" type="stmt"/>
        <line num="42" count="0" type="stmt"/>
        <line num="45" count="0" type="stmt"/>
        <line num="50" count="0" type="stmt"/>
        <line num="52" count="0" type="stmt"/>
        <line num="53" count="0" type="stmt"/>
        <line num="65" count="0" type="cond" truecount="0" falsecount="2"/>
        <line num="66" count="0" type="stmt"/>
        <line num="73" count="0" type="stmt"/>
        <line num="82" count="0" type="stmt"/>
        <line num="83" count="0" type="cond" truecount="0" falsecount="2"/>
        <line num="84" count="0" type="stmt"/>
        <line num="91" count="0" type="stmt"/>
        <line num="99" count="0" type="stmt"/>
        <line num="100" count="0" type="cond" truecount="0" falsecount="5"/>
        <line num="102" count="0" type="stmt"/>
        <line num="106" count="0" type="stmt"/>
      </file>
      <file name="NumericField.tsx" path="/Users/sebs/Dev/habitta/components/atoms/NumericField.tsx">
        <metrics statements="33" coveredstatements="0" conditionals="49" coveredconditionals="0" methods="3" coveredmethods="0"/>
        <line num="46" count="0" type="stmt"/>
        <line num="51" count="0" type="stmt"/>
        <line num="52" count="0" type="cond" truecount="0" falsecount="4"/>
        <line num="53" count="0" type="cond" truecount="0" falsecount="2"/>
        <line num="57" count="0" type="stmt"/>
        <line num="58" count="0" type="stmt"/>
        <line num="61" count="0" type="cond" truecount="0" falsecount="2"/>
        <line num="62" count="0" type="cond" truecount="0" falsecount="2"/>
        <line num="65" count="0" type="stmt"/>
        <line num="68" count="0" type="cond" truecount="0" falsecount="2"/>
        <line num="69" count="0" type="cond" truecount="0" falsecount="2"/>
        <line num="72" count="0" type="stmt"/>
        <line num="73" count="0" type="cond" truecount="0" falsecount="2"/>
        <line num="74" count="0" type="stmt"/>
        <line num="79" count="0" type="stmt"/>
        <line num="80" count="0" type="cond" truecount="0" falsecount="2"/>
        <line num="81" count="0" type="cond" truecount="0" falsecount="2"/>
        <line num="82" count="0" type="stmt"/>
        <line num="85" count="0" type="stmt"/>
        <line num="86" count="0" type="cond" truecount="0" falsecount="4"/>
        <line num="87" count="0" type="stmt"/>
        <line num="88" count="0" type="cond" truecount="0" falsecount="4"/>
        <line num="89" count="0" type="stmt"/>
        <line num="91" count="0" type="stmt"/>
        <line num="94" count="0" type="cond" truecount="0" falsecount="2"/>
        <line num="96" count="0" type="stmt"/>
        <line num="101" count="0" type="cond" truecount="0" falsecount="7"/>
        <line num="102" count="0" type="stmt"/>
        <line num="103" count="0" type="stmt"/>
        <line num="107" count="0" type="cond" truecount="0" falsecount="2"/>
        <line num="108" count="0" type="cond" truecount="0" falsecount="2"/>
        <line num="109" count="0" type="stmt"/>
        <line num="113" count="0" type="stmt"/>
      </file>
      <file name="OptionModal.tsx" path="/Users/sebs/Dev/habitta/components/atoms/OptionModal.tsx">
        <metrics statements="2" coveredstatements="0" conditionals="6" coveredconditionals="0" methods="1" coveredmethods="0"/>
        <line num="31" count="0" type="stmt"/>
        <line num="68" count="0" type="stmt"/>
      </file>
      <file name="PaymentModal.tsx" path="/Users/sebs/Dev/habitta/components/atoms/PaymentModal.tsx">
        <metrics statements="8" coveredstatements="0" conditionals="21" coveredconditionals="0" methods="2" coveredmethods="0"/>
        <line num="14" count="0" type="cond" truecount="0" falsecount="2"/>
        <line num="15" count="0" type="stmt"/>
        <line num="16" count="0" type="stmt"/>
        <line num="24" count="0" type="stmt"/>
        <line num="28" count="0" type="stmt"/>
        <line num="41" count="0" type="cond" truecount="0" falsecount="2"/>
        <line num="42" count="0" type="cond" truecount="0" falsecount="3"/>
        <line num="44" count="0" type="stmt"/>
      </file>
      <file name="PhoneCallButton.tsx" path="/Users/sebs/Dev/habitta/components/atoms/PhoneCallButton.tsx">
        <metrics statements="13" coveredstatements="0" conditionals="12" coveredconditionals="0" methods="4" coveredmethods="0"/>
        <line num="16" count="0" type="stmt"/>
        <line num="18" count="0" type="stmt"/>
        <line num="21" count="0" type="stmt"/>
        <line num="23" count="0" type="stmt"/>
        <line num="25" count="0" type="cond" truecount="0" falsecount="2"/>
        <line num="26" count="0" type="stmt"/>
        <line num="28" count="0" type="stmt"/>
        <line num="31" count="0" type="stmt"/>
        <line num="34" count="0" type="cond" truecount="0" falsecount="2"/>
        <line num="35" count="0" type="stmt"/>
        <line num="46" count="0" type="cond" truecount="0" falsecount="2"/>
        <line num="47" count="0" type="stmt"/>
        <line num="60" count="0" type="stmt"/>
      </file>
      <file name="Picker.tsx" path="/Users/sebs/Dev/habitta/components/atoms/Picker.tsx">
        <metrics statements="12" coveredstatements="0" conditionals="17" coveredconditionals="0" methods="4" coveredmethods="0"/>
        <line num="21" count="0" type="stmt"/>
        <line num="36" count="0" type="stmt"/>
        <line num="37" count="0" type="stmt"/>
        <line num="68" count="0" type="stmt"/>
        <line num="71" count="0" type="stmt"/>
        <line num="74" count="0" type="stmt"/>
        <line num="81" count="0" type="stmt"/>
        <line num="82" count="0" type="cond" truecount="0" falsecount="2"/>
        <line num="83" count="0" type="stmt"/>
        <line num="89" count="0" type="stmt"/>
        <line num="96" count="0" type="stmt"/>
        <line num="124" count="0" type="stmt"/>
      </file>
      <file name="PlanCard.tsx" path="/Users/sebs/Dev/habitta/components/atoms/PlanCard.tsx">
        <metrics statements="23" coveredstatements="0" conditionals="55" coveredconditionals="0" methods="5" coveredmethods="0"/>
        <line num="18" count="0" type="stmt"/>
        <line num="19" count="0" type="cond" truecount="0" falsecount="2"/>
        <line num="20" count="0" type="stmt"/>
        <line num="21" count="0" type="cond" truecount="0" falsecount="5"/>
        <line num="22" count="0" type="cond" truecount="0" falsecount="4"/>
        <line num="23" count="0" type="cond" truecount="0" falsecount="5"/>
        <line num="24" count="0" type="cond" truecount="0" falsecount="2"/>
        <line num="25" count="0" type="stmt"/>
        <line num="28" count="0" type="stmt"/>
        <line num="78" count="0" type="stmt"/>
        <line num="79" count="0" type="cond" truecount="0" falsecount="2"/>
        <line num="80" count="0" type="cond" truecount="0" falsecount="2"/>
        <line num="81" count="0" type="stmt"/>
        <line num="82" count="0" type="stmt"/>
        <line num="83" count="0" type="stmt"/>
        <line num="84" count="0" type="cond" truecount="0" falsecount="4"/>
        <line num="86" count="0" type="stmt"/>
        <line num="87" count="0" type="cond" truecount="0" falsecount="4"/>
        <line num="88" count="0" type="stmt"/>
        <line num="91" count="0" type="stmt"/>
        <line num="127" count="0" type="stmt"/>
        <line num="128" count="0" type="cond" truecount="0" falsecount="4"/>
        <line num="134" count="0" type="cond" truecount="0" falsecount="2"/>
      </file>
      <file name="ProgressBar.tsx" path="/Users/sebs/Dev/habitta/components/atoms/ProgressBar.tsx">
        <metrics statements="12" coveredstatements="0" conditionals="40" coveredconditionals="0" methods="3" coveredmethods="0"/>
        <line num="19" count="0" type="cond" truecount="0" falsecount="4"/>
        <line num="20" count="0" type="stmt"/>
        <line num="24" count="0" type="cond" truecount="0" falsecount="4"/>
        <line num="25" count="0" type="stmt"/>
        <line num="28" count="0" type="stmt"/>
        <line num="34" count="0" type="stmt"/>
        <line num="35" count="0" type="stmt"/>
        <line num="36" count="0" type="stmt"/>
        <line num="39" count="0" type="cond" truecount="0" falsecount="4"/>
        <line num="40" count="0" type="stmt"/>
        <line num="43" count="0" type="stmt"/>
        <line num="82" count="0" type="stmt"/>
      </file>
      <file name="ToastNotification.tsx" path="/Users/sebs/Dev/habitta/components/atoms/ToastNotification.tsx">
        <metrics statements="16" coveredstatements="0" conditionals="8" coveredconditionals="0" methods="6" coveredmethods="0"/>
        <line num="22" count="0" type="stmt"/>
        <line num="49" count="0" type="stmt"/>
        <line num="50" count="0" type="cond" truecount="0" falsecount="2"/>
        <line num="51" count="0" type="stmt"/>
        <line num="52" count="0" type="stmt"/>
        <line num="54" count="0" type="stmt"/>
        <line num="55" count="0" type="cond" truecount="0" falsecount="2"/>
        <line num="57" count="0" type="stmt"/>
        <line num="71" count="0" type="stmt"/>
        <line num="72" count="0" type="stmt"/>
        <line num="75" count="0" type="stmt"/>
        <line num="79" count="0" type="stmt"/>
        <line num="80" count="0" type="stmt"/>
        <line num="92" count="0" type="stmt"/>
        <line num="96" count="0" type="cond" truecount="0" falsecount="2"/>
        <line num="98" count="0" type="stmt"/>
      </file>
      <file name="Toggle.tsx" path="/Users/sebs/Dev/habitta/components/atoms/Toggle.tsx">
        <metrics statements="5" coveredstatements="0" conditionals="11" coveredconditionals="0" methods="2" coveredmethods="0"/>
        <line num="27" count="0" type="stmt"/>
        <line num="28" count="0" type="cond" truecount="0" falsecount="4"/>
        <line num="30" count="0" type="stmt"/>
        <line num="32" count="0" type="stmt"/>
        <line num="35" count="0" type="stmt"/>
      </file>
      <file name="WhatsAppButton.tsx" path="/Users/sebs/Dev/habitta/components/atoms/WhatsAppButton.tsx">
        <metrics statements="14" coveredstatements="0" conditionals="15" coveredconditionals="0" methods="4" coveredmethods="0"/>
        <line num="18" count="0" type="stmt"/>
        <line num="20" count="0" type="stmt"/>
        <line num="23" count="0" type="stmt"/>
        <line num="26" count="0" type="cond" truecount="0" falsecount="2"/>
        <line num="28" count="0" type="stmt"/>
        <line num="30" count="0" type="cond" truecount="0" falsecount="2"/>
        <line num="31" count="0" type="stmt"/>
        <line num="33" count="0" type="stmt"/>
        <line num="36" count="0" type="stmt"/>
        <line num="39" count="0" type="cond" truecount="0" falsecount="2"/>
        <line num="40" count="0" type="stmt"/>
        <line num="51" count="0" type="cond" truecount="0" falsecount="2"/>
        <line num="52" count="0" type="stmt"/>
        <line num="65" count="0" type="stmt"/>
      </file>
    </package>
    <package name="habitta.components.molecules">
      <metrics statements="409" coveredstatements="0" conditionals="460" coveredconditionals="0" methods="151" coveredmethods="0"/>
      <file name="AcceptMaintenanceModal.tsx" path="/Users/sebs/Dev/habitta/components/molecules/AcceptMaintenanceModal.tsx">
        <metrics statements="31" coveredstatements="0" conditionals="6" coveredconditionals="0" methods="7" coveredmethods="0"/>
        <line num="20" count="0" type="stmt"/>
        <line num="21" count="0" type="stmt"/>
        <line num="22" count="0" type="stmt"/>
        <line num="24" count="0" type="stmt"/>
        <line num="25" count="0" type="stmt"/>
        <line num="26" count="0" type="stmt"/>
        <line num="27" count="0" type="stmt"/>
        <line num="30" count="0" type="stmt"/>
        <line num="31" count="0" type="stmt"/>
        <line num="32" count="0" type="stmt"/>
        <line num="34" count="0" type="stmt"/>
        <line num="35" count="0" type="stmt"/>
        <line num="36" count="0" type="cond" truecount="0" falsecount="2"/>
        <line num="37" count="0" type="stmt"/>
        <line num="39" count="0" type="stmt"/>
        <line num="40" count="0" type="stmt"/>
        <line num="42" count="0" type="stmt"/>
        <line num="43" count="0" type="stmt"/>
        <line num="45" count="0" type="stmt"/>
        <line num="49" count="0" type="stmt"/>
        <line num="50" count="0" type="stmt"/>
        <line num="51" count="0" type="stmt"/>
        <line num="52" count="0" type="stmt"/>
        <line num="53" count="0" type="stmt"/>
        <line num="56" count="0" type="stmt"/>
        <line num="57" count="0" type="stmt"/>
        <line num="66" count="0" type="stmt"/>
        <line num="74" count="0" type="stmt"/>
        <line num="123" count="0" type="stmt"/>
        <line num="126" count="0" type="stmt"/>
        <line num="127" count="0" type="stmt"/>
      </file>
      <file name="ActionButton.tsx" path="/Users/sebs/Dev/habitta/components/molecules/ActionButton.tsx">
        <metrics statements="1" coveredstatements="0" conditionals="8" coveredconditionals="0" methods="1" coveredmethods="0"/>
        <line num="27" count="0" type="stmt"/>
      </file>
      <file name="ApplicationDetailModal.tsx" path="/Users/sebs/Dev/habitta/components/molecules/ApplicationDetailModal.tsx">
        <metrics statements="12" coveredstatements="0" conditionals="6" coveredconditionals="0" methods="5" coveredmethods="0"/>
        <line num="36" count="0" type="stmt"/>
        <line num="38" count="0" type="cond" truecount="0" falsecount="2"/>
        <line num="40" count="0" type="stmt"/>
        <line num="41" count="0" type="stmt"/>
        <line num="42" count="0" type="stmt"/>
        <line num="45" count="0" type="stmt"/>
        <line num="46" count="0" type="stmt"/>
        <line num="47" count="0" type="stmt"/>
        <line num="50" count="0" type="stmt"/>
        <line num="51" count="0" type="stmt"/>
        <line num="58" count="0" type="stmt"/>
        <line num="101" count="0" type="stmt"/>
      </file>
      <file name="CompleteMaintenanceModal.tsx" path="/Users/sebs/Dev/habitta/components/molecules/CompleteMaintenanceModal.tsx">
        <metrics statements="21" coveredstatements="0" conditionals="24" coveredconditionals="0" methods="4" coveredmethods="0"/>
        <line num="24" count="0" type="cond" truecount="0" falsecount="2"/>
        <line num="25" count="0" type="stmt"/>
        <line num="27" count="0" type="stmt"/>
        <line num="28" count="0" type="stmt"/>
        <line num="29" count="0" type="stmt"/>
        <line num="31" count="0" type="stmt"/>
        <line num="32" count="0" type="cond" truecount="0" falsecount="2"/>
        <line num="33" count="0" type="stmt"/>
        <line num="35" count="0" type="stmt"/>
        <line num="36" count="0" type="stmt"/>
        <line num="38" count="0" type="stmt"/>
        <line num="39" count="0" type="stmt"/>
        <line num="41" count="0" type="stmt"/>
        <line num="45" count="0" type="stmt"/>
        <line num="46" count="0" type="stmt"/>
        <line num="47" count="0" type="stmt"/>
        <line num="48" count="0" type="stmt"/>
        <line num="51" count="0" type="stmt"/>
        <line num="52" count="0" type="stmt"/>
        <line num="53" count="0" type="stmt"/>
        <line num="60" count="0" type="stmt"/>
      </file>
      <file name="ConfirmMaintenanceModal.tsx" path="/Users/sebs/Dev/habitta/components/molecules/ConfirmMaintenanceModal.tsx">
        <metrics statements="18" coveredstatements="0" conditionals="2" coveredconditionals="0" methods="4" coveredmethods="0"/>
        <line num="24" count="0" type="stmt"/>
        <line num="26" count="0" type="stmt"/>
        <line num="27" count="0" type="stmt"/>
        <line num="28" count="0" type="stmt"/>
        <line num="30" count="0" type="stmt"/>
        <line num="31" count="0" type="stmt"/>
        <line num="32" count="0" type="stmt"/>
        <line num="33" count="0" type="stmt"/>
        <line num="35" count="0" type="stmt"/>
        <line num="36" count="0" type="stmt"/>
        <line num="38" count="0" type="stmt"/>
        <line num="42" count="0" type="stmt"/>
        <line num="43" count="0" type="stmt"/>
        <line num="44" count="0" type="stmt"/>
        <line num="47" count="0" type="stmt"/>
        <line num="48" count="0" type="stmt"/>
        <line num="49" count="0" type="stmt"/>
        <line num="58" count="0" type="stmt"/>
      </file>
      <file name="EmptyReviews.tsx" path="/Users/sebs/Dev/habitta/components/molecules/EmptyReviews.tsx">
        <metrics statements="1" coveredstatements="0" conditionals="1" coveredconditionals="0" methods="1" coveredmethods="0"/>
        <line num="16" count="0" type="stmt"/>
      </file>
      <file name="InputField.tsx" path="/Users/sebs/Dev/habitta/components/molecules/InputField.tsx">
        <metrics statements="1" coveredstatements="0" conditionals="9" coveredconditionals="0" methods="1" coveredmethods="0"/>
        <line num="27" count="0" type="stmt"/>
      </file>
      <file name="LabeledInput.tsx" path="/Users/sebs/Dev/habitta/components/molecules/LabeledInput.tsx">
        <metrics statements="1" coveredstatements="0" conditionals="2" coveredconditionals="0" methods="1" coveredmethods="0"/>
        <line num="24" count="0" type="stmt"/>
      </file>
      <file name="LeaseCard.tsx" path="/Users/sebs/Dev/habitta/components/molecules/LeaseCard.tsx">
        <metrics statements="35" coveredstatements="0" conditionals="19" coveredconditionals="0" methods="8" coveredmethods="0"/>
        <line num="18" count="0" type="stmt"/>
        <line num="19" count="0" type="stmt"/>
        <line num="20" count="0" type="stmt"/>
        <line num="28" count="0" type="stmt"/>
        <line num="29" count="0" type="stmt"/>
        <line num="30" count="0" type="stmt"/>
        <line num="31" count="0" type="stmt"/>
        <line num="32" count="0" type="stmt"/>
        <line num="33" count="0" type="stmt"/>
        <line num="36" count="0" type="stmt"/>
        <line num="39" count="0" type="stmt"/>
        <line num="40" count="0" type="cond" truecount="0" falsecount="5"/>
        <line num="42" count="0" type="stmt"/>
        <line num="44" count="0" type="stmt"/>
        <line num="46" count="0" type="stmt"/>
        <line num="48" count="0" type="stmt"/>
        <line num="50" count="0" type="stmt"/>
        <line num="55" count="0" type="stmt"/>
        <line num="56" count="0" type="cond" truecount="0" falsecount="5"/>
        <line num="58" count="0" type="stmt"/>
        <line num="60" count="0" type="stmt"/>
        <line num="62" count="0" type="stmt"/>
        <line num="64" count="0" type="stmt"/>
        <line num="66" count="0" type="stmt"/>
        <line num="71" count="0" type="stmt"/>
        <line num="72" count="0" type="stmt"/>
        <line num="73" count="0" type="stmt"/>
        <line num="74" count="0" type="stmt"/>
        <line num="78" count="0" type="stmt"/>
        <line num="79" count="0" type="stmt"/>
        <line num="80" count="0" type="stmt"/>
        <line num="81" count="0" type="stmt"/>
        <line num="84" count="0" type="stmt"/>
        <line num="206" count="0" type="stmt"/>
        <line num="207" count="0" type="stmt"/>
      </file>
      <file name="LeaseSigningModal.tsx" path="/Users/sebs/Dev/habitta/components/molecules/LeaseSigningModal.tsx">
        <metrics statements="12" coveredstatements="0" conditionals="6" coveredconditionals="0" methods="5" coveredmethods="0"/>
        <line num="36" count="0" type="stmt"/>
        <line num="38" count="0" type="cond" truecount="0" falsecount="2"/>
        <line num="40" count="0" type="stmt"/>
        <line num="41" count="0" type="stmt"/>
        <line num="42" count="0" type="stmt"/>
        <line num="45" count="0" type="stmt"/>
        <line num="46" count="0" type="stmt"/>
        <line num="47" count="0" type="stmt"/>
        <line num="50" count="0" type="stmt"/>
        <line num="51" count="0" type="stmt"/>
        <line num="58" count="0" type="stmt"/>
        <line num="101" count="0" type="stmt"/>
      </file>
      <file name="MaintenanceRequestCard.tsx" path="/Users/sebs/Dev/habitta/components/molecules/MaintenanceRequestCard.tsx">
        <metrics statements="30" coveredstatements="0" conditionals="68" coveredconditionals="0" methods="8" coveredmethods="0"/>
        <line num="31" count="0" type="stmt"/>
        <line num="32" count="0" type="stmt"/>
        <line num="33" count="0" type="stmt"/>
        <line num="41" count="0" type="cond" truecount="0" falsecount="2"/>
        <line num="44" count="0" type="cond" truecount="0" falsecount="2"/>
        <line num="47" count="0" type="stmt"/>
        <line num="50" count="0" type="stmt"/>
        <line num="51" count="0" type="cond" truecount="0" falsecount="10"/>
        <line num="53" count="0" type="stmt"/>
        <line num="55" count="0" type="stmt"/>
        <line num="59" count="0" type="stmt"/>
        <line num="61" count="0" type="stmt"/>
        <line num="63" count="0" type="stmt"/>
        <line num="66" count="0" type="stmt"/>
        <line num="68" count="0" type="stmt"/>
        <line num="73" count="0" type="stmt"/>
        <line num="74" count="0" type="cond" truecount="0" falsecount="2"/>
        <line num="75" count="0" type="cond" truecount="0" falsecount="5"/>
        <line num="78" count="0" type="stmt"/>
        <line num="80" count="0" type="stmt"/>
        <line num="82" count="0" type="stmt"/>
        <line num="84" count="0" type="stmt"/>
        <line num="88" count="0" type="stmt"/>
        <line num="146" count="0" type="stmt"/>
        <line num="260" count="0" type="stmt"/>
        <line num="261" count="0" type="stmt"/>
        <line num="273" count="0" type="stmt"/>
        <line num="274" count="0" type="stmt"/>
        <line num="286" count="0" type="stmt"/>
        <line num="287" count="0" type="stmt"/>
      </file>
      <file name="OwnerLeaseCard.tsx" path="/Users/sebs/Dev/habitta/components/molecules/OwnerLeaseCard.tsx">
        <metrics statements="38" coveredstatements="0" conditionals="32" coveredconditionals="0" methods="9" coveredmethods="0"/>
        <line num="22" count="0" type="stmt"/>
        <line num="23" count="0" type="stmt"/>
        <line num="24" count="0" type="stmt"/>
        <line num="32" count="0" type="stmt"/>
        <line num="33" count="0" type="stmt"/>
        <line num="34" count="0" type="stmt"/>
        <line num="35" count="0" type="stmt"/>
        <line num="36" count="0" type="stmt"/>
        <line num="37" count="0" type="stmt"/>
        <line num="40" count="0" type="stmt"/>
        <line num="41" count="0" type="cond" truecount="0" falsecount="2"/>
        <line num="44" count="0" type="stmt"/>
        <line num="45" count="0" type="stmt"/>
        <line num="52" count="0" type="stmt"/>
        <line num="53" count="0" type="cond" truecount="0" falsecount="5"/>
        <line num="55" count="0" type="stmt"/>
        <line num="57" count="0" type="stmt"/>
        <line num="59" count="0" type="stmt"/>
        <line num="61" count="0" type="stmt"/>
        <line num="63" count="0" type="stmt"/>
        <line num="68" count="0" type="stmt"/>
        <line num="69" count="0" type="cond" truecount="0" falsecount="5"/>
        <line num="71" count="0" type="stmt"/>
        <line num="73" count="0" type="stmt"/>
        <line num="75" count="0" type="stmt"/>
        <line num="77" count="0" type="stmt"/>
        <line num="79" count="0" type="stmt"/>
        <line num="83" count="0" type="stmt"/>
        <line num="84" count="0" type="cond" truecount="0" falsecount="2"/>
        <line num="85" count="0" type="stmt"/>
        <line num="86" count="0" type="stmt"/>
        <line num="90" count="0" type="stmt"/>
        <line num="91" count="0" type="stmt"/>
        <line num="92" count="0" type="stmt"/>
        <line num="95" count="0" type="stmt"/>
        <line num="96" count="0" type="stmt"/>
        <line num="97" count="0" type="stmt"/>
        <line num="100" count="0" type="stmt"/>
      </file>
      <file name="OwnerMaintenanceRequestCard.tsx" path="/Users/sebs/Dev/habitta/components/molecules/OwnerMaintenanceRequestCard.tsx">
        <metrics statements="38" coveredstatements="0" conditionals="61" coveredconditionals="0" methods="9" coveredmethods="0"/>
        <line num="33" count="0" type="stmt"/>
        <line num="34" count="0" type="stmt"/>
        <line num="35" count="0" type="stmt"/>
        <line num="45" count="0" type="stmt"/>
        <line num="46" count="0" type="stmt"/>
        <line num="53" count="0" type="stmt"/>
        <line num="54" count="0" type="stmt"/>
        <line num="55" count="0" type="stmt"/>
        <line num="58" count="0" type="stmt"/>
        <line num="59" count="0" type="cond" truecount="0" falsecount="10"/>
        <line num="61" count="0" type="stmt"/>
        <line num="66" count="0" type="stmt"/>
        <line num="68" count="0" type="stmt"/>
        <line num="70" count="0" type="stmt"/>
        <line num="73" count="0" type="stmt"/>
        <line num="75" count="0" type="stmt"/>
        <line num="80" count="0" type="stmt"/>
        <line num="81" count="0" type="stmt"/>
        <line num="84" count="0" type="stmt"/>
[...]
        <line num="164" count="0" type="stmt"/>
        <line num="165" count="0" type="stmt"/>
        <line num="173" count="0" type="stmt"/>
        <line num="175" count="0" type="stmt"/>
        <line num="176" count="0" type="stmt"/>
        <line num="177" count="0" type="stmt"/>
        <line num="183" count="0" type="cond" truecount="0" falsecount="2"/>
        <line num="185" count="0" type="cond" truecount="0" falsecount="2"/>
        <line num="186" count="0" type="cond" truecount="0" falsecount="2"/>
        <line num="187" count="0" type="cond" truecount="0" falsecount="2"/>
        <line num="188" count="0" type="cond" truecount="0" falsecount="2"/>
        <line num="189" count="0" type="stmt"/>
        <line num="192" count="0" type="stmt"/>
        <line num="193" count="0" type="stmt"/>
        <line num="194" count="0" type="stmt"/>
        <line num="195" count="0" type="stmt"/>
        <line num="198" count="0" type="stmt"/>
      </file>
    </package>
    <package name="habitta.modules.user.settings">
      <metrics statements="28" coveredstatements="0" conditionals="6" coveredconditionals="0" methods="7" coveredmethods="0"/>
      <file name="ScreenSettings.tsx" path="/Users/sebs/Dev/habitta/modules/user/settings/ScreenSettings.tsx">
        <metrics statements="28" coveredstatements="0" conditionals="6" coveredconditionals="0" methods="7" coveredmethods="0"/>
        <line num="9" count="0" type="stmt"/>
        <line num="10" count="0" type="stmt"/>
        <line num="11" count="0" type="stmt"/>
        <line num="13" count="0" type="stmt"/>
        <line num="14" count="0" type="stmt"/>
        <line num="17" count="0" type="stmt"/>
        <line num="19" count="0" type="stmt"/>
        <line num="20" count="0" type="stmt"/>
        <line num="21" count="0" type="stmt"/>
        <line num="22" count="0" type="stmt"/>
        <line num="23" count="0" type="stmt"/>
        <line num="25" count="0" type="stmt"/>
        <line num="27" count="0" type="cond" truecount="0" falsecount="2"/>
        <line num="28" count="0" type="stmt"/>
        <line num="29" count="0" type="stmt"/>
        <line num="36" count="0" type="stmt"/>
        <line num="42" count="0" type="stmt"/>
        <line num="43" count="0" type="cond" truecount="0" falsecount="2"/>
        <line num="46" count="0" type="stmt"/>
        <line num="47" count="0" type="stmt"/>
        <line num="49" count="0" type="stmt"/>
        <line num="53" count="0" type="stmt"/>
        <line num="54" count="0" type="stmt"/>
        <line num="66" count="0" type="stmt"/>
        <line num="67" count="0" type="stmt"/>
        <line num="68" count="0" type="stmt"/>
        <line num="76" count="0" type="stmt"/>
        <line num="227" count="0" type="stmt"/>
      </file>
    </package>
    <package name="habitta.schemes">
      <metrics statements="26" coveredstatements="1" conditionals="16" coveredconditionals="0" methods="8" coveredmethods="0"/>
      <file name="EditUserProfileSchema.ts" path="/Users/sebs/Dev/habitta/schemes/EditUserProfileSchema.ts">
        <metrics statements="3" coveredstatements="0" conditionals="8" coveredconditionals="0" methods="1" coveredmethods="0"/>
        <line num="4" count="0" type="stmt"/>
        <line num="18" count="0" type="cond" truecount="0" falsecount="4"/>
        <line num="21" count="0" type="stmt"/>
      </file>
      <file name="LoginSchema.ts" path="/Users/sebs/Dev/habitta/schemes/LoginSchema.ts">
        <metrics statements="1" coveredstatements="1" conditionals="0" coveredconditionals="0" methods="0" coveredmethods="0"/>
        <line num="4" count="1" type="stmt"/>
      </file>
      <file name="PropertySchema.ts" path="/Users/sebs/Dev/habitta/schemes/PropertySchema.ts">
        <metrics statements="4" coveredstatements="0" conditionals="0" coveredconditionals="0" methods="0" coveredmethods="0"/>
        <line num="5" count="0" type="stmt"/>
        <line num="9" count="0" type="stmt"/>
        <line num="26" count="0" type="stmt"/>
        <line num="29" count="0" type="stmt"/>
      </file>
      <file name="RegisterSchema.ts" path="/Users/sebs/Dev/habitta/schemes/RegisterSchema.ts">
        <metrics statements="12" coveredstatements="0" conditionals="2" coveredconditionals="0" methods="4" coveredmethods="0"/>
        <line num="4" count="0" type="stmt"/>
        <line num="30" count="0" type="stmt"/>
        <line num="31" count="0" type="stmt"/>
        <line num="40" count="0" type="stmt"/>
        <line num="41" count="0" type="stmt"/>
        <line num="43" count="0" type="cond" truecount="0" falsecount="2"/>
        <line num="44" count="0" type="stmt"/>
        <line num="52" count="0" type="stmt"/>
        <line num="53" count="0" type="stmt"/>
        <line num="54" count="0" type="stmt"/>
        <line num="55" count="0" type="stmt"/>
        <line num="58" count="0" type="stmt"/>
      </file>
      <file name="RegisterSchemaAdmin.ts" path="/Users/sebs/Dev/habitta/schemes/RegisterSchemaAdmin.ts">
        <metrics statements="0" coveredstatements="0" conditionals="0" coveredconditionals="0" methods="0" coveredmethods="0"/>
      </file>
      <file name="VerifyIdentitySchema.ts" path="/Users/sebs/Dev/habitta/schemes/VerifyIdentitySchema.ts">
        <metrics statements="6" coveredstatements="0" conditionals="6" coveredconditionals="0" methods="3" coveredmethods="0"/>
        <line num="3" count="0" type="stmt"/>
        <line num="5" count="0" type="stmt"/>
        <line num="17" count="0" type="stmt"/>
        <line num="18" count="0" type="cond" truecount="0" falsecount="2"/>
        <line num="19" count="0" type="cond" truecount="0" falsecount="2"/>
        <line num="20" count="0" type="cond" truecount="0" falsecount="2"/>
      </file>
    </package>
    <package name="habitta.utils">
      <metrics statements="234" coveredstatements="24" conditionals="84" coveredconditionals="19" methods="33" coveredmethods="5"/>
      <file name="Tokens.ts" path="/Users/sebs/Dev/habitta/utils/Tokens.ts">
        <metrics statements="56" coveredstatements="0" conditionals="18" coveredconditionals="0" methods="5" coveredmethods="0"/>
        <line num="19" count="0" type="stmt"/>
        <line num="20" count="0" type="stmt"/>
        <line num="22" count="0" type="stmt"/>
        <line num="23" count="0" type="cond" truecount="0" falsecount="2"/>
        <line num="24" count="0" type="stmt"/>
        <line num="25" count="0" type="stmt"/>
        <line num="29" count="0" type="stmt"/>
        <line num="32" count="0" type="stmt"/>
        <line num="35" count="0" type="stmt"/>
        <line num="38" count="0" type="stmt"/>
        <line num="40" count="0" type="stmt"/>
        <line num="42" count="0" type="stmt"/>
        <line num="43" count="0" type="stmt"/>
        <line num="50" count="0" type="stmt"/>
        <line num="51" count="0" type="stmt"/>
        <line num="52" count="0" type="stmt"/>
        <line num="54" count="0" type="cond" truecount="0" falsecount="4"/>
        <line num="55" count="0" type="stmt"/>
        <line num="56" count="0" type="stmt"/>
        <line num="60" count="0" type="stmt"/>
        <line num="61" count="0" type="stmt"/>
        <line num="63" count="0" type="stmt"/>
        <line num="65" count="0" type="cond" truecount="0" falsecount="2"/>
        <line num="66" count="0" type="stmt"/>
        <line num="72" count="0" type="stmt"/>
        <line num="74" count="0" type="stmt"/>
        <line num="75" count="0" type="stmt"/>
        <line num="82" count="0" type="stmt"/>
        <line num="83" count="0" type="stmt"/>
        <line num="84" count="0" type="stmt"/>
        <line num="86" count="0" type="cond" truecount="0" falsecount="4"/>
        <line num="87" count="0" type="stmt"/>
        <line num="90" count="0" type="stmt"/>
        <line num="91" count="0" type="stmt"/>
        <line num="92" count="0" type="stmt"/>
        <line num="94" count="0" type="stmt"/>
        <line num="96" count="0" type="stmt"/>
        <line num="97" count="0" type="stmt"/>
        <line num="104" count="0" type="stmt"/>
        <line num="105" count="0" type="stmt"/>
        <line num="107" count="0" type="cond" truecount="0" falsecount="2"/>
        <line num="108" count="0" type="stmt"/>
        <line num="111" count="0" type="stmt"/>
        <line num="112" count="0" type="stmt"/>
        <line num="113" count="0" type="stmt"/>
        <line num="114" count="0" type="stmt"/>
        <line num="115" count="0" type="stmt"/>
        <line num="117" count="0" type="stmt"/>
        <line num="130" count="0" type="stmt"/>
        <line num="131" count="0" type="cond" truecount="0" falsecount="2"/>
        <line num="132" count="0" type="stmt"/>
        <line num="135" count="0" type="stmt"/>
        <line num="136" count="0" type="stmt"/>
        <line num="138" count="0" type="cond" truecount="0" falsecount="2"/>
        <line num="139" count="0" type="stmt"/>
        <line num="141" count="0" type="stmt"/>
      </file>
      <file name="TokensDesing.ts" path="/Users/sebs/Dev/habitta/utils/TokensDesing.ts">
        <metrics statements="42" coveredstatements="0" conditionals="0" coveredconditionals="0" methods="0" coveredmethods="0"/>
        <line num="3" count="0" type="stmt"/>
        <line num="6" count="0" type="stmt"/>
        <line num="9" count="0" type="stmt"/>
        <line num="12" count="0" type="stmt"/>
        <line num="15" count="0" type="stmt"/>
        <line num="16" count="0" type="stmt"/>
        <line num="17" count="0" type="stmt"/>
        <line num="20" count="0" type="stmt"/>
        <line num="21" count="0" type="stmt"/>
        <line num="22" count="0" type="stmt"/>
        <line num="25" count="0" type="stmt"/>
        <line num="26" count="0" type="stmt"/>
        <line num="27" count="0" type="stmt"/>
        <line num="28" count="0" type="stmt"/>
        <line num="29" count="0" type="stmt"/>
        <line num="36" count="0" type="stmt"/>
        <line num="37" count="0" type="stmt"/>
        <line num="38" count="0" type="stmt"/>
        <line num="39" count="0" type="stmt"/>
        <line num="42" count="0" type="stmt"/>
        <line num="43" count="0" type="stmt"/>
        <line num="44" count="0" type="stmt"/>
        <line num="47" count="0" type="stmt"/>
        <line num="48" count="0" type="stmt"/>
        <line num="49" count="0" type="stmt"/>
        <line num="50" count="0" type="stmt"/>
        <line num="53" count="0" type="stmt"/>
        <line num="54" count="0" type="stmt"/>
        <line num="55" count="0" type="stmt"/>
        <line num="56" count="0" type="stmt"/>
        <line num="59" count="0" type="stmt"/>
        <line num="60" count="0" type="stmt"/>
        <line num="63" count="0" type="stmt"/>
        <line num="64" count="0" type="stmt"/>
        <line num="67" count="0" type="stmt"/>
        <line num="68" count="0" type="stmt"/>
        <line num="71" count="0" type="stmt"/>
        <line num="72" count="0" type="stmt"/>
        <line num="73" count="0" type="stmt"/>
        <line num="74" count="0" type="stmt"/>
        <line num="75" count="0" type="stmt"/>
        <line num="76" count="0" type="stmt"/>
      </file>
      <file name="fonts.ts" path="/Users/sebs/Dev/habitta/utils/fonts.ts">
        <metrics statements="3" coveredstatements="0" conditionals="0" coveredconditionals="0" methods="0" coveredmethods="0"/>
        <line num="2" count="0" type="stmt"/>
        <line num="10" count="0" type="stmt"/>
        <line num="26" count="0" type="stmt"/>
      </file>
      <file name="format.ts" path="/Users/sebs/Dev/habitta/utils/format.ts">
        <metrics statements="10" coveredstatements="9" conditionals="14" coveredconditionals="14" methods="2" coveredmethods="2"/>
        <line num="2" count="9" type="cond" truecount="2" falsecount="0"/>
        <line num="3" count="9" type="cond" truecount="2" falsecount="0"/>
        <line num="4" count="6" type="cond" truecount="4" falsecount="0"/>
        <line num="5" count="3" type="stmt"/>
        <line num="6" count="3" type="cond" truecount="2" falsecount="0"/>
        <line num="7" count="3" type="stmt"/>
        <line num="10" count="3" type="cond" truecount="2" falsecount="0"/>
        <line num="16" count="6" type="stmt"/>
        <line num="17" count="6" type="stmt"/>
        <line num="20" count="0" type="stmt"/>
      </file>
      <file name="haptics.ts" path="/Users/sebs/Dev/habitta/utils/haptics.ts">
        <metrics statements="50" coveredstatements="11" conditionals="16" coveredconditionals="1" methods="18" coveredmethods="2"/>
        <line num="30" count="1" type="stmt"/>
        <line num="33" count="1" type="stmt"/>
        <line num="34" count="1" type="cond" truecount="1" falsecount="2"/>
        <line num="36" count="0" type="stmt"/>
        <line num="37" count="0" type="stmt"/>
        <line num="39" count="1" type="stmt"/>
        <line num="40" count="1" type="stmt"/>
        <line num="42" count="0" type="stmt"/>
        <line num="43" count="0" type="stmt"/>
        <line num="46" count="0" type="stmt"/>
        <line num="54" count="1" type="stmt"/>
        <line num="57" count="0" type="stmt"/>
        <line num="58" count="0" type="cond" truecount="0" falsecount="3"/>
        <line num="60" count="0" type="stmt"/>
        <line num="61" count="0" type="stmt"/>
        <line num="63" count="0" type="stmt"/>
        <line num="64" count="0" type="stmt"/>
        <line num="66" count="0" type="stmt"/>
        <line num="67" count="0" type="stmt"/>
        <line num="70" count="0" type="stmt"/>
        <line num="78" count="1" type="stmt"/>
        <line num="79" count="0" type="stmt"/>
        <line num="80" count="0" type="stmt"/>
        <line num="82" count="0" type="stmt"/>
        <line num="89" count="1" type="stmt"/>
        <line num="90" count="0" type="cond" truecount="0" falsecount="8"/>
        <line num="92" count="0" type="stmt"/>
        <line num="94" count="0" type="stmt"/>
        <line num="96" count="0" type="stmt"/>
        <line num="98" count="0" type="stmt"/>
        <line num="100" count="0" type="stmt"/>
        <line num="102" count="0" type="stmt"/>
        <line num="104" count="0" type="stmt"/>
        <line num="106" count="0" type="stmt"/>
        <line num="113" count="1" type="stmt"/>
        <line num="115" count="1" type="stmt"/>
        <line num="116" count="0" type="stmt"/>
        <line num="117" count="0" type="stmt"/>
        <line num="120" count="0" type="stmt"/>
        <line num="121" count="0" type="stmt"/>
        <line num="122" count="0" type="stmt"/>
        <line num="125" count="0" type="stmt"/>
        <line num="126" count="0" type="stmt"/>
        <line num="127" count="0" type="stmt"/>
        <line num="130" count="0" type="stmt"/>
        <line num="131" count="0" type="stmt"/>
        <line num="132" count="0" type="stmt"/>
        <line num="133" count="0" type="stmt"/>
        <line num="136" count="1" type="stmt"/>
        <line num="137" count="0" type="stmt"/>
      </file>
      <file name="registerForPushNotificationAsync.ts" path="/Users/sebs/Dev/habitta/utils/registerForPushNotificationAsync.ts">
        <metrics statements="19" coveredstatements="0" conditionals="12" coveredconditionals="0" methods="1" coveredmethods="0"/>
        <line num="7" count="0" type="cond" truecount="0" falsecount="2"/>
        <line num="8" count="0" type="stmt"/>
        <line num="19" count="0" type="cond" truecount="0" falsecount="2"/>
        <line num="21" count="0" type="stmt"/>
        <line num="22" count="0" type="stmt"/>
        <line num="23" count="0" type="cond" truecount="0" falsecount="2"/>
        <line num="24" count="0" type="stmt"/>
        <line num="25" count="0" type="stmt"/>
        <line num="27" count="0" type="cond" truecount="0" falsecount="2"/>
        <line num="28" count="0" type="stmt"/>
        <line num="33" count="0" type="cond" truecount="0" falsecount="2"/>
        <line num="35" count="0" type="cond" truecount="0" falsecount="2"/>
        <line num="36" count="0" type="stmt"/>
        <line num="38" count="0" type="stmt"/>
        <line num="39" count="0" type="stmt"/>
        <line num="44" count="0" type="stmt"/>
        <line num="45" count="0" type="stmt"/>
        <line num="47" count="0" type="stmt"/>
        <line num="50" count="0" type="stmt"/>
      </file>
      <file name="update-ip.js" path="/Users/sebs/Dev/habitta/utils/update-ip.js">
        <metrics statements="20" coveredstatements="0" conditionals="6" coveredconditionals="0" methods="2" coveredmethods="0"/>
        <line num="1" count="0" type="stmt"/>
        <line num="2" count="0" type="stmt"/>
        <line num="3" count="0" type="stmt"/>
        <line num="6" count="0" type="stmt"/>
        <line num="7" count="0" type="stmt"/>
        <line num="8" count="0" type="stmt"/>
        <line num="9" count="0" type="cond" truecount="0" falsecount="4"/>
        <line num="10" count="0" type="stmt"/>
        <line num="14" count="0" type="stmt"/>
        <line num="18" count="0" type="stmt"/>
        <line num="19" count="0" type="cond" truecount="0" falsecount="2"/>
        <line num="20" count="0" type="stmt"/>
        <line num="21" count="0" type="stmt"/>
        <line num="24" count="0" type="stmt"/>
        <line num="25" count="0" type="stmt"/>
        <line num="27" count="0" type="stmt"/>
        <line num="29" count="0" type="stmt"/>
        <line num="34" count="0" type="stmt"/>
        <line num="35" count="0" type="stmt"/>
        <line num="38" count="0" type="stmt"/>
      </file>
      <file name="useInputValidation.ts" path="/Users/sebs/Dev/habitta/utils/useInputValidation.ts">
        <metrics statements="30" coveredstatements="0" conditionals="14" coveredconditionals="0" methods="4" coveredmethods="0"/>
        <line num="16" count="0" type="cond" truecount="0" falsecount="1"/>
        <line num="21" count="0" type="stmt"/>
        <line num="22" count="0" type="stmt"/>
        <line num="23" count="0" type="stmt"/>
        <line num="28" count="0" type="stmt"/>
        <line num="30" count="0" type="cond" truecount="0" falsecount="2"/>
        <line num="31" count="0" type="stmt"/>
        <line num="34" count="0" type="stmt"/>
        <line num="37" count="0" type="cond" truecount="0" falsecount="4"/>
        <line num="38" count="0" type="stmt"/>
        <line num="39" count="0" type="stmt"/>
        <line num="41" count="0" type="stmt"/>
        <line num="42" count="0" type="stmt"/>
        <line num="49" count="0" type="stmt"/>
        <line num="50" count="0" type="cond" truecount="0" falsecount="2"/>
        <line num="51" count="0" type="stmt"/>
        <line num="52" count="0" type="stmt"/>
        <line num="53" count="0" type="stmt"/>
        <line num="56" count="0" type="cond" truecount="0" falsecount="2"/>
        <line num="57" count="0" type="stmt"/>
        <line num="58" count="0" type="stmt"/>
        <line num="59" count="0" type="stmt"/>
        <line num="62" count="0" type="stmt"/>
        <line num="63" count="0" type="stmt"/>
        <line num="64" count="0" type="stmt"/>
        <line num="70" count="0" type="stmt"/>
        <line num="71" count="0" type="stmt"/>
        <line num="72" count="0" type="stmt"/>
        <line num="73" count="0" type="stmt"/>
        <line num="76" count="0" type="stmt"/>
      </file>
      <file name="validation.ts" path="/Users/sebs/Dev/habitta/utils/validation.ts">
        <metrics statements="4" coveredstatements="4" conditionals="4" coveredconditionals="4" methods="1" coveredmethods="1"/>
        <line num="6" count="1" type="stmt"/>
        <line num="8" count="1" type="stmt"/>
        <line num="11" count="1" type="cond" truecount="2" falsecount="0"/>
        <line num="12" count="4" type="stmt"/>
      </file>
    </package>
  </project>
</coverage>
