TN:
SF:.eslintrc.js
FNF:0
FNH:0
DA:1,0
LF:1
LH:0
BRF:0
BRH:0
end_of_record
TN:
SF:index.ts
FNF:0
FNH:0
DA:8,0
LF:1
LH:0
BRF:0
BRH:0
end_of_record
TN:
SF:nativewind-env.d.ts
FNF:0
FNH:0
LF:0
LH:0
BRF:0
BRH:0
end_of_record
TN:
SF:app/_layout.tsx
FN:20,(anonymous_0)
FN:29,RootLayout
FN:40,(anonymous_2)
FN:48,(anonymous_3)
FN:49,prepare
FN:51,(anonymous_5)
FN:61,(anonymous_6)
FN:62,(anonymous_7)
FN:73,(anonymous_8)
FN:81,(anonymous_9)
FNF:10
FNH:0
FNDA:0,(anonymous_0)
FNDA:0,RootLayout
FNDA:0,(anonymous_2)
FNDA:0,(anonymous_3)
FNDA:0,prepare
FNDA:0,(anonymous_5)
FNDA:0,(anonymous_6)
FNDA:0,(anonymous_7)
FNDA:0,(anonymous_8)
FNDA:0,(anonymous_9)
DA:19,0
DA:20,0
DA:30,0
DA:36,0
DA:38,0
DA:40,0
DA:41,0
DA:42,0
DA:43,0
DA:44,0
DA:48,0
DA:51,0
DA:52,0
DA:55,0
DA:56,0
DA:61,0
DA:62,0
DA:63,0
DA:64,0
DA:65,0
DA:66,0
DA:70,0
DA:73,0
DA:74,0
DA:75,0
DA:76,0
DA:81,0
DA:82,0
DA:86,0
DA:87,0
DA:90,0
DA:91,0
DA:94,0
LF:33
LH:0
BRDA:41,0,0,0
BRDA:41,0,1,0
BRDA:55,1,0,0
BRDA:55,1,1,0
BRDA:64,2,0,0
BRDA:64,2,1,0
BRDA:65,3,0,0
BRDA:65,3,1,0
BRDA:74,4,0,0
BRDA:74,4,1,0
BRDA:75,5,0,0
BRDA:75,5,1,0
BRDA:86,6,0,0
BRDA:86,6,1,0
BRDA:86,7,0,0
BRDA:86,7,1,0
BRDA:90,8,0,0
BRDA:90,8,1,0
BRF:18
BRH:0
end_of_record
TN:
SF:app/index.tsx
FN:7,Index
FN:11,(anonymous_1)
FNF:2
FNH:0
FNDA:0,Index
FNDA:0,(anonymous_1)
DA:8,0
DA:9,0
DA:11,0
DA:12,0
DA:13,0
DA:16,0
DA:18,0
DA:19,0
DA:21,0
DA:22,0
DA:25,0
DA:26,0
DA:28,0
DA:29,0
DA:32,0
DA:33,0
DA:39,0
DA:40,0
DA:58,0
LF:19
LH:0
BRDA:12,0,0,0
BRDA:12,0,1,0
BRDA:13,1,0,0
BRDA:13,1,1,0
BRDA:13,2,0,0
BRDA:13,2,1,0
BRDA:16,3,0,0
BRDA:16,3,1,0
BRDA:16,3,2,0
BRDA:16,3,3,0
BRDA:39,4,0,0
BRDA:39,4,1,0
BRF:12
BRH:0
end_of_record
TN:
SF:app/terms.tsx
FN:7,TermsAndConditions
FN:23,(anonymous_1)
FNF:2
FNH:0
FNDA:0,TermsAndConditions
FNDA:0,(anonymous_1)
DA:8,0
DA:10,0
DA:23,0
LF:3
LH:0
BRDA:18,0,0,0
BRDA:18,0,1,0
BRF:2
BRH:0
end_of_record
TN:
SF:app/(admin)/_layout.tsx
FN:10,CustomDrawerContent
FN:16,(anonymous_1)
FN:59,(anonymous_2)
FN:77,AdminDrawerLayout
FN:106,(anonymous_4)
FN:118,(anonymous_5)
FN:130,(anonymous_6)
FN:142,(anonymous_7)
FN:154,(anonymous_8)
FNF:9
FNH:0
FNDA:0,CustomDrawerContent
FNDA:0,(anonymous_1)
FNDA:0,(anonymous_2)
FNDA:0,AdminDrawerLayout
FNDA:0,(anonymous_4)
FNDA:0,(anonymous_5)
FNDA:0,(anonymous_6)
FNDA:0,(anonymous_7)
FNDA:0,(anonymous_8)
DA:11,0
DA:12,0
DA:14,0
DA:16,0
DA:17,0
DA:34,0
DA:60,0
DA:78,0
DA:107,0
DA:119,0
DA:131,0
DA:143,0
DA:155,0
LF:13
LH:0
BRF:0
BRH:0
end_of_record
TN:
SF:app/(admin)/home.tsx
FN:4,AdminDashboard
FNF:1
FNH:0
FNDA:0,AdminDashboard
DA:5,0
LF:1
LH:0
BRF:0
BRH:0
end_of_record
TN:
SF:app/(admin)/identity-documents.tsx
FN:5,IdentityDocumentsScreen
FNF:1
FNH:0
FNDA:0,IdentityDocumentsScreen
DA:6,0
LF:1
LH:0
BRF:0
BRH:0
end_of_record
TN:
SF:app/(admin)/properties.tsx
FN:5,PropertiesManagementScreen
FNF:1
FNH:0
FNDA:0,PropertiesManagementScreen
DA:6,0
LF:1
LH:0
BRF:0
BRH:0
end_of_record
TN:
SF:app/(admin)/solicitudes.tsx
FN:5,SolicitudesManagementScreen
FNF:1
FNH:0
FNDA:0,SolicitudesManagementScreen
DA:6,0
LF:1
LH:0
BRF:0
BRH:0
end_of_record
TN:
SF:app/(admin)/users.tsx
FN:5,UsersManagementScreen
FNF:1
FNH:0
FNDA:0,UsersManagementScreen
DA:6,0
LF:1
LH:0
BRF:0
BRH:0
end_of_record
TN:
SF:app/(owner)/_layout.tsx
FN:8,OwnerTabsLayout
FN:34,(anonymous_1)
FN:45,(anonymous_2)
FN:56,(anonymous_3)
FN:67,(anonymous_4)
FN:94,(anonymous_5)
FNF:6
FNH:0
FNDA:0,OwnerTabsLayout
FNDA:0,(anonymous_1)
FNDA:0,(anonymous_2)
FNDA:0,(anonymous_3)
FNDA:0,(anonymous_4)
FNDA:0,(anonymous_5)
DA:9,0
DA:10,0
DA:12,0
DA:36,0
DA:46,0
DA:57,0
DA:68,0
DA:95,0
LF:8
LH:0
BRF:0
BRH:0
end_of_record
TN:
SF:app/(owner)/(applications)/_layout.tsx
FN:4,ApplicationsLayout
FN:15,(anonymous_1)
FN:22,(anonymous_2)
FNF:3
FNH:0
FNDA:0,ApplicationsLayout
FNDA:0,(anonymous_1)
FNDA:0,(anonymous_2)
DA:5,0
DA:15,0
DA:22,0
LF:3
LH:0
BRF:0
BRH:0
end_of_record
TN:
SF:app/(owner)/(applications)/index.tsx
FN:4,ApplicationsIndex
FNF:1
FNH:0
FNDA:0,ApplicationsIndex
DA:5,0
LF:1
LH:0
BRF:0
BRH:0
end_of_record
TN:
SF:app/(owner)/(applications)/documents/[id].tsx
FNF:0
FNH:0
LF:0
LH:0
BRF:0
BRH:0
end_of_record
TN:
SF:app/(owner)/(home)/_layout.tsx
FN:4,PropertiesLayout
FN:15,(anonymous_1)
FN:22,(anonymous_2)
FNF:3
FNH:0
FNDA:0,PropertiesLayout
FNDA:0,(anonymous_1)
FNDA:0,(anonymous_2)
DA:5,0
DA:15,0
DA:22,0
LF:3
LH:0
BRF:0
BRH:0
end_of_record
TN:
SF:app/(owner)/(home)/index.tsx
FN:5,Dashboard
FNF:1
FNH:0
FNDA:0,Dashboard
DA:7,0
LF:1
LH:0
BRF:0
BRH:0
end_of_record
TN:
SF:app/(owner)/(leases)/_layout.tsx
FN:4,LeasesLayout
FN:15,(anonymous_1)
FN:22,(anonymous_2)
FNF:3
FNH:0
FNDA:0,LeasesLayout
FNDA:0,(anonymous_1)
FNDA:0,(anonymous_2)
DA:5,0
DA:15,0
DA:22,0
LF:3
LH:0
BRF:0
BRH:0
end_of_record
TN:
SF:app/(owner)/(leases)/index.tsx
FNF:0
FNH:0
LF:0
LH:0
BRF:0
BRH:0
end_of_record
TN:
SF:app/(owner)/(leases)/maintenance/[id].tsx
FNF:0
FNH:0
LF:0
LH:0
BRF:0
BRH:0
end_of_record
TN:
SF:app/(owner)/(leases)/maintenance/_layout.tsx
FN:3,MaintenanceLayout
FNF:1
FNH:0
FNDA:0,MaintenanceLayout
DA:4,0
LF:1
LH:0
BRF:0
BRH:0
end_of_record
TN:
SF:app/(owner)/(leases)/maintenance/create.tsx
FN:21,ScreenCreateOwnerMaintenance
FN:34,(anonymous_1)
FN:40,(anonymous_2)
FN:50,(anonymous_3)
FN:71,(anonymous_4)
FN:114,(anonymous_5)
FN:127,(anonymous_6)
FN:159,(anonymous_7)
FN:178,(anonymous_8)
FN:203,(anonymous_9)
FN:206,(anonymous_10)
FN:284,(anonymous_11)
FN:304,(anonymous_12)
FN:341,(anonymous_13)
FN:344,(anonymous_14)
FNF:15
FNH:0
FNDA:0,ScreenCreateOwnerMaintenance
FNDA:0,(anonymous_1)
FNDA:0,(anonymous_2)
FNDA:0,(anonymous_3)
FNDA:0,(anonymous_4)
FNDA:0,(anonymous_5)
FNDA:0,(anonymous_6)
FNDA:0,(anonymous_7)
FNDA:0,(anonymous_8)
FNDA:0,(anonymous_9)
FNDA:0,(anonymous_10)
FNDA:0,(anonymous_11)
FNDA:0,(anonymous_12)
FNDA:0,(anonymous_13)
FNDA:0,(anonymous_14)
DA:22,0
DA:23,0
DA:24,0
DA:27,0
DA:28,0
DA:29,0
DA:30,0
DA:31,0
DA:32,0
DA:34,0
DA:35,0
DA:36,0
DA:37,0
DA:40,0
DA:41,0
DA:50,0
DA:52,0
DA:53,0
DA:54,0
DA:55,0
DA:58,0
DA:59,0
DA:60,0
DA:61,0
DA:64,0
DA:65,0
DA:66,0
DA:67,0
DA:71,0
DA:72,0
DA:73,0
DA:74,0
DA:75,0
DA:79,0
DA:90,0
DA:92,0
DA:93,0
DA:94,0
DA:95,0
DA:96,0
DA:97,0
DA:100,0
DA:104,0
DA:105,0
DA:114,0
DA:116,0
DA:117,0
DA:128,0
DA:129,0
DA:159,0
DA:160,0
DA:168,0
DA:179,0
DA:180,0
DA:204,0
DA:207,0
DA:208,0
DA:285,0
DA:286,0
DA:305,0
DA:306,0
DA:342,0
DA:345,0
DA:346,0
LF:64
LH:0
BRDA:52,0,0,0
BRDA:52,0,1,0
BRDA:58,1,0,0
BRDA:58,1,1,0
BRDA:64,2,0,0
BRDA:64,2,1,0
BRDA:72,3,0,0
BRDA:72,3,1,0
BRDA:87,4,0,0
BRDA:87,4,1,0
BRDA:90,5,0,0
BRDA:90,5,1,0
BRDA:104,6,0,0
BRDA:104,6,1,0
BRDA:116,7,0,0
BRDA:116,7,1,0
BRDA:119,8,0,0
BRDA:119,8,1,0
BRDA:170,9,0,0
BRDA:170,9,1,0
BRDA:211,10,0,0
BRDA:211,10,1,0
BRDA:218,11,0,0
BRDA:218,11,1,0
BRDA:221,12,0,0
BRDA:221,12,1,0
BRDA:229,13,0,0
BRDA:229,13,1,0
BRDA:289,14,0,0
BRDA:289,14,1,0
BRDA:296,15,0,0
BRDA:296,15,1,0
BRDA:309,16,0,0
BRDA:309,16,1,0
BRDA:316,17,0,0
BRDA:316,17,1,0
BRDA:349,18,0,0
BRDA:349,18,1,0
BRDA:356,19,0,0
BRDA:356,19,1,0
BRDA:385,20,0,0
BRDA:385,20,1,0
BRDA:391,21,0,0
BRDA:391,21,1,0
BRDA:391,21,2,0
BRDA:391,21,3,0
BRF:46
BRH:0
end_of_record
TN:
SF:app/(owner)/(leases)/maintenance/index.tsx
FNF:0
FNH:0
LF:0
LH:0
BRF:0
BRH:0
end_of_record
TN:
SF:app/(owner)/(properties)/_layout.tsx
FN:5,PropertiesLayout
FN:16,(anonymous_1)
FN:23,(anonymous_2)
FNF:3
FNH:0
FNDA:0,PropertiesLayout
FNDA:0,(anonymous_1)
FNDA:0,(anonymous_2)
DA:6,0
DA:16,0
DA:23,0
LF:3
LH:0
BRF:0
BRH:0
end_of_record
TN:
SF:app/(owner)/(properties)/index.tsx
FN:4,PropertiesIndexScreen
FNF:1
FNH:0
FNDA:0,PropertiesIndexScreen
DA:5,0
LF:1
LH:0
BRF:0
BRH:0
end_of_record
TN:
SF:app/(owner)/(properties)/create/Form.tsx
FN:4,Form
FNF:1
FNH:0
FNDA:0,Form
DA:5,0
LF:1
LH:0
BRF:0
BRH:0
end_of_record
TN:
SF:app/(owner)/(properties)/create/step1.tsx
FN:5,Step1
FNF:1
FNH:0
FNDA:0,Step1
DA:6,0
LF:1
LH:0
BRF:0
BRH:0
end_of_record
TN:
SF:app/(owner)/(properties)/create/step2.tsx
FN:5,Step2
FNF:1
FNH:0
FNDA:0,Step2
DA:6,0
LF:1
LH:0
BRF:0
BRH:0
end_of_record
TN:
SF:app/(owner)/(properties)/create/step3.tsx
FN:6,Step3
FNF:1
FNH:0
FNDA:0,Step3
DA:7,0
LF:1
LH:0
BRF:0
BRH:0
end_of_record
TN:
SF:app/(owner)/(properties)/edit/[id].tsx
FN:5,EditPropertyPage
FNF:1
FNH:0
FNDA:0,EditPropertyPage
DA:6,0
DA:8,0
LF:2
LH:0
BRDA:8,0,0,0
BRDA:8,0,1,0
BRF:2
BRH:0
end_of_record
TN:
SF:app/(owner)/(properties)/plans/index.tsx
FNF:0
FNH:0
LF:0
LH:0
BRF:0
BRH:0
end_of_record
TN:
SF:app/(owner)/(review)/[reviewId].tsx
FN:4,OwnerReviewForm
FNF:1
FNH:0
FNDA:0,OwnerReviewForm
DA:5,0
DA:6,0
LF:2
LH:0
BRF:0
BRH:0
end_of_record
TN:
SF:app/(owner)/(review)/_layout.tsx
FN:4,OwnerReviewLayout
FN:15,(anonymous_1)
FNF:2
FNH:0
FNDA:0,OwnerReviewLayout
FNDA:0,(anonymous_1)
DA:5,0
DA:15,0
LF:2
LH:0
BRF:0
BRH:0
end_of_record
TN:
SF:app/(owner)/(review)/index.tsx
FN:4,OwnerReviewList
FNF:1
FNH:0
FNDA:0,OwnerReviewList
DA:5,0
DA:6,0
LF:2
LH:0
BRF:0
BRH:0
end_of_record
TN:
SF:app/(owner)/(settings)/_layout.tsx
FN:5,SettingsLayout
FN:16,(anonymous_1)
FNF:2
FNH:0
FNDA:0,SettingsLayout
FNDA:0,(anonymous_1)
DA:6,0
DA:16,0
LF:2
LH:0
BRF:0
BRH:0
end_of_record
TN:
SF:app/(owner)/(settings)/index.tsx
FN:5,ProfileScreen
FNF:1
FNH:0
FNDA:0,ProfileScreen
DA:6,0
LF:1
LH:0
BRF:0
BRH:0
end_of_record
TN:
SF:app/(owner)/(settings)/profile.tsx
FN:3,Home
FNF:1
FNH:0
FNDA:0,Home
DA:4,0
LF:1
LH:0
BRF:0
BRH:0
end_of_record
TN:
SF:app/(owner)/(settings)/editProfile/editProfile.tsx
FN:5,LoginPage
FNF:1
FNH:0
FNDA:0,LoginPage
DA:6,0
LF:1
LH:0
BRDA:8,0,0,0
BRDA:8,0,1,0
BRF:2
BRH:0
end_of_record
TN:
SF:app/(owner)/(settings)/payment/viewPayments.tsx
FN:4,viewPayments
FNF:1
FNH:0
FNDA:0,viewPayments
DA:5,0
LF:1
LH:0
BRF:0
BRH:0
end_of_record
TN:
SF:app/(owner)/(settings)/payment/make/[id].tsx
FN:4,makePayment
FNF:1
FNH:0
FNDA:0,makePayment
DA:5,0
DA:7,0
LF:2
LH:0
BRDA:8,0,0,0
BRDA:8,0,1,0
BRF:2
BRH:0
end_of_record
TN:
SF:app/(owner)/(settings)/upload/verifyIdentity.tsx
FN:3,VerifyIdentity
FNF:1
FNH:0
FNDA:0,VerifyIdentity
DA:4,0
LF:1
LH:0
BRF:0
BRH:0
end_of_record
TN:
SF:app/(owner)/(settings)/view/myDocuments.tsx
FN:8,(anonymous_0)
FN:23,(anonymous_1)
FN:28,(anonymous_2)
FN:29,(anonymous_3)
FN:55,(anonymous_4)
FN:56,(anonymous_5)
FNF:6
FNH:0
FNDA:0,(anonymous_0)
FNDA:0,(anonymous_1)
FNDA:0,(anonymous_2)
FNDA:0,(anonymous_3)
FNDA:0,(anonymous_4)
FNDA:0,(anonymous_5)
DA:8,0
DA:9,0
DA:23,0
DA:24,0
DA:25,0
DA:26,0
DA:28,0
DA:29,0
DA:30,0
DA:31,0
DA:32,0
DA:33,0
DA:34,0
DA:36,0
DA:39,0
DA:41,0
DA:44,0
DA:47,0
DA:48,0
DA:50,0
DA:55,0
DA:56,0
DA:66,0
LF:23
LH:0
BRDA:12,0,0,0
BRDA:12,0,1,0
BRDA:13,1,0,0
BRDA:13,1,1,0
BRDA:32,2,0,0
BRDA:32,2,1,0
BRDA:33,3,0,0
BRDA:33,3,1,0
BRDA:34,4,0,0
BRDA:34,4,1,0
BRDA:36,5,0,0
BRDA:36,5,1,0
BRDA:39,6,0,0
BRDA:39,6,1,0
BRDA:47,7,0,0
BRDA:47,7,1,0
BRDA:48,8,0,0
BRDA:48,8,1,0
BRF:18
BRH:0
end_of_record
TN:
SF:app/(user)/_layout.tsx
FN:8,UserTabsLayout
FN:34,(anonymous_1)
FN:45,(anonymous_2)
FN:56,(anonymous_3)
FN:67,(anonymous_4)
FNF:5
FNH:0
FNDA:0,UserTabsLayout
FNDA:0,(anonymous_1)
FNDA:0,(anonymous_2)
FNDA:0,(anonymous_3)
FNDA:0,(anonymous_4)
DA:9,0
DA:10,0
DA:12,0
DA:36,0
DA:46,0
DA:57,0
DA:68,0
LF:7
LH:0
BRF:0
BRH:0
end_of_record
TN:
SF:app/(user)/(applications)/_layout.tsx
FN:3,ApplicationsLayout
FN:14,(anonymous_1)
FN:21,(anonymous_2)
FNF:3
FNH:0
FNDA:0,ApplicationsLayout
FNDA:0,(anonymous_1)
FNDA:0,(anonymous_2)
DA:4,0
DA:14,0
DA:21,0
LF:3
LH:0
BRF:0
BRH:0
end_of_record
TN:
SF:app/(user)/(applications)/index.tsx
FNF:0
FNH:0
LF:0
LH:0
BRF:0
BRH:0
end_of_record
TN:
SF:app/(user)/(applications)/documents/[id].tsx
FNF:0
FNH:0
LF:0
LH:0
BRF:0
BRH:0
end_of_record
TN:
SF:app/(user)/(applications)/view-documents/[id].tsx
FNF:0
FNH:0
LF:0
LH:0
BRF:0
BRH:0
end_of_record
TN:
SF:app/(user)/(home)/[id].tsx
FN:4,PropertyDetailsScreen
FNF:1
FNH:0
FNDA:0,PropertyDetailsScreen
DA:5,0
LF:1
LH:0
BRF:0
BRH:0
end_of_record
TN:
SF:app/(user)/(home)/_layout.tsx
FN:3,HomeLayout
FN:14,(anonymous_1)
FN:21,(anonymous_2)
FNF:3
FNH:0
FNDA:0,HomeLayout
FNDA:0,(anonymous_1)
FNDA:0,(anonymous_2)
DA:4,0
DA:14,0
DA:21,0
LF:3
LH:0
BRF:0
BRH:0
end_of_record
TN:
SF:app/(user)/(home)/index.tsx
FN:4,HomeIndex
FNF:1
FNH:0
FNDA:0,HomeIndex
DA:5,0
LF:1
LH:0
BRF:0
BRH:0
end_of_record
TN:
SF:app/(user)/(leases)/_layout.tsx
FN:4,LeasesLayout
FN:15,(anonymous_1)
FN:22,(anonymous_2)
FNF:3
FNH:0
FNDA:0,LeasesLayout
FNDA:0,(anonymous_1)
FNDA:0,(anonymous_2)
DA:5,0
DA:15,0
DA:22,0
LF:3
LH:0
BRF:0
BRH:0
end_of_record
TN:
SF:app/(user)/(leases)/index.tsx
FNF:0
FNH:0
LF:0
LH:0
BRF:0
BRH:0
end_of_record
TN:
SF:app/(user)/(leases)/maintenance/index.tsx
FNF:0
FNH:0
LF:0
LH:0
BRF:0
BRH:0
end_of_record
TN:
SF:app/(user)/(leases)/maintenance/request.tsx
FNF:0
FNH:0
LF:0
LH:0
BRF:0
BRH:0
end_of_record
TN:
SF:app/(user)/(review)/[reviewId].tsx
FN:3,UserReview
FNF:1
FNH:0
FNDA:0,UserReview
DA:4,0
DA:5,0
LF:2
LH:0
BRF:0
BRH:0
end_of_record
TN:
SF:app/(user)/(review)/_layout.tsx
FN:3,ReviewLayout
FN:14,(anonymous_1)
FNF:2
FNH:0
FNDA:0,ReviewLayout
FNDA:0,(anonymous_1)
DA:4,0
DA:14,0
LF:2
LH:0
BRF:0
BRH:0
end_of_record
TN:
SF:app/(user)/(review)/index.tsx
FN:4,ReviewList
FNF:1
FNH:0
FNDA:0,ReviewList
DA:5,0
DA:6,0
LF:2
LH:0
BRF:0
BRH:0
end_of_record
TN:
SF:app/(user)/(settings)/_layout.tsx
FN:5,AuthLayout
FN:16,(anonymous_1)
FNF:2
FNH:0
FNDA:0,AuthLayout
FNDA:0,(anonymous_1)
DA:6,0
DA:16,0
LF:2
LH:0
BRF:0
BRH:0
end_of_record
TN:
SF:app/(user)/(settings)/editProfile.tsx
FN:5,LoginPage
FNF:1
FNH:0
FNDA:0,LoginPage
DA:6,0
LF:1
LH:0
BRDA:8,0,0,0
BRDA:8,0,1,0
BRF:2
BRH:0
end_of_record
TN:
SF:app/(user)/(settings)/index.tsx
FN:5,ProfileScreen
FNF:1
FNH:0
FNDA:0,ProfileScreen
DA:6,0
LF:1
LH:0
BRF:0
BRH:0
end_of_record
TN:
SF:app/(user)/(settings)/profile.tsx
FN:3,Home
FNF:1
FNH:0
FNDA:0,Home
DA:4,0
LF:1
LH:0
BRF:0
BRH:0
end_of_record
TN:
SF:app/(user)/(settings)/payment/viewPayments.tsx
FN:4,viewPayments
FNF:1
FNH:0
FNDA:0,viewPayments
DA:5,0
LF:1
LH:0
BRF:0
BRH:0
end_of_record
TN:
SF:app/(user)/(settings)/payment/make/[id].tsx
FN:4,makePayment
FNF:1
FNH:0
FNDA:0,makePayment
DA:5,0
DA:7,0
LF:2
LH:0
BRDA:8,0,0,0
BRDA:8,0,1,0
BRF:2
BRH:0
end_of_record
TN:
SF:app/auth/_layout.tsx
FN:5,AuthLayout
FNF:1
FNH:0
FNDA:0,AuthLayout
DA:6,0
DA:8,0
LF:2
LH:0
BRF:0
BRH:0
end_of_record
TN:
SF:app/auth/login.tsx
FN:6,LoginPage
FNF:1
FNH:0
FNDA:0,LoginPage
DA:7,0
LF:1
LH:0
BRF:0
BRH:0
end_of_record
TN:
SF:app/auth/register.tsx
FN:5,RegisterPage
FNF:1
FNH:0
FNDA:0,RegisterPage
DA:6,0
LF:1
LH:0
BRF:0
BRH:0
end_of_record
TN:
SF:app/auth/verify/[id].tsx
FN:5,VerifyPage
FNF:1
FNH:0
FNDA:0,VerifyPage
DA:6,0
DA:8,0
LF:2
LH:0
BRDA:8,0,0,0
BRDA:8,0,1,0
BRF:2
BRH:0
end_of_record
TN:
SF:components/SplashScreen/SplashScreen.tsx
FN:6,SplashScreen
FNF:1
FNH:0
FNDA:0,SplashScreen
DA:7,0
DA:9,0
LF:2
LH:0
BRF:0
BRH:0
end_of_record
TN:
SF:components/atoms/AlertModal.tsx
FN:48,AlertModal
FN:60,(anonymous_1)
FN:79,(anonymous_2)
FNF:3
FNH:0
FNDA:0,AlertModal
FNDA:0,(anonymous_1)
FNDA:0,(anonymous_2)
DA:25,0
DA:57,0
DA:58,0
DA:60,0
DA:61,0
DA:62,0
DA:65,0
DA:79,0
LF:8
LH:0
BRDA:50,0,0,0
BRDA:54,1,0,0
BRDA:58,2,0,0
BRDA:58,2,1,0
BRF:4
BRH:0
end_of_record
TN:
SF:components/atoms/AuthInput.tsx
FN:9,AuthInput
FN:15,(anonymous_1)
FNF:2
FNH:0
FNDA:0,AuthInput
FNDA:0,(anonymous_1)
DA:15,0
DA:16,0
DA:21,0
DA:22,0
DA:32,0
DA:43,0
LF:6
LH:0
BRDA:11,0,0,0
BRDA:21,1,0,0
BRDA:21,1,1,0
BRDA:39,2,0,0
BRDA:39,2,1,0
BRDA:50,3,0,0
BRDA:50,3,1,0
BRF:7
BRH:0
end_of_record
TN:
SF:components/atoms/Avatar.tsx
FN:36,Avatar
FN:52,AvatarImage
FN:64,AvatarFallback
FNF:3
FNH:0
FNDA:0,Avatar
FNDA:0,AvatarImage
FNDA:0,AvatarFallback
DA:24,0
DA:30,0
DA:42,0
DA:53,0
DA:55,0
DA:70,0
LF:6
LH:0
BRDA:37,0,0,0
BRDA:38,1,0,0
BRDA:53,2,0,0
BRDA:53,2,1,0
BRDA:66,3,0,0
BRF:5
BRH:0
end_of_record
TN:
SF:components/atoms/Badge.tsx
FN:32,Badge
FNF:1
FNH:1
FNDA:6,Badge
DA:14,1
DA:23,1
DA:39,6
LF:3
LH:3
BRDA:34,0,0,2
BRDA:35,1,0,6
BRF:2
BRH:2
end_of_record
TN:
SF:components/atoms/Button.tsx
FN:12,Button
FN:19,(anonymous_1)
FN:59,(anonymous_2)
FNF:3
FNH:0
FNDA:0,Button
FNDA:0,(anonymous_1)
FNDA:0,(anonymous_2)
DA:19,0
DA:20,0
DA:23,0
DA:25,0
DA:26,0
DA:28,0
DA:29,0
DA:31,0
DA:35,0
DA:36,0
DA:38,0
DA:40,0
DA:41,0
DA:43,0
DA:44,0
DA:46,0
DA:47,0
DA:49,0
DA:50,0
DA:52,0
DA:56,0
DA:59,0
DA:60,0
DA:63,0
DA:65,0
DA:66,0
DA:68,0
DA:69,0
DA:71,0
DA:75,0
DA:76,0
DA:77,0
DA:78,0
DA:79,0
DA:80,0
DA:82,0
DA:85,0
DA:88,0
LF:38
LH:0
BRDA:15,0,0,0
BRDA:16,1,0,0
BRDA:17,2,0,0
BRDA:23,3,0,0
BRDA:23,3,1,0
BRDA:23,3,2,0
BRDA:35,4,0,0
BRDA:35,4,1,0
BRDA:38,5,0,0
BRDA:38,5,1,0
BRDA:38,5,2,0
BRDA:38,5,3,0
BRDA:38,5,4,0
BRDA:63,6,0,0
BRDA:63,6,1,0
BRDA:63,6,2,0
BRDA:75,7,0,0
BRDA:75,7,1,0
BRDA:77,8,0,0
BRDA:77,8,1,0
BRDA:79,9,0,0
BRDA:79,9,1,0
BRF:22
BRH:0
end_of_record
TN:
SF:components/atoms/ButtonAtom.tsx
FN:19,ButtonAtom
FN:33,(anonymous_1)
FN:51,(anonymous_2)
FN:69,(anonymous_3)
FN:80,(anonymous_4)
FN:115,(anonymous_5)
FN:189,(anonymous_6)
FNF:7
FNH:7
FNDA:7,ButtonAtom
FNDA:7,(anonymous_1)
FNDA:7,(anonymous_2)
FNDA:7,(anonymous_3)
FNDA:7,(anonymous_4)
FNDA:7,(anonymous_5)
FNDA:1,(anonymous_6)
DA:33,7
DA:34,7
DA:47,7
DA:51,7
DA:52,7
DA:65,7
DA:69,7
DA:70,7
DA:76,7
DA:80,7
DA:81,7
DA:87,7
DA:90,7
DA:91,7
DA:92,7
DA:93,7
DA:96,7
DA:97,7
DA:98,7
DA:101,7
DA:112,7
DA:115,7
DA:116,7
DA:117,1
DA:135,6
DA:136,0
DA:166,6
DA:176,7
DA:190,1
DA:191,1
LF:30
LH:29
BRDA:22,0,0,4
BRDA:23,1,0,7
BRDA:24,2,0,6
BRDA:25,3,0,6
BRDA:27,4,0,7
BRDA:28,5,0,7
BRDA:29,6,0,7
BRDA:96,7,0,7
BRDA:96,7,1,6
BRDA:97,8,0,2
BRDA:97,8,1,5
BRDA:98,9,0,0
BRDA:98,9,1,7
BRDA:116,10,0,1
BRDA:116,10,1,6
BRDA:121,11,0,0
BRDA:121,11,1,1
BRDA:121,12,0,1
BRDA:121,12,1,1
BRDA:121,12,2,1
BRDA:122,13,0,0
BRDA:122,13,1,0
BRDA:135,14,0,0
BRDA:135,14,1,6
BRDA:138,15,0,0
BRDA:138,15,1,0
BRDA:142,16,0,0
BRDA:142,16,1,0
BRDA:142,17,0,0
BRDA:142,17,1,0
BRDA:142,17,2,0
BRDA:143,18,0,0
BRDA:143,18,1,0
BRDA:153,19,0,0
BRDA:153,19,1,0
BRDA:157,20,0,0
BRDA:157,20,1,0
BRDA:157,21,0,0
BRDA:157,21,1,0
BRDA:157,21,2,0
BRDA:158,22,0,0
BRDA:158,22,1,0
BRF:42
BRH:19
end_of_record
TN:
SF:components/atoms/Card.tsx
FN:28,Card
FN:39,CardHeader
FN:50,CardTitle
FN:61,CardContent
FNF:4
FNH:0
FNDA:0,Card
FNDA:0,CardHeader
FNDA:0,CardTitle
FNDA:0,CardContent
DA:29,0
DA:40,0
DA:51,0
DA:62,0
LF:4
LH:0
BRDA:28,0,0,0
BRDA:39,1,0,0
BRDA:50,2,0,0
BRDA:61,3,0,0
BRF:4
BRH:0
end_of_record
TN:
SF:components/atoms/ConfirmModal.tsx
FN:24,ConfirmModal
FN:36,(anonymous_1)
FN:37,(anonymous_2)
FN:42,(anonymous_3)
FN:47,(anonymous_4)
FNF:5
FNH:0
FNDA:0,ConfirmModal
FNDA:0,(anonymous_1)
FNDA:0,(anonymous_2)
FNDA:0,(anonymous_3)
FNDA:0,(anonymous_4)
DA:34,0
DA:36,0
DA:37,0
DA:38,0
DA:39,0
DA:42,0
DA:43,0
DA:44,0
DA:47,0
DA:48,0
DA:49,0
DA:50,0
DA:54,0
LF:13
LH:0
BRDA:26,0,0,0
BRDA:27,1,0,0
BRDA:30,2,0,0
BRDA:31,3,0,0
BRDA:32,4,0,0
BRDA:38,5,0,0
BRDA:38,5,1,0
BRDA:48,6,0,0
BRDA:48,6,1,0
BRDA:74,7,0,0
BRDA:74,7,1,0
BRDA:76,8,0,0
BRDA:76,8,1,0
BRDA:101,9,0,0
BRDA:101,9,1,0
BRDA:105,10,0,0
BRDA:105,10,1,0
BRF:17
BRH:0
end_of_record
TN:
SF:components/atoms/FileUploader.tsx
FN:15,FileUploader
FN:27,(anonymous_1)
FN:57,(anonymous_2)
FNF:3
FNH:0
FNDA:0,FileUploader
FNDA:0,(anonymous_1)
FNDA:0,(anonymous_2)
DA:24,0
DA:25,0
DA:27,0
DA:28,0
DA:30,0
DA:31,0
DA:37,0
DA:39,0
DA:41,0
DA:42,0
DA:48,0
DA:51,0
DA:52,0
DA:57,0
DA:58,0
DA:59,0
DA:62,0
DA:64,0
LF:18
LH:0
BRDA:17,0,0,0
BRDA:18,1,0,0
BRDA:19,2,0,0
BRDA:20,3,0,0
BRDA:21,4,0,0
BRDA:28,5,0,0
BRDA:28,5,1,0
BRDA:37,6,0,0
BRDA:37,6,1,0
BRDA:37,7,0,0
BRDA:37,7,1,0
BRDA:41,8,0,0
BRDA:41,8,1,0
BRDA:44,9,0,0
BRDA:44,9,1,0
BRDA:58,10,0,0
BRDA:58,10,1,0
BRDA:62,11,0,0
BRDA:62,11,1,0
BRDA:69,12,0,0
BRDA:69,12,1,0
BRDA:74,13,0,0
BRDA:74,13,1,0
BRDA:83,14,0,0
BRDA:83,14,1,0
BRF:25
BRH:0
end_of_record
TN:
SF:components/atoms/FileViewer.tsx
FN:18,(anonymous_0)
FN:28,(anonymous_1)
FN:37,(anonymous_2)
FN:60,(anonymous_3)
FN:61,(anonymous_4)
FNF:5
FNH:0
FNDA:0,(anonymous_0)
FNDA:0,(anonymous_1)
FNDA:0,(anonymous_2)
FNDA:0,(anonymous_3)
FNDA:0,(anonymous_4)
DA:18,0
DA:19,0
DA:20,0
DA:23,0
DA:24,0
DA:25,0
DA:26,0
DA:28,0
DA:29,0
DA:30,0
DA:32,0
DA:33,0
DA:37,0
DA:38,0
DA:39,0
DA:40,0
DA:42,0
DA:43,0
DA:45,0
DA:46,0
DA:50,0
DA:52,0
DA:60,0
DA:61,0
DA:107,0
LF:25
LH:0
BRDA:19,0,0,0
BRDA:19,0,1,0
BRDA:19,1,0,0
BRDA:19,1,1,0
BRDA:23,2,0,0
BRDA:23,2,1,0
BRDA:54,3,0,0
BRDA:54,3,1,0
BRDA:63,4,0,0
BRDA:63,4,1,0
BRDA:71,5,0,0
BRDA:71,5,1,0
BRDA:80,6,0,0
BRDA:80,6,1,0
BRF:14
BRH:0
end_of_record
TN:
SF:components/atoms/HeaderBackButton.tsx
FN:17,HeaderBackButton
FN:33,(anonymous_1)
FNF:2
FNH:0
FNDA:0,HeaderBackButton
FNDA:0,(anonymous_1)
DA:24,0
DA:27,0
DA:29,0
DA:31,0
DA:33,0
LF:5
LH:0
BRDA:18,0,0,0
BRDA:19,1,0,0
BRDA:21,2,0,0
BRDA:27,3,0,0
BRDA:27,3,1,0
BRDA:29,4,0,0
BRDA:29,4,1,0
BRDA:29,5,0,0
BRDA:29,5,1,0
BRDA:33,6,0,0
BRDA:33,6,1,0
BRF:11
BRH:0
end_of_record
TN:
SF:components/atoms/IconButton.tsx
FN:13,IconButton
FNF:1
FNH:0
FNDA:0,IconButton
DA:20,0
DA:21,0
DA:24,0
LF:3
LH:0
BRDA:15,0,0,0
BRDA:16,1,0,0
BRDA:18,2,0,0
BRDA:20,3,0,0
BRDA:20,3,1,0
BRDA:28,4,0,0
BRDA:28,4,1,0
BRF:7
BRH:0
end_of_record
TN:
SF:components/atoms/ImageCarousel.tsx
FN:9,ImageCarousel
FN:12,(anonymous_1)
FN:37,(anonymous_2)
FNF:3
FNH:0
FNDA:0,ImageCarousel
FNDA:0,(anonymous_1)
FNDA:0,(anonymous_2)
DA:10,0
DA:12,0
DA:13,0
DA:14,0
DA:15,0
DA:18,0
DA:19,0
DA:29,0
DA:38,0
LF:9
LH:0
BRDA:9,0,0,0
BRDA:18,1,0,0
BRDA:18,1,1,0
BRDA:18,2,0,0
BRDA:18,2,1,0
BRDA:49,3,0,0
BRDA:49,3,1,0
BRF:7
BRH:0
end_of_record
TN:
SF:components/atoms/ImageUploader.tsx
FN:19,ImageUploader
FN:36,(anonymous_1)
FN:53,(anonymous_2)
FN:94,(anonymous_3)
FN:105,(anonymous_4)
FN:106,(anonymous_5)
FN:114,(anonymous_6)
FN:122,(anonymous_7)
FNF:8
FNH:0
FNDA:0,ImageUploader
FNDA:0,(anonymous_1)
FNDA:0,(anonymous_2)
FNDA:0,(anonymous_3)
FNDA:0,(anonymous_4)
FNDA:0,(anonymous_5)
FNDA:0,(anonymous_6)
FNDA:0,(anonymous_7)
DA:32,0
DA:33,0
DA:36,0
DA:37,0
DA:38,0
DA:39,0
DA:40,0
DA:41,0
DA:44,0
DA:45,0
DA:46,0
DA:47,0
DA:50,0
DA:53,0
DA:54,0
DA:56,0
DA:57,0
DA:58,0
DA:60,0
DA:69,0
DA:70,0
DA:72,0
DA:75,0
DA:77,0
DA:79,0
DA:80,0
DA:86,0
DA:89,0
DA:90,0
DA:94,0
DA:95,0
DA:96,0
DA:97,0
DA:98,0
DA:101,0
DA:105,0
DA:106,0
DA:114,0
DA:115,0
DA:116,0
DA:119,0
DA:122,0
DA:123,0
DA:124,0
DA:146,0
DA:165,0
LF:46
LH:0
BRDA:21,0,0,0
BRDA:22,1,0,0
BRDA:23,2,0,0
BRDA:24,3,0,0
BRDA:25,4,0,0
BRDA:26,5,0,0
BRDA:27,6,0,0
BRDA:28,7,0,0
BRDA:29,8,0,0
BRDA:33,9,0,0
BRDA:33,9,1,0
BRDA:37,10,0,0
BRDA:37,10,1,0
BRDA:39,11,0,0
BRDA:39,11,1,0
BRDA:45,12,0,0
BRDA:45,12,1,0
BRDA:54,13,0,0
BRDA:54,13,1,0
BRDA:58,14,0,0
BRDA:58,14,1,0
BRDA:65,15,0,0
BRDA:65,15,1,0
BRDA:69,16,0,0
BRDA:69,16,1,0
BRDA:75,17,0,0
BRDA:75,17,1,0
BRDA:75,18,0,0
BRDA:75,18,1,0
BRDA:79,19,0,0
BRDA:79,19,1,0
BRDA:82,20,0,0
BRDA:82,20,1,0
BRDA:95,21,0,0
BRDA:95,21,1,0
BRDA:97,22,0,0
BRDA:97,22,1,0
BRDA:115,23,0,0
BRDA:115,23,1,0
BRDA:119,24,0,0
BRDA:119,24,1,0
BRDA:123,25,0,0
BRDA:123,25,1,0
BRDA:130,26,0,0
BRDA:130,26,1,0
BRDA:152,27,0,0
BRDA:152,27,1,0
BRDA:170,28,0,0
BRDA:170,28,1,0
BRDA:174,29,0,0
BRDA:174,29,1,0
BRF:51
BRH:0
end_of_record
TN:
SF:components/atoms/Input.tsx
FN:24,Input
FN:46,(anonymous_1)
FN:56,(anonymous_2)
FNF:3
FNH:0
FNDA:0,Input
FNDA:0,(anonymous_1)
FNDA:0,(anonymous_2)
DA:46,0
DA:47,0
DA:48,0
DA:51,0
DA:52,0
DA:56,0
DA:57,0
DA:58,0
DA:64,0
DA:71,0
LF:10
LH:0
BRDA:29,0,0,0
BRDA:31,1,0,0
BRDA:36,2,0,0
BRDA:37,3,0,0
BRDA:38,4,0,0
BRDA:39,5,0,0
BRDA:40,6,0,0
BRDA:41,7,0,0
BRDA:47,8,0,0
BRDA:47,8,1,0
BRDA:47,9,0,0
BRDA:47,9,1,0
BRDA:51,10,0,0
BRDA:51,10,1,0
BRDA:57,11,0,0
BRDA:57,11,1,0
BRDA:73,12,0,0
BRDA:73,12,1,0
BRDA:99,13,0,0
BRDA:99,13,1,0
BRF:20
BRH:0
end_of_record
TN:
SF:components/atoms/InputForm.tsx
FN:16,Input
FN:26,(anonymous_1)
FNF:2
FNH:0
FNDA:0,Input
FNDA:0,(anonymous_1)
DA:26,0
DA:27,0
DA:28,0
DA:40,0
DA:52,0
LF:5
LH:0
BRDA:20,0,0,0
BRDA:22,1,0,0
BRDA:23,2,0,0
BRDA:24,3,0,0
BRDA:27,4,0,0
BRDA:27,4,1,0
BRDA:46,5,0,0
BRDA:46,5,1,0
BRDA:47,6,0,0
BRDA:47,6,1,0
BRDA:64,7,0,0
BRDA:64,7,1,0
BRF:12
BRH:0
end_of_record
TN:
SF:components/atoms/Label.tsx
FN:11,Label
FN:17,(anonymous_1)
FNF:2
FNH:2
FNDA:7,Label
FNDA:7,(anonymous_1)
DA:17,7
DA:18,7
DA:21,7
DA:23,1
DA:24,1
DA:26,1
DA:27,1
DA:29,0
DA:30,0
DA:32,5
DA:36,7
DA:38,0
DA:39,0
DA:41,0
DA:42,0
DA:44,1
DA:45,1
DA:47,6
DA:51,7
DA:53,1
DA:54,1
DA:56,1
DA:57,1
DA:59,1
DA:60,1
DA:62,4
DA:65,7
DA:68,7
LF:28
LH:22
BRDA:13,0,0,4
BRDA:14,1,0,5
BRDA:15,2,0,6
BRDA:21,3,0,1
BRDA:21,3,1,1
BRDA:21,3,2,0
BRDA:21,3,3,5
BRDA:36,4,0,0
BRDA:36,4,1,0
BRDA:36,4,2,1
BRDA:36,4,3,6
BRDA:51,5,0,1
BRDA:51,5,1,1
BRDA:51,5,2,1
BRDA:51,5,3,4
BRF:15
BRH:12
end_of_record
TN:
SF:components/atoms/ModernButton.tsx
FN:16,ModernButton
FN:27,(anonymous_1)
FN:52,(anonymous_2)
FN:82,(anonymous_3)
FN:99,(anonymous_4)
FN:102,(anonymous_5)
FNF:6
FNH:0
FNDA:0,ModernButton
FNDA:0,(anonymous_1)
FNDA:0,(anonymous_2)
FNDA:0,(anonymous_3)
FNDA:0,(anonymous_4)
FNDA:0,(anonymous_5)
DA:27,0
DA:28,0
DA:31,0
DA:32,0
DA:33,0
DA:35,0
DA:36,0
DA:38,0
DA:39,0
DA:41,0
DA:42,0
DA:45,0
DA:50,0
DA:52,0
DA:53,0
DA:65,0
DA:66,0
DA:73,0
DA:82,0
DA:83,0
DA:84,0
DA:91,0
DA:99,0
DA:100,0
DA:102,0
DA:106,0
LF:26
LH:0
BRDA:19,0,0,0
BRDA:20,1,0,0
BRDA:21,2,0,0
BRDA:22,3,0,0
BRDA:23,4,0,0
BRDA:28,5,0,0
BRDA:28,5,1,0
BRDA:28,6,0,0
BRDA:28,6,1,0
BRDA:31,7,0,0
BRDA:31,7,1,0
BRDA:33,8,0,0
BRDA:33,8,1,0
BRDA:33,8,2,0
BRDA:65,9,0,0
BRDA:65,9,1,0
BRDA:68,10,0,0
BRDA:68,10,1,0
BRDA:75,11,0,0
BRDA:75,11,1,0
BRDA:77,12,0,0
BRDA:77,12,1,0
BRDA:83,13,0,0
BRDA:83,13,1,0
BRDA:92,14,0,0
BRDA:92,14,1,0
BRDA:100,15,0,0
BRDA:100,15,1,0
BRDA:100,16,0,0
BRDA:100,16,1,0
BRDA:100,16,2,0
BRDA:111,17,0,0
BRDA:111,17,1,0
BRDA:114,18,0,0
BRDA:114,18,1,0
BRF:35
BRH:0
end_of_record
TN:
SF:components/atoms/NumericField.tsx
FN:29,NumericField
FN:51,(anonymous_1)
FN:57,(anonymous_2)
FNF:3
FNH:0
FNDA:0,NumericField
FNDA:0,(anonymous_1)
FNDA:0,(anonymous_2)
DA:46,0
DA:51,0
DA:52,0
DA:53,0
DA:57,0
DA:58,0
DA:61,0
DA:62,0
DA:65,0
DA:68,0
DA:69,0
DA:72,0
DA:73,0
DA:74,0
DA:79,0
DA:80,0
DA:81,0
DA:82,0
DA:85,0
DA:86,0
DA:87,0
DA:88,0
DA:89,0
DA:91,0
DA:94,0
DA:96,0
DA:101,0
DA:102,0
DA:103,0
DA:107,0
DA:108,0
DA:109,0
DA:113,0
LF:33
LH:0
BRDA:32,0,0,0
BRDA:33,1,0,0
BRDA:34,2,0,0
BRDA:38,3,0,0
BRDA:47,4,0,0
BRDA:47,4,1,0
BRDA:47,5,0,0
BRDA:47,5,1,0
BRDA:52,6,0,0
BRDA:52,6,1,0
BRDA:52,7,0,0
BRDA:52,7,1,0
BRDA:53,8,0,0
BRDA:53,8,1,0
BRDA:61,9,0,0
BRDA:61,9,1,0
BRDA:62,10,0,0
BRDA:62,10,1,0
BRDA:68,11,0,0
BRDA:68,11,1,0
BRDA:69,12,0,0
BRDA:69,12,1,0
BRDA:73,13,0,0
BRDA:73,13,1,0
BRDA:80,14,0,0
BRDA:80,14,1,0
BRDA:81,15,0,0
BRDA:81,15,1,0
BRDA:86,16,0,0
BRDA:86,16,1,0
BRDA:86,17,0,0
BRDA:86,17,1,0
BRDA:88,18,0,0
BRDA:88,18,1,0
BRDA:88,19,0,0
BRDA:88,19,1,0
BRDA:94,20,0,0
BRDA:94,20,1,0
BRDA:101,21,0,0
BRDA:101,21,1,0
BRDA:101,22,0,0
BRDA:101,22,1,0
BRDA:101,22,2,0
BRDA:101,22,3,0
BRDA:101,22,4,0
BRDA:107,23,0,0
BRDA:107,23,1,0
BRDA:108,24,0,0
BRDA:108,24,1,0
BRF:49
BRH:0
end_of_record
TN:
SF:components/atoms/OptionModal.tsx
FN:22,OptionModal
FNF:1
FNH:0
FNDA:0,OptionModal
DA:31,0
DA:68,0
LF:2
LH:0
BRDA:24,0,0,0
BRDA:25,1,0,0
BRDA:28,2,0,0
BRDA:29,3,0,0
BRDA:51,4,0,0
BRDA:51,4,1,0
BRF:6
BRH:0
end_of_record
TN:
SF:components/atoms/PaymentModal.tsx
FN:13,formatDate
FN:40,PaymentModal
FNF:2
FNH:0
FNDA:0,formatDate
FNDA:0,PaymentModal
DA:14,0
DA:15,0
DA:16,0
DA:24,0
DA:28,0
DA:41,0
DA:42,0
DA:44,0
LF:8
LH:0
BRDA:14,0,0,0
BRDA:14,0,1,0
BRDA:41,1,0,0
BRDA:41,1,1,0
BRDA:42,2,0,0
BRDA:42,2,1,0
BRDA:42,2,2,0
BRDA:66,3,0,0
BRDA:66,3,1,0
BRDA:73,4,0,0
BRDA:73,4,1,0
BRDA:76,5,0,0
BRDA:76,5,1,0
BRDA:80,6,0,0
BRDA:80,6,1,0
BRDA:89,7,0,0
BRDA:89,7,1,0
BRDA:92,8,0,0
BRDA:92,8,1,0
BRDA:99,9,0,0
BRDA:99,9,1,0
BRF:21
BRH:0
end_of_record
TN:
SF:components/atoms/PhoneCallButton.tsx
FN:11,PhoneCallButton
FN:16,(anonymous_1)
FN:24,(anonymous_2)
FN:31,(anonymous_3)
FNF:4
FNH:0
FNDA:0,PhoneCallButton
FNDA:0,(anonymous_1)
FNDA:0,(anonymous_2)
FNDA:0,(anonymous_3)
DA:16,0
DA:18,0
DA:21,0
DA:23,0
DA:25,0
DA:26,0
DA:28,0
DA:31,0
DA:34,0
DA:35,0
DA:46,0
DA:47,0
DA:60,0
LF:13
LH:0
BRDA:13,0,0,0
BRDA:14,1,0,0
BRDA:25,2,0,0
BRDA:25,2,1,0
BRDA:34,3,0,0
BRDA:34,3,1,0
BRDA:46,4,0,0
BRDA:46,4,1,0
BRDA:53,5,0,0
BRDA:53,5,1,0
BRDA:73,6,0,0
BRDA:73,6,1,0
BRF:12
BRH:0
end_of_record
TN:
SF:components/atoms/Picker.tsx
FN:21,(anonymous_0)
FN:36,(anonymous_1)
FN:81,(anonymous_2)
FN:123,(anonymous_3)
FNF:4
FNH:0
FNDA:0,(anonymous_0)
FNDA:0,(anonymous_1)
FNDA:0,(anonymous_2)
FNDA:0,(anonymous_3)
DA:21,0
DA:36,0
DA:37,0
DA:68,0
DA:71,0
DA:74,0
DA:81,0
DA:82,0
DA:83,0
DA:89,0
DA:96,0
DA:124,0
LF:12
LH:0
BRDA:27,0,0,0
BRDA:75,1,0,0
BRDA:75,1,1,0
BRDA:76,2,0,0
BRDA:76,2,1,0
BRDA:77,3,0,0
BRDA:77,3,1,0
BRDA:78,4,0,0
BRDA:78,4,1,0
BRDA:79,5,0,0
BRDA:79,5,1,0
BRDA:82,6,0,0
BRDA:82,6,1,0
BRDA:98,7,0,0
BRDA:98,7,1,0
BRDA:133,8,0,0
BRDA:133,8,1,0
BRF:17
BRH:0
end_of_record
TN:
SF:components/atoms/PlanCard.tsx
FN:16,PlanCard
FN:18,(anonymous_1)
FN:86,(anonymous_2)
FN:126,(anonymous_3)
FN:133,(anonymous_4)
FNF:5
FNH:0
FNDA:0,PlanCard
FNDA:0,(anonymous_1)
FNDA:0,(anonymous_2)
FNDA:0,(anonymous_3)
FNDA:0,(anonymous_4)
DA:18,0
DA:19,0
DA:20,0
DA:21,0
DA:22,0
DA:23,0
DA:24,0
DA:25,0
DA:28,0
DA:78,0
DA:79,0
DA:80,0
DA:81,0
DA:82,0
DA:83,0
DA:84,0
DA:86,0
DA:87,0
DA:88,0
DA:91,0
DA:127,0
DA:128,0
DA:134,0
LF:23
LH:0
BRDA:19,0,0,0
BRDA:19,0,1,0
BRDA:21,1,0,0
BRDA:21,1,1,0
BRDA:21,2,0,0
BRDA:21,2,1,0
BRDA:21,2,2,0
BRDA:22,3,0,0
BRDA:22,3,1,0
BRDA:22,4,0,0
BRDA:22,4,1,0
BRDA:23,5,0,0
BRDA:23,5,1,0
BRDA:23,6,0,0
BRDA:23,6,1,0
BRDA:23,6,2,0
BRDA:24,7,0,0
BRDA:24,7,1,0
BRDA:79,8,0,0
BRDA:79,8,1,0
BRDA:80,9,0,0
BRDA:80,9,1,0
BRDA:84,10,0,0
BRDA:84,10,1,0
BRDA:84,11,0,0
BRDA:84,11,1,0
BRDA:87,12,0,0
BRDA:87,12,1,0
BRDA:87,13,0,0
BRDA:87,13,1,0
BRDA:96,14,0,0
BRDA:96,14,1,0
BRDA:100,15,0,0
BRDA:100,15,1,0
BRDA:100,15,2,0
BRDA:108,16,0,0
BRDA:108,16,1,0
BRDA:114,17,0,0
BRDA:114,17,1,0
BRDA:122,18,0,0
BRDA:122,18,1,0
BRDA:123,19,0,0
BRDA:123,19,1,0
BRDA:128,20,0,0
BRDA:128,20,1,0
BRDA:128,21,0,0
BRDA:128,21,1,0
BRDA:131,22,0,0
BRDA:131,22,1,0
BRDA:134,23,0,0
BRDA:134,23,1,0
BRDA:142,24,0,0
BRDA:142,24,1,0
BRDA:142,25,0,0
BRDA:142,25,1,0
BRF:55
BRH:0
end_of_record
TN:
SF:components/atoms/ProgressBar.tsx
FN:17,ProgressBar
FN:33,(anonymous_1)
FN:43,(anonymous_2)
FNF:3
FNH:0
FNDA:0,ProgressBar
FNDA:0,(anonymous_1)
FNDA:0,(anonymous_2)
DA:19,0
DA:20,0
DA:24,0
DA:25,0
DA:28,0
DA:34,0
DA:35,0
DA:36,0
DA:39,0
DA:40,0
DA:43,0
DA:82,0
LF:12
LH:0
BRDA:19,0,0,0
BRDA:19,0,1,0
BRDA:19,1,0,0
BRDA:19,1,1,0
BRDA:24,2,0,0
BRDA:24,2,1,0
BRDA:24,3,0,0
BRDA:24,3,1,0
BRDA:39,4,0,0
BRDA:39,4,1,0
BRDA:39,5,0,0
BRDA:39,5,1,0
BRDA:46,6,0,0
BRDA:46,6,1,0
BRDA:46,7,0,0
BRDA:46,7,1,0
BRDA:47,8,0,0
BRDA:47,8,1,0
BRDA:54,9,0,0
BRDA:54,9,1,0
BRDA:56,10,0,0
BRDA:56,10,1,0
BRDA:65,11,0,0
BRDA:65,11,1,0
BRDA:67,12,0,0
BRDA:67,12,1,0
BRDA:87,13,0,0
BRDA:87,13,1,0
BRDA:87,14,0,0
BRDA:87,14,1,0
BRDA:88,15,0,0
BRDA:88,15,1,0
BRDA:95,16,0,0
BRDA:95,16,1,0
BRDA:97,17,0,0
BRDA:97,17,1,0
BRDA:106,18,0,0
BRDA:106,18,1,0
BRDA:108,19,0,0
BRDA:108,19,1,0
BRF:40
BRH:0
end_of_record
TN:
SF:components/atoms/ToastNotification.tsx
FN:41,ToastNotification
FN:54,(anonymous_1)
FN:71,(anonymous_2)
FN:75,(anonymous_3)
FN:79,(anonymous_4)
FN:91,(anonymous_5)
FNF:6
FNH:0
FNDA:0,ToastNotification
FNDA:0,(anonymous_1)
FNDA:0,(anonymous_2)
FNDA:0,(anonymous_3)
FNDA:0,(anonymous_4)
FNDA:0,(anonymous_5)
DA:22,0
DA:49,0
DA:50,0
DA:51,0
DA:52,0
DA:54,0
DA:55,0
DA:57,0
DA:71,0
DA:72,0
DA:75,0
DA:79,0
DA:80,0
DA:92,0
DA:96,0
DA:98,0
LF:16
LH:0
BRDA:43,0,0,0
BRDA:45,1,0,0
BRDA:50,2,0,0
BRDA:50,2,1,0
BRDA:55,3,0,0
BRDA:55,3,1,0
BRDA:96,4,0,0
BRDA:96,4,1,0
BRF:8
BRH:0
end_of_record
TN:
SF:components/atoms/Toggle.tsx
FN:17,Toggle
FN:27,(anonymous_1)
FNF:2
FNH:0
FNDA:0,Toggle
FNDA:0,(anonymous_1)
DA:27,0
DA:28,0
DA:30,0
DA:32,0
DA:35,0
LF:5
LH:0
BRDA:20,0,0,0
BRDA:22,1,0,0
BRDA:23,2,0,0
BRDA:28,3,0,0
BRDA:28,3,1,0
BRDA:28,4,0,0
BRDA:28,4,1,0
BRDA:41,5,0,0
BRDA:41,5,1,0
BRDA:41,6,0,0
BRDA:41,6,1,0
BRF:11
BRH:0
end_of_record
TN:
SF:components/atoms/WhatsAppButton.tsx
FN:12,WhatsAppButton
FN:18,(anonymous_1)
FN:29,(anonymous_2)
FN:36,(anonymous_3)
FNF:4
FNH:0
FNDA:0,WhatsAppButton
FNDA:0,(anonymous_1)
FNDA:0,(anonymous_2)
FNDA:0,(anonymous_3)
DA:18,0
DA:20,0
DA:23,0
DA:26,0
DA:28,0
DA:30,0
DA:31,0
DA:33,0
DA:36,0
DA:39,0
DA:40,0
DA:51,0
DA:52,0
DA:65,0
LF:14
LH:0
BRDA:14,0,0,0
BRDA:15,1,0,0
BRDA:16,2,0,0
BRDA:26,3,0,0
BRDA:26,3,1,0
BRDA:30,4,0,0
BRDA:30,4,1,0
BRDA:39,5,0,0
BRDA:39,5,1,0
BRDA:51,6,0,0
BRDA:51,6,1,0
BRDA:58,7,0,0
BRDA:58,7,1,0
BRDA:78,8,0,0
BRDA:78,8,1,0
BRF:15
BRH:0
end_of_record
TN:
SF:components/molecules/AcceptMaintenanceModal.tsx
FN:14,AcceptMaintenanceModal
FN:24,(anonymous_1)
FN:30,(anonymous_2)
FN:49,(anonymous_3)
FN:56,(anonymous_4)
FN:122,(anonymous_5)
FN:125,(anonymous_6)
FNF:7
FNH:0
FNDA:0,AcceptMaintenanceModal
FNDA:0,(anonymous_1)
FNDA:0,(anonymous_2)
FNDA:0,(anonymous_3)
FNDA:0,(anonymous_4)
FNDA:0,(anonymous_5)
FNDA:0,(anonymous_6)
DA:20,0
DA:21,0
DA:22,0
DA:24,0
DA:25,0
DA:26,0
DA:27,0
DA:30,0
DA:31,0
DA:32,0
DA:34,0
DA:35,0
DA:36,0
DA:37,0
DA:39,0
DA:40,0
DA:42,0
DA:43,0
DA:45,0
DA:49,0
DA:50,0
DA:51,0
DA:52,0
DA:53,0
DA:56,0
DA:57,0
DA:66,0
DA:74,0
DA:123,0
DA:126,0
DA:127,0
LF:31
LH:0
BRDA:36,0,0,0
BRDA:36,0,1,0
BRDA:130,1,0,0
BRDA:130,1,1,0
BRDA:137,2,0,0
BRDA:137,2,1,0
BRF:6
BRH:0
end_of_record
TN:
SF:components/molecules/ActionButton.tsx
FN:17,ActionButton
FNF:1
FNH:0
FNDA:0,ActionButton
DA:27,0
LF:1
LH:0
BRDA:20,0,0,0
BRDA:21,1,0,0
BRDA:22,2,0,0
BRDA:37,3,0,0
BRDA:37,3,1,0
BRDA:40,4,0,0
BRDA:40,4,1,0
BRDA:40,4,2,0
BRF:8
BRH:0
end_of_record
TN:
SF:components/molecules/ApplicationDetailModal.tsx
FN:28,ApplicationDetailModal
FN:40,(anonymous_1)
FN:45,(anonymous_2)
FN:50,(anonymous_3)
FN:100,(anonymous_4)
FNF:5
FNH:0
FNDA:0,ApplicationDetailModal
FNDA:0,(anonymous_1)
FNDA:0,(anonymous_2)
FNDA:0,(anonymous_3)
FNDA:0,(anonymous_4)
DA:36,0
DA:38,0
DA:40,0
DA:41,0
DA:42,0
DA:45,0
DA:46,0
DA:47,0
DA:50,0
DA:51,0
DA:58,0
DA:101,0
LF:12
LH:0
BRDA:33,0,0,0
BRDA:34,1,0,0
BRDA:38,2,0,0
BRDA:38,2,1,0
BRDA:162,3,0,0
BRDA:162,3,1,0
BRF:6
BRH:0
end_of_record
TN:
SF:components/molecules/CompleteMaintenanceModal.tsx
FN:16,CompleteMaintenanceModal
FN:27,(anonymous_1)
FN:45,(anonymous_2)
FN:51,(anonymous_3)
FNF:4
FNH:0
FNDA:0,CompleteMaintenanceModal
FNDA:0,(anonymous_1)
FNDA:0,(anonymous_2)
FNDA:0,(anonymous_3)
DA:24,0
DA:25,0
DA:27,0
DA:28,0
DA:29,0
DA:31,0
DA:32,0
DA:33,0
DA:35,0
DA:36,0
DA:38,0
DA:39,0
DA:41,0
DA:45,0
DA:46,0
DA:47,0
DA:48,0
DA:51,0
DA:52,0
DA:53,0
DA:60,0
LF:21
LH:0
BRDA:24,0,0,0
BRDA:24,0,1,0
BRDA:32,1,0,0
BRDA:32,1,1,0
BRDA:112,2,0,0
BRDA:112,2,1,0
BRDA:125,3,0,0
BRDA:125,3,1,0
BRDA:137,4,0,0
BRDA:137,4,1,0
BRDA:144,5,0,0
BRDA:144,5,1,0
BRDA:149,6,0,0
BRDA:149,6,1,0
BRDA:149,6,2,0
BRDA:149,6,3,0
BRDA:152,7,0,0
BRDA:152,7,1,0
BRDA:154,8,0,0
BRDA:154,8,1,0
BRDA:156,9,0,0
BRDA:156,9,1,0
BRDA:157,10,0,0
BRDA:157,10,1,0
BRF:24
BRH:0
end_of_record
TN:
SF:components/molecules/ConfirmMaintenanceModal.tsx
FN:16,ConfirmMaintenanceModal
FN:26,(anonymous_1)
FN:42,(anonymous_2)
FN:47,(anonymous_3)
FNF:4
FNH:0
FNDA:0,ConfirmMaintenanceModal
FNDA:0,(anonymous_1)
FNDA:0,(anonymous_2)
FNDA:0,(anonymous_3)
DA:24,0
DA:26,0
DA:27,0
DA:28,0
DA:30,0
DA:31,0
DA:32,0
DA:33,0
DA:35,0
DA:36,0
DA:38,0
DA:42,0
DA:43,0
DA:44,0
DA:47,0
DA:48,0
DA:49,0
DA:58,0
LF:18
LH:0
BRDA:120,0,0,0
BRDA:120,0,1,0
BRF:2
BRH:0
end_of_record
TN:
SF:components/molecules/EmptyReviews.tsx
FN:11,EmptyReviews
FNF:1
FNH:0
FNDA:0,EmptyReviews
DA:16,0
LF:1
LH:0
BRDA:14,0,0,0
BRF:1
BRH:0
end_of_record
TN:
SF:components/molecules/InputField.tsx
FN:17,InputField
FNF:1
FNH:0
FNDA:0,InputField
DA:27,0
LF:1
LH:0
BRDA:22,0,0,0
BRDA:24,1,0,0
BRDA:25,2,0,0
BRDA:29,3,0,0
BRDA:29,3,1,0
BRDA:32,4,0,0
BRDA:32,4,1,0
BRDA:35,5,0,0
BRDA:35,5,1,0
BRF:9
BRH:0
end_of_record
TN:
SF:components/molecules/LabeledInput.tsx
FN:15,LabeledInput
FNF:1
FNH:0
FNDA:0,LabeledInput
DA:24,0
LF:1
LH:0
BRDA:21,0,0,0
BRDA:22,1,0,0
BRF:2
BRH:0
end_of_record
TN:
SF:components/molecules/LeaseCard.tsx
FN:16,LeaseCard
FN:18,(anonymous_1)
FN:28,(anonymous_2)
FN:39,(anonymous_3)
FN:55,(anonymous_4)
FN:71,(anonymous_5)
FN:78,(anonymous_6)
FN:205,(anonymous_7)
FNF:8
FNH:0
FNDA:0,LeaseCard
FNDA:0,(anonymous_1)
FNDA:0,(anonymous_2)
FNDA:0,(anonymous_3)
FNDA:0,(anonymous_4)
FNDA:0,(anonymous_5)
FNDA:0,(anonymous_6)
FNDA:0,(anonymous_7)
DA:18,0
DA:19,0
DA:20,0
DA:28,0
DA:29,0
DA:30,0
DA:31,0
DA:32,0
DA:33,0
DA:36,0
DA:39,0
DA:40,0
DA:42,0
DA:44,0
DA:46,0
DA:48,0
DA:50,0
DA:55,0
DA:56,0
DA:58,0
DA:60,0
DA:62,0
DA:64,0
DA:66,0
DA:71,0
DA:72,0
DA:73,0
DA:74,0
DA:78,0
DA:79,0
DA:80,0
DA:81,0
DA:84,0
DA:206,0
DA:207,0
LF:35
LH:0
BRDA:40,0,0,0
BRDA:40,0,1,0
BRDA:40,0,2,0
BRDA:40,0,3,0
BRDA:40,0,4,0
BRDA:56,1,0,0
BRDA:56,1,1,0
BRDA:56,1,2,0
BRDA:56,1,3,0
BRDA:56,1,4,0
BRDA:90,2,0,0
BRDA:90,2,1,0
BRDA:151,3,0,0
BRDA:151,3,1,0
BRDA:154,4,0,0
BRDA:154,4,1,0
BRDA:203,5,0,0
BRDA:203,5,1,0
BRDA:203,5,2,0
BRF:19
BRH:0
end_of_record
TN:
SF:components/molecules/LeaseSigningModal.tsx
FN:28,LeaseSigningModal
FN:40,(anonymous_1)
FN:45,(anonymous_2)
FN:50,(anonymous_3)
FN:100,(anonymous_4)
FNF:5
FNH:0
FNDA:0,LeaseSigningModal
FNDA:0,(anonymous_1)
FNDA:0,(anonymous_2)
FNDA:0,(anonymous_3)
FNDA:0,(anonymous_4)
DA:36,0
DA:38,0
DA:40,0
DA:41,0
DA:42,0
DA:45,0
DA:46,0
DA:47,0
DA:50,0
DA:51,0
DA:58,0
DA:101,0
LF:12
LH:0
BRDA:33,0,0,0
BRDA:34,1,0,0
BRDA:38,2,0,0
BRDA:38,2,1,0
BRDA:191,3,0,0
BRDA:191,3,1,0
BRF:6
BRH:0
end_of_record
TN:
SF:components/molecules/MaintenanceRequestCard.tsx
FN:23,MaintenanceRequestCard
FN:31,(anonymous_1)
FN:50,(anonymous_2)
FN:73,(anonymous_3)
FN:145,(anonymous_4)
FN:259,(anonymous_5)
FN:272,(anonymous_6)
FN:285,(anonymous_7)
FNF:8
FNH:0
FNDA:0,MaintenanceRequestCard
FNDA:0,(anonymous_1)
FNDA:0,(anonymous_2)
FNDA:0,(anonymous_3)
FNDA:0,(anonymous_4)
FNDA:0,(anonymous_5)
FNDA:0,(anonymous_6)
FNDA:0,(anonymous_7)
DA:31,0
DA:32,0
DA:33,0
DA:41,0
DA:44,0
DA:47,0
DA:50,0
DA:51,0
DA:53,0
DA:55,0
DA:59,0
DA:61,0
DA:63,0
DA:66,0
DA:68,0
DA:73,0
DA:74,0
DA:75,0
DA:78,0
DA:80,0
DA:82,0
DA:84,0
DA:88,0
DA:146,0
DA:260,0
DA:261,0
DA:273,0
DA:274,0
DA:286,0
DA:287,0
LF:30
LH:0
BRDA:28,0,0,0
BRDA:41,1,0,0
BRDA:41,1,1,0
BRDA:44,2,0,0
BRDA:44,2,1,0
BRDA:51,3,0,0
BRDA:51,3,1,0
BRDA:51,3,2,0
BRDA:51,3,3,0
BRDA:51,3,4,0
BRDA:51,3,5,0
BRDA:51,3,6,0
BRDA:51,3,7,0
BRDA:51,3,8,0
BRDA:51,3,9,0
BRDA:74,4,0,0
BRDA:74,4,1,0
BRDA:75,5,0,0
BRDA:75,5,1,0
BRDA:75,5,2,0
BRDA:75,5,3,0
BRDA:75,5,4,0
BRDA:95,6,0,0
BRDA:95,6,1,0
BRDA:104,7,0,0
BRDA:104,7,1,0
BRDA:125,8,0,0
BRDA:125,8,1,0
BRDA:125,8,2,0
BRDA:129,9,0,0
BRDA:129,9,1,0
BRDA:139,10,0,0
BRDA:139,10,1,0
BRDA:139,10,2,0
BRDA:147,11,0,0
BRDA:147,11,1,0
BRDA:165,12,0,0
BRDA:165,12,1,0
BRDA:174,13,0,0
BRDA:174,13,1,0
BRDA:185,14,0,0
BRDA:185,14,1,0
BRDA:195,15,0,0
BRDA:195,15,1,0
BRDA:195,15,2,0
BRDA:197,16,0,0
BRDA:197,16,1,0
BRDA:205,17,0,0
BRDA:205,17,1,0
BRDA:217,18,0,0
BRDA:217,18,1,0
BRDA:217,18,2,0
BRDA:229,19,0,0
BRDA:229,19,1,0
BRDA:243,20,0,0
BRDA:243,20,1,0
BRDA:257,21,0,0
BRDA:257,21,1,0
BRDA:257,21,2,0
BRDA:270,22,0,0
BRDA:270,22,1,0
BRDA:276,23,0,0
BRDA:276,23,1,0
BRDA:276,24,0,0
BRDA:276,24,1,0
BRDA:283,25,0,0
BRDA:283,25,1,0
BRDA:283,25,2,0
BRF:68
BRH:0
end_of_record
TN:
SF:components/molecules/OwnerLeaseCard.tsx
FN:16,OwnerLeaseCard
FN:22,(anonymous_1)
FN:32,(anonymous_2)
FN:44,(anonymous_3)
FN:52,(anonymous_4)
FN:68,(anonymous_5)
FN:83,(anonymous_6)
FN:90,(anonymous_7)
FN:95,(anonymous_8)
FNF:9
FNH:0
FNDA:0,OwnerLeaseCard
FNDA:0,(anonymous_1)
FNDA:0,(anonymous_2)
FNDA:0,(anonymous_3)
FNDA:0,(anonymous_4)
FNDA:0,(anonymous_5)
FNDA:0,(anonymous_6)
FNDA:0,(anonymous_7)
FNDA:0,(anonymous_8)
DA:22,0
DA:23,0
DA:24,0
DA:32,0
DA:33,0
DA:34,0
DA:35,0
DA:36,0
DA:37,0
DA:40,0
DA:41,0
DA:44,0
DA:45,0
DA:52,0
DA:53,0
DA:55,0
DA:57,0
DA:59,0
DA:61,0
DA:63,0
DA:68,0
DA:69,0
DA:71,0
DA:73,0
DA:75,0
DA:77,0
DA:79,0
DA:83,0
DA:84,0
DA:85,0
DA:86,0
DA:90,0
DA:91,0
DA:92,0
DA:95,0
DA:96,0
DA:97,0
DA:100,0
LF:38
LH:0
BRDA:41,0,0,0
BRDA:41,0,1,0
BRDA:53,1,0,0
BRDA:53,1,1,0
BRDA:53,1,2,0
BRDA:53,1,3,0
BRDA:53,1,4,0
BRDA:69,2,0,0
BRDA:69,2,1,0
BRDA:69,2,2,0
BRDA:69,2,3,0
BRDA:69,2,4,0
BRDA:84,3,0,0
BRDA:84,3,1,0
BRDA:105,4,0,0
BRDA:105,4,1,0
BRDA:105,4,2,0
BRDA:178,5,0,0
BRDA:178,5,1,0
BRDA:183,6,0,0
BRDA:183,6,1,0
BRDA:186,7,0,0
BRDA:186,7,1,0
BRDA:193,8,0,0
BRDA:193,8,1,0
BRDA:193,8,2,0
BRDA:213,9,0,0
BRDA:213,9,1,0
BRDA:224,10,0,0
BRDA:224,10,1,0
BRDA:230,11,0,0
BRDA:230,11,1,0
BRF:32
BRH:0
end_of_record
TN:
SF:components/molecules/OwnerMaintenanceRequestCard.tsx
FN:24,OwnerMaintenanceRequestCard
FN:33,(anonymous_1)
FN:45,(anonymous_2)
FN:58,(anonymous_3)
FN:80,(anonymous_4)
FN:84,(anonymous_5)
FN:91,(anonymous_6)
FN:98,(anonymous_7)
FN:105,(anonymous_8)
FNF:9
FNH:0
FNDA:0,OwnerMaintenanceRequestCard
FNDA:0,(anonymous_1)
FNDA:0,(anonymous_2)
FNDA:0,(anonymous_3)
FNDA:0,(anonymous_4)
FNDA:0,(anonymous_5)
FNDA:0,(anonymous_6)
FNDA:0,(anonymous_7)
FNDA:0,(anonymous_8)
DA:33,0
DA:34,0
DA:35,0
DA:45,0
DA:46,0
DA:53,0
DA:54,0
DA:55,0
DA:58,0
DA:59,0
DA:61,0
DA:66,0
DA:68,0
DA:70,0
DA:73,0
DA:75,0
DA:80,0
DA:81,0
DA:84,0
DA:85,0
DA:86,0
DA:87,0
DA:91,0
DA:92,0
DA:93,0
DA:94,0
DA:98,0
DA:99,0
DA:100,0
DA:101,0
DA:105,0
DA:106,0
DA:107,0
DA:108,0
DA:113,0
DA:114,0
DA:115,0
DA:117,0
LF:38
LH:0
BRDA:30,0,0,0
BRDA:59,1,0,0
BRDA:59,1,1,0
BRDA:59,1,2,0
BRDA:59,1,3,0
BRDA:59,1,4,0
BRDA:59,1,5,0
BRDA:59,1,6,0
BRDA:59,1,7,0
BRDA:59,1,8,0
BRDA:59,1,9,0
BRDA:85,2,0,0
BRDA:85,2,1,0
BRDA:92,3,0,0
BRDA:92,3,1,0
BRDA:99,4,0,0
BRDA:99,4,1,0
BRDA:106,5,0,0
BRDA:106,5,1,0
BRDA:113,6,0,0
BRDA:113,6,1,0
BRDA:114,7,0,0
BRDA:114,7,1,0
BRDA:115,8,0,0
BRDA:115,8,1,0
BRDA:131,9,0,0
BRDA:131,9,1,0
BRDA:147,10,0,0
BRDA:147,10,1,0
BRDA:183,11,0,0
BRDA:183,11,1,0
BRDA:192,12,0,0
BRDA:192,12,1,0
BRDA:203,13,0,0
BRDA:203,13,1,0
BRDA:215,14,0,0
BRDA:215,14,1,0
BRDA:215,14,2,0
BRDA:220,15,0,0
BRDA:220,15,1,0
BRDA:224,16,0,0
BRDA:224,16,1,0
BRDA:229,17,0,0
BRDA:229,17,1,0
BRDA:247,18,0,0
BRDA:247,18,1,0
BRDA:247,18,2,0
BRDA:247,18,3,0
BRDA:247,18,4,0
BRDA:249,19,0,0
BRDA:249,19,1,0
BRDA:249,19,2,0
BRDA:257,20,0,0
BRDA:257,20,1,0
BRDA:257,20,2,0
BRDA:265,21,0,0
BRDA:265,21,1,0
BRDA:265,21,2,0
BRDA:278,22,0,0
BRDA:278,22,1,0
BRDA:278,22,2,0
BRF:61
BRH:0
end_of_record
TN:
SF:components/molecules/PasswordInput.tsx
FN:16,PasswordInput
FNF:1
FNH:0
FNDA:0,PasswordInput
DA:25,0
LF:1
LH:0
BRDA:39,0,0,0
BRDA:39,0,1,0
BRF:2
BRH:0
end_of_record
TN:
SF:components/molecules/PaymentCard.tsx
FN:59,formatDate
FN:74,getStatusColorHex
FN:94,PaymentCard
FN:98,(anonymous_3)
FN:102,(anonymous_4)
FN:132,(anonymous_5)
FN:186,(anonymous_6)
FN:224,(anonymous_7)
FN:228,(anonymous_8)
FN:248,(anonymous_9)
FN:252,(anonymous_10)
FN:265,(anonymous_11)
FN:269,(anonymous_12)
FN:285,(anonymous_13)
FNF:14
FNH:0
FNDA:0,formatDate
FNDA:0,getStatusColorHex
FNDA:0,PaymentCard
FNDA:0,(anonymous_3)
FNDA:0,(anonymous_4)
FNDA:0,(anonymous_5)
FNDA:0,(anonymous_6)
FNDA:0,(anonymous_7)
FNDA:0,(anonymous_8)
FNDA:0,(anonymous_9)
FNDA:0,(anonymous_10)
FNDA:0,(anonymous_11)
FNDA:0,(anonymous_12)
FNDA:0,(anonymous_13)
DA:14,0
DA:60,0
DA:61,0
DA:62,0
DA:70,0
DA:75,0
DA:76,0
DA:78,0
DA:80,0
DA:82,0
DA:84,0
DA:86,0
DA:88,0
DA:90,0
DA:95,0
DA:96,0
DA:98,0
DA:99,0
DA:102,0
DA:104,0
DA:107,0
DA:109,0
DA:133,0
DA:134,0
DA:135,0
DA:186,0
DA:224,0
DA:228,0
DA:248,0
DA:252,0
DA:265,0
DA:269,0
DA:285,0
LF:33
LH:0
BRDA:60,0,0,0
BRDA:60,0,1,0
BRDA:75,1,0,0
BRDA:75,1,1,0
BRDA:76,2,0,0
BRDA:76,2,1,0
BRDA:76,2,2,0
BRDA:76,2,3,0
BRDA:76,2,4,0
BRDA:76,2,5,0
BRDA:76,2,6,0
BRDA:116,3,0,0
BRDA:116,3,1,0
BRDA:118,4,0,0
BRDA:118,4,1,0
BRDA:121,5,0,0
BRDA:121,5,1,0
BRDA:122,6,0,0
BRDA:122,6,1,0
BRDA:125,7,0,0
BRDA:125,7,1,0
BRDA:133,8,0,0
BRDA:133,8,1,0
BRDA:134,9,0,0
BRDA:134,9,1,0
BRDA:143,10,0,0
BRDA:143,10,1,0
BRDA:145,11,0,0
BRDA:145,11,1,0
BRDA:145,11,2,0
BRDA:145,11,3,0
BRDA:156,12,0,0
BRDA:156,12,1,0
BRDA:159,13,0,0
BRDA:159,13,1,0
BRDA:172,14,0,0
BRDA:172,14,1,0
BRDA:179,15,0,0
BRDA:179,15,1,0
BRDA:192,16,0,0
BRDA:192,16,1,0
BRDA:199,17,0,0
BRDA:199,17,1,0
BRDA:214,18,0,0
BRDA:214,18,1,0
BRDA:217,19,0,0
BRDA:217,19,1,0
BRDA:234,20,0,0
BRDA:234,20,1,0
BRDA:241,21,0,0
BRDA:241,21,1,0
BRDA:258,22,0,0
BRDA:258,22,1,0
BRDA:275,23,0,0
BRDA:275,23,1,0
BRDA:284,24,0,0
BRDA:284,24,1,0
BRF:57
BRH:0
end_of_record
TN:
SF:components/molecules/PlanCard.tsx
FN:13,PlanCard
FN:14,(anonymous_1)
FN:23,(anonymous_2)
FN:70,(anonymous_3)
FN:103,(anonymous_4)
FNF:5
FNH:0
FNDA:0,PlanCard
FNDA:0,(anonymous_1)
FNDA:0,(anonymous_2)
FNDA:0,(anonymous_3)
FNDA:0,(anonymous_4)
DA:14,0
DA:15,0
DA:16,0
DA:19,0
DA:23,0
DA:71,0
DA:103,0
LF:7
LH:0
BRDA:24,0,0,0
BRDA:24,0,1,0
BRDA:48,1,0,0
BRDA:48,1,1,0
BRDA:61,2,0,0
BRDA:61,2,1,0
BRDA:61,3,0,0
BRDA:61,3,1,0
BRDA:61,4,0,0
BRDA:61,4,1,0
BRDA:76,5,0,0
BRDA:76,5,1,0
BRDA:84,6,0,0
BRDA:84,6,1,0
BRDA:85,7,0,0
BRDA:85,7,1,0
BRDA:88,8,0,0
BRDA:88,8,1,0
BRDA:93,9,0,0
BRDA:93,9,1,0
BRDA:104,10,0,0
BRDA:104,10,1,0
BRF:22
BRH:0
end_of_record
TN:
SF:components/molecules/PlanSelector.tsx
FN:15,InternalSelector
FN:30,(anonymous_1)
FN:32,(anonymous_2)
FN:39,PlanSelector
FN:47,(anonymous_4)
FN:61,(anonymous_5)
FN:65,(anonymous_6)
FN:82,(anonymous_7)
FNF:8
FNH:0
FNDA:0,InternalSelector
FNDA:0,(anonymous_1)
FNDA:0,(anonymous_2)
FNDA:0,PlanSelector
FNDA:0,(anonymous_4)
FNDA:0,(anonymous_5)
FNDA:0,(anonymous_6)
FNDA:0,(anonymous_7)
DA:24,0
DA:31,0
DA:32,0
DA:41,0
DA:44,0
DA:47,0
DA:48,0
DA:49,0
DA:50,0
DA:55,0
DA:56,0
DA:62,0
DA:67,0
DA:68,0
DA:69,0
DA:78,0
DA:83,0
DA:84,0
LF:18
LH:0
BRDA:39,0,0,0
BRDA:41,1,0,0
BRDA:41,1,1,0
BRDA:41,2,0,0
BRDA:41,2,1,0
BRDA:41,3,0,0
BRDA:41,3,1,0
BRDA:44,4,0,0
BRDA:44,4,1,0
BRDA:48,5,0,0
BRDA:48,5,1,0
BRDA:48,6,0,0
BRDA:48,6,1,0
BRDA:48,6,2,0
BRDA:48,6,3,0
BRDA:55,7,0,0
BRDA:55,7,1,0
BRDA:55,8,0,0
BRDA:55,8,1,0
BRDA:64,9,0,0
BRDA:64,9,1,0
BRF:21
BRH:0
end_of_record
TN:
SF:components/molecules/ProfileMenu.tsx
FN:17,ProfileMenu
FN:29,(anonymous_1)
FN:33,(anonymous_2)
FN:38,(anonymous_3)
FN:119,(anonymous_4)
FN:123,(anonymous_5)
FNF:6
FNH:0
FNDA:0,ProfileMenu
FNDA:0,(anonymous_1)
FNDA:0,(anonymous_2)
FNDA:0,(anonymous_3)
FNDA:0,(anonymous_4)
FNDA:0,(anonymous_5)
DA:26,0
DA:29,0
DA:30,0
DA:33,0
DA:34,0
DA:35,0
DA:38,0
DA:39,0
DA:40,0
DA:41,0
DA:44,0
DA:72,0
DA:120,0
DA:123,0
LF:14
LH:0
BRDA:18,0,0,0
BRDA:79,1,0,0
BRDA:79,1,1,0
BRDA:110,2,0,0
BRDA:110,2,1,0
BRDA:120,3,0,0
BRDA:120,3,1,0
BRDA:125,4,0,0
BRDA:125,4,1,0
BRDA:129,5,0,0
BRDA:129,5,1,0
BRDA:134,6,0,0
BRDA:134,6,1,0
BRDA:137,7,0,0
BRDA:137,7,1,0
BRF:15
BRH:0
end_of_record
TN:
SF:components/molecules/PropertyAmenities.tsx
FN:14,PropertyAmenities
FN:24,(anonymous_1)
FNF:2
FNH:0
FNDA:0,PropertyAmenities
FNDA:0,(anonymous_1)
DA:18,0
DA:25,0
LF:2
LH:0
BRF:0
BRH:0
end_of_record
TN:
SF:components/molecules/PropertyBottomActions.tsx
FN:7,(anonymous_0)
FN:8,(anonymous_1)
FN:14,PropertyBottomActions
FN:21,(anonymous_3)
FN:32,(anonymous_4)
FN:33,(anonymous_5)
FNF:6
FNH:0
FNDA:0,(anonymous_0)
FNDA:0,(anonymous_1)
FNDA:0,PropertyBottomActions
FNDA:0,(anonymous_3)
FNDA:0,(anonymous_4)
FNDA:0,(anonymous_5)
DA:7,0
DA:8,0
DA:17,0
DA:18,0
DA:19,0
DA:21,0
DA:22,0
DA:23,0
DA:26,0
DA:32,0
DA:33,0
LF:11
LH:0
BRDA:34,0,0,0
BRDA:34,0,1,0
BRF:2
BRH:0
end_of_record
TN:
SF:components/molecules/PropertyCard.tsx
FN:17,PropertyCard
FN:29,(anonymous_1)
FN:34,(anonymous_2)
FN:56,(anonymous_3)
FN:66,(anonymous_4)
FN:77,(anonymous_5)
FN:94,(anonymous_6)
FNF:7
FNH:0
FNDA:0,PropertyCard
FNDA:0,(anonymous_1)
FNDA:0,(anonymous_2)
FNDA:0,(anonymous_3)
FNDA:0,(anonymous_4)
FNDA:0,(anonymous_5)
FNDA:0,(anonymous_6)
DA:25,0
DA:26,0
DA:29,0
DA:30,0
DA:31,0
DA:34,0
DA:35,0
DA:36,0
DA:37,0
DA:38,0
DA:41,0
DA:57,0
DA:67,0
DA:78,0
DA:79,0
DA:95,0
DA:96,0
LF:17
LH:0
BRDA:44,0,0,0
BRDA:44,0,1,0
BRDA:44,1,0,0
BRDA:44,1,1,0
BRDA:70,2,0,0
BRDA:70,2,1,0
BRDA:82,3,0,0
BRDA:82,3,1,0
BRDA:82,4,0,0
BRDA:82,4,1,0
BRDA:99,5,0,0
BRDA:99,5,1,0
BRDA:99,6,0,0
BRDA:99,6,1,0
BRF:14
BRH:0
end_of_record
TN:
SF:components/molecules/PropertyDescription.tsx
FN:8,PropertyDescription
FNF:1
FNH:0
FNDA:0,PropertyDescription
DA:11,0
LF:1
LH:0
BRF:0
BRH:0
end_of_record
TN:
SF:components/molecules/PropertyImageGallery.tsx
FN:13,PropertyImageGallery
FN:27,(anonymous_1)
FN:31,(anonymous_2)
FN:38,(anonymous_3)
FN:46,(anonymous_4)
FN:49,(anonymous_5)
FNF:6
FNH:0
FNDA:0,PropertyImageGallery
FNDA:0,(anonymous_1)
FNDA:0,(anonymous_2)
FNDA:0,(anonymous_3)
FNDA:0,(anonymous_4)
FNDA:0,(anonymous_5)
DA:4,0
DA:19,0
DA:28,0
DA:29,0
DA:32,0
DA:38,0
DA:47,0
DA:50,0
DA:51,0
LF:9
LH:0
BRDA:41,0,0,0
BRDA:41,0,1,0
BRDA:57,1,0,0
BRDA:57,1,1,0
BRF:4
BRH:0
end_of_record
TN:
SF:components/molecules/PropertyInfoCard.tsx
FN:10,PropertyInfoCard
FN:15,(anonymous_1)
FNF:2
FNH:0
FNDA:0,PropertyInfoCard
FNDA:0,(anonymous_1)
DA:15,0
DA:16,0
DA:18,0
DA:20,0
DA:22,0
DA:26,0
LF:6
LH:0
BRDA:16,0,0,0
BRDA:16,0,1,0
BRDA:16,0,2,0
BRF:3
BRH:0
end_of_record
TN:
SF:components/molecules/PropertyLocation.tsx
FN:5,(anonymous_0)
FN:12,PropertyLocation
FNF:2
FNH:0
FNDA:0,(anonymous_0)
FNDA:0,PropertyLocation
DA:5,0
DA:16,0
LF:2
LH:0
BRF:0
BRH:0
end_of_record
TN:
SF:components/molecules/PropertyPriceCard.tsx
FN:9,PropertyPriceCard
FN:13,(anonymous_1)
FNF:2
FNH:0
FNDA:0,PropertyPriceCard
FNDA:0,(anonymous_1)
DA:13,0
DA:14,0
DA:16,0
DA:22,0
DA:28,0
DA:36,0
DA:38,0
LF:7
LH:0
BRDA:14,0,0,0
BRDA:14,0,1,0
BRDA:14,0,2,0
BRF:3
BRH:0
end_of_record
TN:
SF:components/molecules/PropertyTitle.tsx
FN:5,(anonymous_0)
FN:20,PropertyTitle
FNF:2
FNH:0
FNDA:0,(anonymous_0)
FNDA:0,PropertyTitle
DA:5,0
DA:32,0
DA:33,0
DA:40,0
DA:41,0
DA:57,0
LF:6
LH:0
BRDA:28,0,0,0
BRDA:29,1,0,0
BRDA:32,2,0,0
BRDA:32,2,1,0
BRDA:40,3,0,0
BRDA:40,3,1,0
BRDA:45,4,0,0
BRDA:45,4,1,0
BRF:8
BRH:0
end_of_record
TN:
SF:components/molecules/ReviewCard.tsx
FN:14,ReviewCard
FNF:1
FNH:0
FNDA:0,ReviewCard
DA:20,0
LF:1
LH:0
BRDA:30,0,0,0
BRDA:30,0,1,0
BRDA:32,1,0,0
BRDA:32,1,1,0
BRF:4
BRH:0
end_of_record
TN:
SF:components/molecules/ReviewCommentInput.tsx
FN:11,ReviewCommentInput
FNF:1
FNH:0
FNDA:0,ReviewCommentInput
DA:17,0
LF:1
LH:0
BRDA:14,0,0,0
BRDA:15,1,0,0
BRF:2
BRH:0
end_of_record
TN:
SF:components/molecules/ReviewSubmitButton.tsx
FN:14,ReviewSubmitButton
FNF:1
FNH:0
FNDA:0,ReviewSubmitButton
DA:22,0
LF:1
LH:0
BRDA:18,0,0,0
BRDA:19,1,0,0
BRDA:20,2,0,0
BRDA:26,3,0,0
BRDA:26,3,1,0
BRDA:28,4,0,0
BRDA:28,4,1,0
BRDA:28,5,0,0
BRDA:28,5,1,0
BRDA:31,6,0,0
BRDA:31,6,1,0
BRDA:37,7,0,0
BRDA:37,7,1,0
BRDA:41,8,0,0
BRDA:41,8,1,0
BRDA:41,9,0,0
BRDA:41,9,1,0
BRDA:42,10,0,0
BRDA:42,10,1,0
BRDA:45,11,0,0
BRDA:45,11,1,0
BRDA:45,11,2,0
BRF:22
BRH:0
end_of_record
TN:
SF:components/molecules/ServicesSelector.tsx
FN:32,ServicesSelector
FN:36,(anonymous_1)
FN:36,(anonymous_2)
FN:36,(anonymous_3)
FN:38,(anonymous_4)
FN:40,(anonymous_5)
FN:48,(anonymous_6)
FN:49,(anonymous_7)
FN:53,(anonymous_8)
FN:53,(anonymous_9)
FN:64,(anonymous_10)
FN:67,(anonymous_11)
FN:69,(anonymous_12)
FN:81,(anonymous_13)
FN:83,(anonymous_14)
FN:84,(anonymous_15)
FNF:16
FNH:0
FNDA:0,ServicesSelector
FNDA:0,(anonymous_1)
FNDA:0,(anonymous_2)
FNDA:0,(anonymous_3)
FNDA:0,(anonymous_4)
FNDA:0,(anonymous_5)
FNDA:0,(anonymous_6)
FNDA:0,(anonymous_7)
FNDA:0,(anonymous_8)
FNDA:0,(anonymous_9)
FNDA:0,(anonymous_10)
FNDA:0,(anonymous_11)
FNDA:0,(anonymous_12)
FNDA:0,(anonymous_13)
FNDA:0,(anonymous_14)
FNDA:0,(anonymous_15)
DA:11,0
DA:33,0
DA:34,0
DA:36,0
DA:38,0
DA:39,0
DA:40,0
DA:42,0
DA:43,0
DA:44,0
DA:48,0
DA:49,0
DA:50,0
DA:53,0
DA:54,0
DA:57,0
DA:64,0
DA:68,0
DA:69,0
DA:82,0
DA:83,0
DA:84,0
LF:22
LH:0
BRDA:36,0,0,0
BRDA:36,0,1,0
BRDA:39,1,0,0
BRDA:39,1,1,0
BRDA:43,2,0,0
BRDA:43,2,1,0
BRDA:54,3,0,0
BRDA:54,3,1,0
BRDA:60,4,0,0
BRDA:60,4,1,0
BRDA:79,5,0,0
BRDA:79,5,1,0
BRDA:83,6,0,0
BRDA:83,6,1,0
BRDA:91,7,0,0
BRDA:91,7,1,0
BRDA:99,8,0,0
BRDA:99,8,1,0
BRF:18
BRH:0
end_of_record
TN:
SF:components/molecules/ToggleField.tsx
FN:14,ToggleField
FNF:1
FNH:0
FNDA:0,ToggleField
DA:22,0
LF:1
LH:0
BRDA:32,0,0,0
BRDA:32,0,1,0
BRDA:34,1,0,0
BRDA:34,1,1,0
BRDA:34,1,2,0
BRDA:44,2,0,0
BRDA:44,2,1,0
BRF:7
BRH:0
end_of_record
TN:
SF:components/molecules/UserInfoCard.tsx
FN:10,UserInfoCard
FN:12,(anonymous_1)
FN:16,(anonymous_2)
FN:19,(anonymous_3)
FNF:4
FNH:0
FNDA:0,UserInfoCard
FNDA:0,(anonymous_1)
FNDA:0,(anonymous_2)
FNDA:0,(anonymous_3)
DA:12,0
DA:13,0
DA:14,0
DA:16,0
DA:17,0
DA:19,0
DA:24,0
DA:32,0
DA:39,0
DA:41,0
LF:10
LH:0
BRDA:13,0,0,0
BRDA:13,0,1,0
BRDA:13,1,0,0
BRDA:13,1,1,0
BRDA:25,2,0,0
BRDA:25,2,1,0
BRDA:26,3,0,0
BRDA:26,3,1,0
BRDA:27,4,0,0
BRDA:27,4,1,0
BRDA:27,5,0,0
BRDA:27,5,1,0
BRF:12
BRH:0
end_of_record
TN:
SF:components/molecules/index.ts
FNF:0
FNH:0
LF:0
LH:0
BRF:0
BRH:0
end_of_record
TN:
SF:contexts/AuthContext.tsx
FN:47,(anonymous_0)
FN:64,(anonymous_1)
FN:77,(anonymous_2)
FN:82,(anonymous_3)
FN:90,(anonymous_4)
FN:98,(anonymous_5)
FN:111,(anonymous_6)
FN:121,(anonymous_7)
FN:129,(anonymous_8)
FN:139,(anonymous_9)
FN:164,(anonymous_10)
FN:192,(anonymous_11)
FN:230,(anonymous_12)
FN:243,(anonymous_13)
FN:256,(anonymous_14)
FN:323,(anonymous_15)
FN:366,(anonymous_16)
FN:408,(anonymous_17)
FN:438,(anonymous_18)
FN:451,(anonymous_19)
FN:471,(anonymous_20)
FN:489,(anonymous_21)
FNF:22
FNH:0
FNDA:0,(anonymous_0)
FNDA:0,(anonymous_1)
FNDA:0,(anonymous_2)
FNDA:0,(anonymous_3)
FNDA:0,(anonymous_4)
FNDA:0,(anonymous_5)
FNDA:0,(anonymous_6)
FNDA:0,(anonymous_7)
FNDA:0,(anonymous_8)
FNDA:0,(anonymous_9)
FNDA:0,(anonymous_10)
FNDA:0,(anonymous_11)
FNDA:0,(anonymous_12)
FNDA:0,(anonymous_13)
FNDA:0,(anonymous_14)
FNDA:0,(anonymous_15)
FNDA:0,(anonymous_16)
FNDA:0,(anonymous_17)
FNDA:0,(anonymous_18)
FNDA:0,(anonymous_19)
FNDA:0,(anonymous_20)
FNDA:0,(anonymous_21)
DA:44,0
DA:47,0
DA:48,0
DA:49,0
DA:50,0
DA:52,0
DA:56,0
DA:57,0
DA:64,0
DA:65,0
DA:66,0
DA:67,0
DA:70,0
DA:71,0
DA:74,0
DA:77,0
DA:78,0
DA:82,0
DA:83,0
DA:84,0
DA:86,0
DA:90,0
DA:91,0
DA:98,0
DA:99,0
DA:100,0
DA:101,0
DA:102,0
DA:103,0
DA:106,0
DA:111,0
DA:112,0
DA:115,0
DA:118,0
DA:121,0
DA:122,0
DA:125,0
DA:129,0
DA:130,0
DA:131,0
DA:132,0
DA:133,0
DA:135,0
DA:139,0
DA:140,0
DA:142,0
DA:143,0
DA:144,0
DA:145,0
DA:146,0
DA:150,0
DA:151,0
DA:153,0
DA:154,0
DA:155,0
DA:159,0
DA:164,0
DA:165,0
DA:166,0
DA:169,0
DA:170,0
DA:173,0
DA:176,0
DA:179,0
DA:182,0
DA:184,0
DA:186,0
DA:192,0
DA:193,0
DA:194,0
DA:196,0
DA:201,0
DA:203,0
DA:204,0
DA:205,0
DA:206,0
DA:207,0
DA:210,0
DA:211,0
DA:212,0
DA:213,0
DA:216,0
DA:218,0
DA:221,0
DA:223,0
DA:225,0
DA:230,0
DA:231,0
DA:232,0
DA:236,0
DA:238,0
DA:243,0
DA:244,0
DA:245,0
DA:249,0
DA:251,0
DA:256,0
DA:257,0
DA:258,0
DA:260,0
DA:263,0
DA:264,0
DA:267,0
DA:270,0
DA:271,0
DA:272,0
DA:274,0
DA:278,0
DA:279,0
DA:282,0
DA:285,0
DA:286,0
DA:289,0
DA:293,0
DA:295,0
DA:296,0
DA:298,0
DA:299,0
DA:302,0
DA:303,0
DA:305,0
DA:306,0
DA:308,0
DA:311,0
DA:312,0
DA:314,0
DA:315,0
DA:323,0
DA:324,0
DA:325,0
DA:328,0
DA:330,0
DA:331,0
DA:332,0
DA:335,0
DA:336,0
DA:337,0
DA:341,0
DA:343,0
DA:344,0
DA:346,0
DA:347,0
DA:350,0
DA:351,0
DA:353,0
DA:355,0
DA:358,0
DA:360,0
DA:361,0
DA:366,0
DA:367,0
DA:368,0
DA:371,0
DA:376,0
DA:378,0
DA:379,0
DA:382,0
DA:388,0
DA:391,0
DA:393,0
DA:395,0
DA:396,0
DA:399,0
DA:400,0
DA:408,0
DA:409,0
DA:410,0
DA:413,0
DA:416,0
DA:419,0
DA:420,0
DA:423,0
DA:426,0
DA:429,0
DA:431,0
DA:433,0
DA:438,0
DA:439,0
DA:440,0
DA:443,0
DA:445,0
DA:451,0
DA:452,0
DA:453,0
DA:454,0
DA:455,0
DA:458,0
DA:461,0
DA:463,0
DA:464,0
DA:466,0
DA:471,0
DA:472,0
DA:473,0
DA:476,0
DA:477,0
DA:480,0
DA:482,0
DA:484,0
DA:489,0
DA:491,0
DA:495,0
DA:513,0
LF:203
LH:0
BRDA:49,0,0,0
BRDA:49,0,1,0
BRDA:74,1,0,0
BRDA:74,1,1,0
BRDA:83,2,0,0
BRDA:83,2,1,0
BRDA:83,3,0,0
BRDA:83,3,1,0
BRDA:101,4,0,0
BRDA:101,4,1,0
BRDA:112,5,0,0
BRDA:112,5,1,0
BRDA:130,6,0,0
BRDA:130,6,1,0
BRDA:140,7,0,0
BRDA:140,7,1,0
BRDA:143,8,0,0
BRDA:143,8,1,0
BRDA:153,9,0,0
BRDA:153,9,1,0
BRDA:153,10,0,0
BRDA:153,10,1,0
BRDA:153,10,2,0
BRDA:201,11,0,0
BRDA:201,11,1,0
BRDA:201,12,0,0
BRDA:201,12,1,0
BRDA:203,13,0,0
BRDA:203,13,1,0
BRDA:263,14,0,0
BRDA:263,14,1,0
BRDA:263,15,0,0
BRDA:263,15,1,0
BRDA:263,15,2,0
BRDA:278,16,0,0
BRDA:278,16,1,0
BRDA:278,17,0,0
BRDA:278,17,1,0
BRDA:278,17,2,0
BRDA:293,18,0,0
BRDA:293,18,1,0
BRDA:293,18,2,0
BRDA:293,18,3,0
BRDA:317,19,0,0
BRDA:317,19,1,0
BRDA:330,20,0,0
BRDA:330,20,1,0
BRDA:332,21,0,0
BRDA:332,21,1,0
BRDA:335,22,0,0
BRDA:335,22,1,0
BRDA:335,23,0,0
BRDA:335,23,1,0
BRDA:341,24,0,0
BRDA:341,24,1,0
BRDA:341,24,2,0
BRDA:341,24,3,0
BRDA:358,25,0,0
BRDA:358,25,1,0
BRDA:361,26,0,0
BRDA:361,26,1,0
BRDA:378,27,0,0
BRDA:378,27,1,0
BRDA:378,28,0,0
BRDA:378,28,1,0
BRDA:402,29,0,0
BRDA:402,29,1,0
BRF:67
BRH:0
end_of_record
TN:
SF:contexts/NotificationContext.tsx
FN:24,(anonymous_0)
FN:38,(anonymous_1)
FN:50,(anonymous_2)
FN:78,(anonymous_3)
FN:80,(anonymous_4)
FN:84,(anonymous_5)
FN:89,(anonymous_6)
FN:93,(anonymous_7)
FN:99,(anonymous_8)
FN:110,(anonymous_9)
FNF:10
FNH:0
FNDA:0,(anonymous_0)
FNDA:0,(anonymous_1)
FNDA:0,(anonymous_2)
FNDA:0,(anonymous_3)
FNDA:0,(anonymous_4)
FNDA:0,(anonymous_5)
FNDA:0,(anonymous_6)
FNDA:0,(anonymous_7)
FNDA:0,(anonymous_8)
FNDA:0,(anonymous_9)
DA:20,0
DA:24,0
DA:25,0
DA:26,0
DA:27,0
DA:31,0
DA:38,0
DA:41,0
DA:42,0
DA:44,0
DA:45,0
DA:47,0
DA:48,0
DA:50,0
DA:51,0
DA:53,0
DA:56,0
DA:58,0
DA:59,0
DA:62,0
DA:63,0
DA:64,0
DA:65,0
DA:67,0
DA:70,0
DA:71,0
DA:74,0
DA:78,0
DA:79,0
DA:81,0
DA:83,0
DA:84,0
DA:85,0
DA:89,0
DA:92,0
DA:94,0
DA:95,0
DA:98,0
DA:100,0
DA:106,0
DA:107,0
DA:110,0
DA:111,0
DA:112,0
DA:116,0
LF:45
LH:0
BRDA:26,0,0,0
BRDA:26,0,1,0
BRDA:51,1,0,0
BRDA:51,1,1,0
BRDA:56,2,0,0
BRDA:56,2,1,0
BRDA:56,2,2,0
BRDA:56,2,3,0
BRDA:62,3,0,0
BRDA:62,3,1,0
BRDA:64,4,0,0
BRDA:64,4,1,0
BRDA:83,5,0,0
BRDA:83,5,1,0
BRDA:111,6,0,0
BRDA:111,6,1,0
BRDA:112,7,0,0
BRDA:112,7,1,0
BRF:18
BRH:0
end_of_record
TN:
SF:examples/ColorExamples.tsx
FN:6,ColorExamples
FN:88,(anonymous_1)
FN:99,(anonymous_2)
FN:114,(anonymous_3)
FN:129,(anonymous_4)
FNF:5
FNH:0
FNDA:0,ColorExamples
FNDA:0,(anonymous_1)
FNDA:0,(anonymous_2)
FNDA:0,(anonymous_3)
FNDA:0,(anonymous_4)
DA:7,0
LF:1
LH:0
BRF:0
BRH:0
end_of_record
TN:
SF:examples/FileUploader.example.tsx
FN:6,FileUploaderExample
FN:9,(anonymous_1)
FN:145,(anonymous_2)
FNF:3
FNH:0
FNDA:0,FileUploaderExample
FNDA:0,(anonymous_1)
FNDA:0,(anonymous_2)
DA:7,0
DA:9,0
DA:10,0
DA:11,0
DA:14,0
DA:146,0
LF:6
LH:0
BRDA:140,0,0,0
BRDA:140,0,1,0
BRF:2
BRH:0
end_of_record
TN:
SF:examples/ImageUploader.example.tsx
FN:6,ImageUploaderExample
FN:9,(anonymous_1)
FN:155,(anonymous_2)
FN:170,(anonymous_3)
FNF:4
FNH:0
FNDA:0,ImageUploaderExample
FNDA:0,(anonymous_1)
FNDA:0,(anonymous_2)
FNDA:0,(anonymous_3)
DA:7,0
DA:9,0
DA:10,0
DA:11,0
DA:14,0
DA:156,0
DA:171,0
LF:7
LH:0
BRDA:147,0,0,0
BRDA:147,0,1,0
BRDA:172,1,0,0
BRDA:172,1,1,0
BRDA:174,2,0,0
BRDA:174,2,1,0
BRDA:177,3,0,0
BRDA:177,3,1,0
BRF:8
BRH:0
end_of_record
TN:
SF:interfaces/LeaseInterface.ts
FNF:0
FNH:0
LF:0
LH:0
BRF:0
BRH:0
end_of_record
TN:
SF:interfaces/LegalDocumentInterface.ts
FNF:0
FNH:0
LF:0
LH:0
BRF:0
BRH:0
end_of_record
TN:
SF:interfaces/LoginInterface.ts
FNF:0
FNH:0
LF:0
LH:0
BRF:0
BRH:0
end_of_record
TN:
SF:interfaces/MaintenanceInterface.ts
FNF:0
FNH:0
DA:155,0
DA:168,0
DA:175,0
LF:3
LH:0
BRF:0
BRH:0
end_of_record
TN:
SF:interfaces/OwnerDashboardInterface.ts
FNF:0
FNH:0
LF:0
LH:0
BRF:0
BRH:0
end_of_record
TN:
SF:interfaces/PaymentInterface.ts
FNF:0
FNH:0
LF:0
LH:0
BRF:0
BRH:0
end_of_record
TN:
SF:interfaces/PlansInterface.ts
FNF:0
FNH:0
DA:20,0
DA:125,0
LF:2
LH:0
BRF:0
BRH:0
end_of_record
TN:
SF:interfaces/RegisterInterface.ts
FNF:0
FNH:0
LF:0
LH:0
BRF:0
BRH:0
end_of_record
TN:
SF:interfaces/SolicitudInterface.ts
FNF:0
FNH:0
LF:0
LH:0
BRF:0
BRH:0
end_of_record
TN:
SF:interfaces/UserInterface.ts
FNF:0
FNH:0
LF:0
LH:0
BRF:0
BRH:0
end_of_record
TN:
SF:interfaces/application/ApplicationInterface.ts
FNF:0
FNH:0
LF:0
LH:0
BRF:0
BRH:0
end_of_record
TN:
SF:interfaces/application/RenterApplicationInterface.ts
FNF:0
FNH:0
LF:0
LH:0
BRF:0
BRH:0
end_of_record
TN:
SF:interfaces/owner/OwnerLeaseInterface.ts
FNF:0
FNH:0
LF:0
LH:0
BRF:0
BRH:0
end_of_record
TN:
SF:interfaces/owner/OwnerMaintenanceInterface.ts
FNF:0
FNH:0
LF:0
LH:0
BRF:0
BRH:0
end_of_record
TN:
SF:interfaces/property/PropertyInterface.ts
FNF:0
FNH:0
LF:0
LH:0
BRF:0
BRH:0
end_of_record
TN:
SF:interfaces/property/types.ts
FNF:0
FNH:0
LF:0
LH:0
BRF:0
BRH:0
end_of_record
TN:
SF:libs/admin/api-service.tsx
FN:38,(anonymous_0)
FN:49,(anonymous_1)
FN:81,(anonymous_2)
FN:142,(anonymous_3)
FN:203,(anonymous_4)
FNF:5
FNH:0
FNDA:0,(anonymous_0)
FNDA:0,(anonymous_1)
FNDA:0,(anonymous_2)
FNDA:0,(anonymous_3)
FNDA:0,(anonymous_4)
DA:6,0
DA:9,0
DA:10,0
DA:38,0
DA:39,0
DA:40,0
DA:41,0
DA:43,0
DA:44,0
DA:49,0
DA:50,0
DA:51,0
DA:54,0
DA:55,0
DA:57,0
DA:61,0
DA:62,0
DA:64,0
DA:71,0
DA:81,0
DA:82,0
DA:83,0
DA:84,0
DA:86,0
DA:87,0
DA:88,0
DA:95,0
DA:103,0
DA:104,0
DA:105,0
DA:107,0
DA:108,0
DA:112,0
DA:114,0
DA:121,0
DA:123,0
DA:124,0
DA:131,0
DA:142,0
DA:143,0
DA:144,0
DA:145,0
DA:147,0
DA:148,0
DA:149,0
DA:156,0
DA:164,0
DA:165,0
DA:166,0
DA:168,0
DA:169,0
DA:173,0
DA:175,0
DA:182,0
DA:184,0
DA:185,0
DA:192,0
DA:203,0
DA:204,0
DA:205,0
DA:206,0
DA:208,0
DA:209,0
DA:210,0
DA:217,0
DA:225,0
DA:226,0
DA:227,0
DA:229,0
DA:230,0
DA:234,0
DA:236,0
DA:243,0
DA:245,0
DA:246,0
DA:253,0
LF:76
LH:0
BRDA:50,0,0,0
BRDA:50,0,1,0
BRDA:73,1,0,0
BRDA:73,1,1,0
BRDA:87,2,0,0
BRDA:87,2,1,0
BRDA:107,3,0,0
BRDA:107,3,1,0
BRDA:112,4,0,0
BRDA:112,4,1,0
BRDA:112,4,2,0
BRDA:116,5,0,0
BRDA:116,5,1,0
BRDA:117,6,0,0
BRDA:117,6,1,0
BRDA:123,7,0,0
BRDA:123,7,1,0
BRDA:123,8,0,0
BRDA:123,8,1,0
BRDA:133,9,0,0
BRDA:133,9,1,0
BRDA:148,10,0,0
BRDA:148,10,1,0
BRDA:168,11,0,0
BRDA:168,11,1,0
BRDA:173,12,0,0
BRDA:173,12,1,0
BRDA:173,12,2,0
BRDA:177,13,0,0
BRDA:177,13,1,0
BRDA:178,14,0,0
BRDA:178,14,1,0
BRDA:184,15,0,0
BRDA:184,15,1,0
BRDA:184,16,0,0
BRDA:184,16,1,0
BRDA:194,17,0,0
BRDA:194,17,1,0
BRDA:209,18,0,0
BRDA:209,18,1,0
BRDA:229,19,0,0
BRDA:229,19,1,0
BRDA:234,20,0,0
BRDA:234,20,1,0
BRDA:234,20,2,0
BRDA:238,21,0,0
BRDA:238,21,1,0
BRDA:239,22,0,0
BRDA:239,22,1,0
BRDA:245,23,0,0
BRDA:245,23,1,0
BRDA:245,24,0,0
BRDA:245,24,1,0
BRDA:255,25,0,0
BRDA:255,25,1,0
BRF:55
BRH:0
end_of_record
TN:
SF:libs/application/api-service.tsx
FN:8,(anonymous_0)
FN:68,(anonymous_1)
FN:131,(anonymous_2)
FNF:3
FNH:0
FNDA:0,(anonymous_0)
FNDA:0,(anonymous_1)
FNDA:0,(anonymous_2)
DA:4,0
DA:5,0
DA:8,0
DA:9,0
DA:10,0
DA:13,0
DA:14,0
DA:15,0
DA:16,0
DA:23,0
DA:24,0
DA:25,0
DA:27,0
DA:35,0
DA:37,0
DA:38,0
DA:40,0
DA:41,0
DA:42,0
DA:49,0
DA:51,0
DA:58,0
DA:59,0
DA:68,0
DA:69,0
DA:70,0
DA:71,0
DA:74,0
DA:75,0
DA:76,0
DA:77,0
DA:84,0
DA:85,0
DA:86,0
DA:88,0
DA:97,0
DA:99,0
DA:100,0
DA:102,0
DA:103,0
DA:104,0
DA:111,0
DA:113,0
DA:121,0
DA:122,0
DA:131,0
DA:132,0
DA:133,0
DA:134,0
DA:137,0
DA:138,0
DA:139,0
DA:140,0
DA:147,0
DA:148,0
DA:149,0
DA:151,0
DA:160,0
DA:162,0
DA:163,0
DA:165,0
DA:166,0
DA:167,0
DA:174,0
DA:176,0
DA:184,0
DA:185,0
LF:67
LH:0
BRDA:14,0,0,0
BRDA:14,0,1,0
BRDA:40,1,0,0
BRDA:40,1,1,0
BRDA:45,2,0,0
BRDA:45,2,1,0
BRDA:49,3,0,0
BRDA:49,3,1,0
BRDA:53,4,0,0
BRDA:53,4,1,0
BRDA:54,5,0,0
BRDA:54,5,1,0
BRDA:62,6,0,0
BRDA:62,6,1,0
BRDA:75,7,0,0
BRDA:75,7,1,0
BRDA:102,8,0,0
BRDA:102,8,1,0
BRDA:107,9,0,0
BRDA:107,9,1,0
BRDA:117,10,0,0
BRDA:117,10,1,0
BRDA:125,11,0,0
BRDA:125,11,1,0
BRDA:138,12,0,0
BRDA:138,12,1,0
BRDA:165,13,0,0
BRDA:165,13,1,0
BRDA:170,14,0,0
BRDA:170,14,1,0
BRDA:180,15,0,0
BRDA:180,15,1,0
BRDA:188,16,0,0
BRDA:188,16,1,0
BRF:34
BRH:0
end_of_record
TN:
SF:libs/application/documents-service.ts
FN:14,(anonymous_0)
FN:79,(anonymous_1)
FN:97,(anonymous_2)
FNF:3
FNH:0
FNDA:0,(anonymous_0)
FNDA:0,(anonymous_1)
FNDA:0,(anonymous_2)
DA:5,0
DA:14,0
DA:20,0
DA:21,0
DA:23,0
DA:24,0
DA:27,0
DA:28,0
DA:29,0
DA:33,0
DA:34,0
DA:35,0
DA:36,0
DA:37,0
DA:39,0
DA:42,0
DA:43,0
DA:45,0
DA:60,0
DA:61,0
DA:62,0
DA:63,0
DA:66,0
DA:67,0
DA:70,0
DA:71,0
DA:79,0
DA:80,0
DA:81,0
DA:82,0
DA:83,0
DA:86,0
DA:87,0
DA:89,0
DA:97,0
DA:98,0
DA:99,0
DA:100,0
DA:103,0
DA:104,0
DA:106,0
DA:107,0
LF:42
LH:0
BRDA:23,0,0,0
BRDA:23,0,1,0
BRDA:23,1,0,0
BRDA:23,1,1,0
BRDA:28,2,0,0
BRDA:28,2,1,0
BRDA:35,3,0,0
BRDA:35,3,1,0
BRDA:61,4,0,0
BRDA:61,4,1,0
BRDA:63,5,0,0
BRDA:63,5,1,0
BRDA:67,6,0,0
BRDA:67,6,1,0
BRDA:71,7,0,0
BRDA:71,7,1,0
BRDA:82,8,0,0
BRDA:82,8,1,0
BRDA:98,9,0,0
BRDA:98,9,1,0
BRDA:99,10,0,0
BRDA:99,10,1,0
BRDA:100,11,0,0
BRDA:100,11,1,0
BRDA:103,12,0,0
BRDA:103,12,1,0
BRDA:104,13,0,0
BRDA:104,13,1,0
BRDA:107,14,0,0
BRDA:107,14,1,0
BRF:30
BRH:0
end_of_record
TN:
SF:libs/auth/login/api-service.tsx
FN:4,(anonymous_0)
FN:68,(anonymous_1)
FNF:2
FNH:0
FNDA:0,(anonymous_0)
FNDA:0,(anonymous_1)
DA:2,0
DA:4,0
DA:5,0
DA:6,0
DA:7,0
DA:10,0
DA:18,0
DA:20,0
DA:21,0
DA:23,0
DA:24,0
DA:32,0
DA:34,0
DA:43,0
DA:46,0
DA:47,0
DA:56,0
DA:65,0
DA:68,0
DA:69,0
DA:70,0
DA:72,0
DA:80,0
DA:81,0
DA:83,0
DA:84,0
LF:26
LH:0
BRDA:23,0,0,0
BRDA:23,0,1,0
BRDA:27,1,0,0
BRDA:27,1,1,0
BRDA:32,2,0,0
BRDA:32,2,1,0
BRDA:39,3,0,0
BRDA:39,3,1,0
BRDA:46,4,0,0
BRDA:46,4,1,0
BRDA:46,5,0,0
BRDA:46,5,1,0
BRDA:59,6,0,0
BRDA:59,6,1,0
BRF:14
BRH:0
end_of_record
TN:
SF:libs/auth/register/api-service.tsx
FN:33,(anonymous_0)
FNF:1
FNH:0
FNDA:0,(anonymous_0)
DA:4,0
DA:33,0
DA:34,0
DA:36,0
DA:44,0
DA:47,0
DA:48,0
DA:50,0
DA:58,0
DA:60,0
DA:61,0
DA:63,0
DA:64,0
DA:72,0
DA:74,0
DA:82,0
DA:85,0
DA:86,0
DA:100,0
LF:19
LH:0
BRDA:63,0,0,0
BRDA:63,0,1,0
BRDA:67,1,0,0
BRDA:67,1,1,0
BRDA:67,2,0,0
BRDA:67,2,1,0
BRDA:72,3,0,0
BRDA:72,3,1,0
BRDA:77,4,0,0
BRDA:77,4,1,0
BRDA:85,5,0,0
BRDA:85,5,1,0
BRDA:85,6,0,0
BRDA:85,6,1,0
BRDA:103,7,0,0
BRDA:103,7,1,0
BRF:16
BRH:0
end_of_record
TN:
SF:libs/auth/verify/api-service.ts
FN:9,(anonymous_0)
FN:60,(anonymous_1)
FNF:2
FNH:0
FNDA:0,(anonymous_0)
FNDA:0,(anonymous_1)
DA:1,0
DA:9,0
DA:10,0
DA:11,0
DA:13,0
DA:14,0
DA:16,0
DA:23,0
DA:25,0
DA:26,0
DA:28,0
DA:29,0
DA:30,0
DA:37,0
DA:43,0
DA:44,0
DA:60,0
DA:61,0
DA:62,0
DA:64,0
DA:65,0
DA:67,0
DA:75,0
DA:77,0
DA:78,0
DA:80,0
DA:81,0
DA:88,0
DA:90,0
DA:98,0
DA:99,0
LF:31
LH:0
BRDA:28,0,0,0
BRDA:28,0,1,0
BRDA:33,1,0,0
BRDA:33,1,1,0
BRDA:40,2,0,0
BRDA:40,2,1,0
BRDA:47,3,0,0
BRDA:47,3,1,0
BRDA:80,4,0,0
BRDA:80,4,1,0
BRDA:84,5,0,0
BRDA:84,5,1,0
BRDA:88,6,0,0
BRDA:88,6,1,0
BRDA:93,7,0,0
BRDA:93,7,1,0
BRDA:102,8,0,0
BRDA:102,8,1,0
BRF:18
BRH:0
end_of_record
TN:
SF:libs/cloudinary/api-service.tsx
FN:1,(anonymous_0)
FN:63,(anonymous_1)
FNF:2
FNH:0
FNDA:0,(anonymous_0)
FNDA:0,(anonymous_1)
DA:1,0
DA:2,0
DA:3,0
DA:4,0
DA:6,0
DA:7,0
DA:10,0
DA:11,0
DA:12,0
DA:14,0
DA:15,0
DA:16,0
DA:19,0
DA:20,0
DA:22,0
DA:23,0
DA:28,0
DA:30,0
DA:31,0
DA:33,0
DA:38,0
DA:39,0
DA:41,0
DA:42,0
DA:44,0
DA:45,0
DA:46,0
DA:48,0
DA:49,0
DA:50,0
DA:51,0
DA:54,0
DA:55,0
DA:56,0
DA:57,0
DA:59,0
DA:63,0
DA:64,0
DA:65,0
DA:66,0
DA:68,0
DA:69,0
DA:71,0
DA:72,0
DA:73,0
DA:75,0
DA:76,0
DA:77,0
DA:80,0
DA:81,0
DA:86,0
DA:88,0
DA:89,0
DA:91,0
DA:96,0
DA:97,0
DA:98,0
DA:100,0
DA:101,0
DA:102,0
DA:103,0
DA:105,0
DA:106,0
DA:109,0
DA:110,0
LF:65
LH:0
BRDA:10,0,0,0
BRDA:10,0,1,0
BRDA:14,1,0,0
BRDA:14,1,1,0
BRDA:44,2,0,0
BRDA:44,2,1,0
BRDA:44,3,0,0
BRDA:44,3,1,0
BRDA:50,4,0,0
BRDA:50,4,1,0
BRDA:55,5,0,0
BRDA:55,5,1,0
BRDA:71,6,0,0
BRDA:71,6,1,0
BRDA:75,7,0,0
BRDA:75,7,1,0
BRDA:83,8,0,0
BRDA:83,8,1,0
BRDA:84,9,0,0
BRDA:84,9,1,0
BRDA:100,10,0,0
BRDA:100,10,1,0
BRDA:100,11,0,0
BRDA:100,11,1,0
BRDA:100,11,2,0
BRDA:101,12,0,0
BRDA:101,12,1,0
BRDA:105,13,0,0
BRDA:105,13,1,0
BRF:29
BRH:0
end_of_record
TN:
SF:libs/commentService/api-service.tsx
FNF:0
FNH:0
LF:0
LH:0
BRF:0
BRH:0
end_of_record
TN:
SF:libs/legalDocuments/api-service.ts
FN:14,(anonymous_0)
FN:77,(anonymous_1)
FN:106,(anonymous_2)
FN:124,(anonymous_3)
FN:142,(anonymous_4)
FN:160,(anonymous_5)
FN:187,(anonymous_6)
FNF:7
FNH:0
FNDA:0,(anonymous_0)
FNDA:0,(anonymous_1)
FNDA:0,(anonymous_2)
FNDA:0,(anonymous_3)
FNDA:0,(anonymous_4)
FNDA:0,(anonymous_5)
FNDA:0,(anonymous_6)
DA:5,0
DA:6,0
DA:14,0
DA:19,0
DA:20,0
DA:23,0
DA:24,0
DA:28,0
DA:29,0
DA:30,0
DA:34,0
DA:35,0
DA:36,0
DA:37,0
DA:38,0
DA:40,0
DA:41,0
DA:44,0
DA:45,0
DA:46,0
DA:48,0
DA:57,0
DA:58,0
DA:59,0
DA:60,0
DA:63,0
DA:64,0
DA:67,0
DA:68,0
DA:77,0
DA:78,0
DA:80,0
DA:81,0
DA:82,0
DA:83,0
DA:84,0
DA:90,0
DA:92,0
DA:93,0
DA:95,0
DA:96,0
DA:98,0
DA:106,0
DA:107,0
DA:108,0
DA:109,0
DA:112,0
DA:113,0
DA:115,0
DA:116,0
DA:124,0
DA:125,0
DA:126,0
DA:127,0
DA:128,0
DA:131,0
DA:132,0
DA:134,0
DA:142,0
DA:143,0
DA:144,0
DA:145,0
DA:148,0
DA:149,0
DA:151,0
DA:152,0
DA:160,0
DA:165,0
DA:166,0
DA:167,0
DA:168,0
DA:171,0
DA:172,0
DA:174,0
DA:175,0
DA:176,0
DA:178,0
DA:187,0
DA:188,0
DA:189,0
DA:190,0
DA:197,0
DA:198,0
DA:206,0
DA:207,0
LF:85
LH:0
BRDA:23,0,0,0
BRDA:23,0,1,0
BRDA:23,1,0,0
BRDA:23,1,1,0
BRDA:29,2,0,0
BRDA:29,2,1,0
BRDA:36,3,0,0
BRDA:36,3,1,0
BRDA:58,4,0,0
BRDA:58,4,1,0
BRDA:60,5,0,0
BRDA:60,5,1,0
BRDA:64,6,0,0
BRDA:64,6,1,0
BRDA:68,7,0,0
BRDA:68,7,1,0
BRDA:81,8,0,0
BRDA:81,8,1,0
BRDA:90,9,0,0
BRDA:90,9,1,0
BRDA:93,10,0,0
BRDA:93,10,1,0
BRDA:107,11,0,0
BRDA:107,11,1,0
BRDA:108,12,0,0
BRDA:108,12,1,0
BRDA:109,13,0,0
BRDA:109,13,1,0
BRDA:112,14,0,0
BRDA:112,14,1,0
BRDA:113,15,0,0
BRDA:113,15,1,0
BRDA:116,16,0,0
BRDA:116,16,1,0
BRDA:127,17,0,0
BRDA:127,17,1,0
BRDA:143,18,0,0
BRDA:143,18,1,0
BRDA:144,19,0,0
BRDA:144,19,1,0
BRDA:145,20,0,0
BRDA:145,20,1,0
BRDA:148,21,0,0
BRDA:148,21,1,0
BRDA:149,22,0,0
BRDA:149,22,1,0
BRDA:152,23,0,0
BRDA:152,23,1,0
BRDA:167,24,0,0
BRDA:167,24,1,0
BRDA:175,25,0,0
BRDA:175,25,1,0
BRDA:176,26,0,0
BRDA:176,26,1,0
BRDA:188,27,0,0
BRDA:188,27,1,0
BRDA:189,28,0,0
BRDA:189,28,1,0
BRDA:193,29,0,0
BRDA:193,29,1,0
BRDA:202,30,0,0
BRDA:202,30,1,0
BRDA:207,31,0,0
BRDA:207,31,1,0
BRF:64
BRH:0
end_of_record
TN:
SF:libs/notifications/api-service.tsx
FN:9,(anonymous_0)
FN:46,(anonymous_1)
FN:58,(anonymous_2)
FN:71,(anonymous_3)
FN:93,(anonymous_4)
FN:128,(anonymous_5)
FNF:6
FNH:0
FNDA:0,(anonymous_0)
FNDA:0,(anonymous_1)
FNDA:0,(anonymous_2)
FNDA:0,(anonymous_3)
FNDA:0,(anonymous_4)
FNDA:0,(anonymous_5)
DA:3,0
DA:4,0
DA:9,0
DA:10,0
DA:11,0
DA:13,0
DA:14,0
DA:15,0
DA:18,0
DA:20,0
DA:31,0
DA:32,0
DA:33,0
DA:36,0
DA:38,0
DA:39,0
DA:46,0
DA:47,0
DA:48,0
DA:49,0
DA:51,0
DA:58,0
DA:59,0
DA:60,0
DA:61,0
DA:63,0
DA:64,0
DA:71,0
DA:72,0
DA:73,0
DA:75,0
DA:76,0
DA:77,0
DA:78,0
DA:79,0
DA:82,0
DA:83,0
DA:85,0
DA:86,0
DA:93,0
DA:94,0
DA:95,0
DA:97,0
DA:98,0
DA:99,0
DA:102,0
DA:104,0
DA:112,0
DA:113,0
DA:114,0
DA:117,0
DA:120,0
DA:128,0
DA:129,0
DA:130,0
DA:131,0
DA:133,0
LF:57
LH:0
BRDA:13,0,0,0
BRDA:13,0,1,0
BRDA:31,1,0,0
BRDA:31,1,1,0
BRDA:33,2,0,0
BRDA:33,2,1,0
BRDA:75,3,0,0
BRDA:75,3,1,0
BRDA:97,4,0,0
BRDA:97,4,1,0
BRDA:112,5,0,0
BRDA:112,5,1,0
BRF:12
BRH:0
end_of_record
TN:
SF:libs/owner/api-service.tsx
FN:15,(anonymous_0)
FN:129,(anonymous_1)
FN:182,(anonymous_2)
FNF:3
FNH:0
FNDA:0,(anonymous_0)
FNDA:0,(anonymous_1)
FNDA:0,(anonymous_2)
DA:4,0
DA:5,0
DA:15,0
DA:16,0
DA:17,0
DA:20,0
DA:21,0
DA:22,0
DA:23,0
DA:36,0
DA:37,0
DA:38,0
DA:41,0
DA:42,0
DA:43,0
DA:44,0
DA:57,0
DA:58,0
DA:59,0
DA:61,0
DA:69,0
DA:71,0
DA:72,0
DA:74,0
DA:75,0
DA:76,0
DA:89,0
DA:91,0
DA:104,0
DA:105,0
DA:129,0
DA:130,0
DA:131,0
DA:134,0
DA:135,0
DA:136,0
DA:137,0
DA:140,0
DA:141,0
DA:142,0
DA:144,0
DA:152,0
DA:153,0
DA:154,0
DA:156,0
DA:157,0
DA:158,0
DA:162,0
DA:164,0
DA:176,0
DA:177,0
DA:182,0
DA:183,0
DA:184,0
DA:187,0
DA:188,0
DA:189,0
DA:190,0
DA:197,0
DA:198,0
DA:199,0
DA:202,0
DA:203,0
DA:204,0
DA:205,0
DA:212,0
DA:213,0
DA:214,0
DA:216,0
DA:224,0
DA:226,0
DA:227,0
DA:229,0
DA:230,0
DA:231,0
DA:238,0
DA:240,0
DA:247,0
DA:248,0
LF:79
LH:0
BRDA:21,0,0,0
BRDA:21,0,1,0
BRDA:42,1,0,0
BRDA:42,1,1,0
BRDA:74,2,0,0
BRDA:74,2,1,0
BRDA:78,3,0,0
BRDA:78,3,1,0
BRDA:93,4,0,0
BRDA:93,4,1,0
BRDA:94,5,0,0
BRDA:94,5,1,0
BRDA:107,6,0,0
BRDA:107,6,1,0
BRDA:135,7,0,0
BRDA:135,7,1,0
BRDA:156,8,0,0
BRDA:156,8,1,0
BRDA:158,9,0,0
BRDA:158,9,1,0
BRDA:162,10,0,0
BRDA:162,10,1,0
BRDA:166,11,0,0
BRDA:166,11,1,0
BRDA:167,12,0,0
BRDA:167,12,1,0
BRDA:177,13,0,0
BRDA:177,13,1,0
BRDA:182,14,0,0
BRDA:188,15,0,0
BRDA:188,15,1,0
BRDA:203,16,0,0
BRDA:203,16,1,0
BRDA:229,17,0,0
BRDA:229,17,1,0
BRDA:233,18,0,0
BRDA:233,18,1,0
BRDA:242,19,0,0
BRDA:242,19,1,0
BRDA:243,20,0,0
BRDA:243,20,1,0
BRDA:250,21,0,0
BRDA:250,21,1,0
BRF:43
BRH:0
end_of_record
TN:
SF:libs/owner/lease/api-service.ts
FN:20,(anonymous_0)
FN:74,(anonymous_1)
FN:113,(anonymous_2)
FN:194,(anonymous_3)
FN:208,(anonymous_4)
FN:239,(anonymous_5)
FN:243,(anonymous_6)
FN:285,(anonymous_7)
FN:289,(anonymous_8)
FN:336,(anonymous_9)
FN:347,(anonymous_10)
FNF:11
FNH:0
FNDA:0,(anonymous_0)
FNDA:0,(anonymous_1)
FNDA:0,(anonymous_2)
FNDA:0,(anonymous_3)
FNDA:0,(anonymous_4)
FNDA:0,(anonymous_5)
FNDA:0,(anonymous_6)
FNDA:0,(anonymous_7)
FNDA:0,(anonymous_8)
FNDA:0,(anonymous_9)
FNDA:0,(anonymous_10)
DA:10,0
DA:11,0
DA:12,0
DA:20,0
DA:21,0
DA:22,0
DA:25,0
DA:26,0
DA:27,0
DA:28,0
DA:35,0
DA:36,0
DA:37,0
DA:39,0
DA:40,0
DA:41,0
DA:42,0
DA:50,0
DA:51,0
DA:53,0
DA:61,0
DA:62,0
DA:63,0
DA:70,0
DA:71,0
DA:74,0
DA:75,0
DA:78,0
DA:80,0
DA:81,0
DA:89,0
DA:91,0
DA:92,0
DA:94,0
DA:95,0
DA:97,0
DA:105,0
DA:106,0
DA:107,0
DA:110,0
DA:113,0
DA:115,0
DA:117,0
DA:118,0
DA:119,0
DA:121,0
DA:164,0
DA:165,0
DA:168,0
DA:173,0
DA:175,0
DA:181,0
DA:182,0
DA:194,0
DA:195,0
DA:196,0
DA:198,0
DA:200,0
DA:201,0
DA:208,0
DA:210,0
DA:211,0
DA:218,0
DA:220,0
DA:226,0
DA:227,0
DA:239,0
DA:240,0
DA:241,0
DA:243,0
DA:245,0
DA:264,0
DA:266,0
DA:272,0
DA:273,0
DA:285,0
DA:286,0
DA:287,0
DA:289,0
DA:292,0
DA:293,0
DA:295,0
DA:296,0
DA:297,0
DA:300,0
DA:301,0
DA:302,0
DA:304,0
DA:316,0
DA:318,0
DA:324,0
DA:325,0
DA:336,0
DA:337,0
DA:338,0
DA:340,0
DA:341,0
DA:344,0
DA:345,0
DA:347,0
DA:348,0
DA:349,0
DA:352,0
DA:358,0
DA:359,0
LF:105
LH:0
BRDA:26,0,0,0
BRDA:26,0,1,0
BRDA:40,1,0,0
BRDA:40,1,1,0
BRDA:61,2,0,0
BRDA:61,2,1,0
BRDA:71,3,0,0
BRDA:71,3,1,0
BRDA:74,4,0,0
BRDA:74,4,1,0
BRDA:80,5,0,0
BRDA:80,5,1,0
BRDA:105,6,0,0
BRDA:105,6,1,0
BRDA:115,7,0,0
BRDA:115,7,1,0
BRDA:138,8,0,0
BRDA:138,8,1,0
BRDA:139,9,0,0
BRDA:139,9,1,0
BRDA:140,10,0,0
BRDA:140,10,1,0
BRDA:148,11,0,0
BRDA:148,11,1,0
BRDA:149,12,0,0
BRDA:149,12,1,0
BRDA:150,13,0,0
BRDA:150,13,1,0
BRDA:151,14,0,0
BRDA:151,14,1,0
BRDA:152,15,0,0
BRDA:152,15,1,0
BRDA:153,16,0,0
BRDA:153,16,1,0
BRDA:178,17,0,0
BRDA:178,17,1,0
BRDA:178,18,0,0
BRDA:178,18,1,0
BRDA:185,19,0,0
BRDA:185,19,1,0
BRDA:200,20,0,0
BRDA:200,20,1,0
BRDA:210,21,0,0
BRDA:210,21,1,0
BRDA:230,22,0,0
BRDA:230,22,1,0
BRDA:276,23,0,0
BRDA:276,23,1,0
BRDA:300,24,0,0
BRDA:300,24,1,0
BRDA:301,25,0,0
BRDA:301,25,1,0
BRDA:308,26,0,0
BRDA:308,26,1,0
BRDA:311,27,0,0
BRDA:311,27,1,0
BRDA:312,28,0,0
BRDA:312,28,1,0
BRDA:328,29,0,0
BRDA:328,29,1,0
BRDA:340,30,0,0
BRDA:340,30,1,0
BRDA:349,31,0,0
BRDA:349,31,1,0
BRDA:349,31,2,0
BRDA:362,32,0,0
BRDA:362,32,1,0
BRF:67
BRH:0
end_of_record
TN:
SF:libs/owner/maintenance/api-service.ts
FN:16,(anonymous_0)
FN:28,(anonymous_1)
FN:74,(anonymous_2)
FN:85,(anonymous_3)
FN:108,(anonymous_4)
FN:124,(anonymous_5)
FN:155,(anonymous_6)
FN:207,(anonymous_7)
FN:282,(anonymous_8)
FN:295,(anonymous_9)
FN:309,(anonymous_10)
FN:319,(anonymous_11)
FN:329,(anonymous_12)
FN:343,(anonymous_13)
FNF:14
FNH:0
FNDA:0,(anonymous_0)
FNDA:0,(anonymous_1)
FNDA:0,(anonymous_2)
FNDA:0,(anonymous_3)
FNDA:0,(anonymous_4)
FNDA:0,(anonymous_5)
FNDA:0,(anonymous_6)
FNDA:0,(anonymous_7)
FNDA:0,(anonymous_8)
FNDA:0,(anonymous_9)
FNDA:0,(anonymous_10)
FNDA:0,(anonymous_11)
FNDA:0,(anonymous_12)
FNDA:0,(anonymous_13)
DA:10,0
DA:11,0
DA:16,0
DA:17,0
DA:18,0
DA:20,0
DA:21,0
DA:28,0
DA:29,0
DA:30,0
DA:32,0
DA:33,0
DA:35,0
DA:36,0
DA:39,0
DA:40,0
DA:42,0
DA:50,0
DA:52,0
DA:54,0
DA:55,0
DA:58,0
DA:60,0
DA:62,0
DA:63,0
DA:74,0
DA:75,0
DA:76,0
DA:78,0
DA:80,0
DA:81,0
DA:84,0
DA:85,0
DA:88,0
DA:90,0
DA:96,0
DA:97,0
DA:108,0
DA:111,0
DA:112,0
DA:114,0
DA:116,0
DA:117,0
DA:124,0
DA:126,0
DA:127,0
DA:128,0
DA:135,0
DA:137,0
DA:143,0
DA:144,0
DA:155,0
DA:159,0
DA:160,0
DA:161,0
DA:163,0
DA:164,0
DA:166,0
DA:167,0
DA:170,0
DA:171,0
DA:173,0
DA:182,0
DA:184,0
DA:186,0
DA:187,0
DA:190,0
DA:192,0
DA:194,0
DA:195,0
DA:207,0
DA:217,0
DA:218,0
DA:219,0
DA:221,0
DA:222,0
DA:224,0
DA:225,0
DA:228,0
DA:229,0
DA:232,0
DA:244,0
DA:246,0
DA:255,0
DA:257,0
DA:259,0
DA:260,0
DA:261,0
DA:264,0
DA:266,0
DA:268,0
DA:269,0
DA:282,0
DA:287,0
DA:295,0
DA:301,0
DA:309,0
DA:313,0
DA:319,0
DA:323,0
DA:329,0
DA:335,0
DA:343,0
DA:348,0
DA:353,0
DA:354,0
DA:357,0
LF:107
LH:0
BRDA:33,0,0,0
BRDA:33,0,1,0
BRDA:35,1,0,0
BRDA:35,1,1,0
BRDA:54,2,0,0
BRDA:54,2,1,0
BRDA:55,3,0,0
BRDA:55,3,1,0
BRDA:58,4,0,0
BRDA:58,4,1,0
BRDA:66,5,0,0
BRDA:66,5,1,0
BRDA:80,6,0,0
BRDA:80,6,1,0
BRDA:100,7,0,0
BRDA:100,7,1,0
BRDA:116,8,0,0
BRDA:116,8,1,0
BRDA:126,9,0,0
BRDA:126,9,1,0
BRDA:147,10,0,0
BRDA:147,10,1,0
BRDA:164,11,0,0
BRDA:164,11,1,0
BRDA:166,12,0,0
BRDA:166,12,1,0
BRDA:186,13,0,0
BRDA:186,13,1,0
BRDA:187,14,0,0
BRDA:187,14,1,0
BRDA:198,15,0,0
BRDA:198,15,1,0
BRDA:222,16,0,0
BRDA:222,16,1,0
BRDA:224,17,0,0
BRDA:224,17,1,0
BRDA:259,18,0,0
BRDA:259,18,1,0
BRDA:261,19,0,0
BRDA:261,19,1,0
BRDA:272,20,0,0
BRDA:272,20,1,0
BRDA:353,21,0,0
BRDA:353,21,1,0
BRF:44
BRH:0
end_of_record
TN:
SF:libs/owner/property/api-service.tsx
FN:11,(anonymous_0)
FN:39,(anonymous_1)
FN:79,(anonymous_2)
FN:176,(anonymous_3)
FN:251,(anonymous_4)
FN:311,(anonymous_5)
FN:371,(anonymous_6)
FN:428,(anonymous_7)
FN:485,(anonymous_8)
FNF:9
FNH:0
FNDA:0,(anonymous_0)
FNDA:0,(anonymous_1)
FNDA:0,(anonymous_2)
FNDA:0,(anonymous_3)
FNDA:0,(anonymous_4)
FNDA:0,(anonymous_5)
FNDA:0,(anonymous_6)
FNDA:0,(anonymous_7)
FNDA:0,(anonymous_8)
DA:8,0
DA:9,0
DA:11,0
DA:12,0
DA:14,0
DA:15,0
DA:16,0
DA:18,0
DA:20,0
DA:22,0
DA:23,0
DA:24,0
DA:25,0
DA:26,0
DA:27,0
DA:29,0
DA:31,0
DA:33,0
DA:34,0
DA:38,0
DA:39,0
DA:42,0
DA:44,0
DA:46,0
DA:47,0
DA:55,0
DA:56,0
DA:57,0
DA:63,0
DA:70,0
DA:79,0
DA:80,0
DA:81,0
DA:82,0
DA:85,0
DA:86,0
DA:87,0
DA:89,0
DA:91,0
DA:93,0
DA:94,0
DA:95,0
DA:96,0
DA:97,0
DA:98,0
DA:100,0
DA:102,0
DA:104,0
DA:105,0
DA:109,0
DA:113,0
DA:119,0
DA:120,0
DA:121,0
DA:122,0
DA:129,0
DA:130,0
DA:131,0
DA:133,0
DA:142,0
DA:144,0
DA:145,0
DA:147,0
DA:148,0
DA:149,0
DA:156,0
DA:158,0
DA:166,0
DA:167,0
DA:176,0
DA:177,0
DA:178,0
DA:181,0
DA:182,0
DA:183,0
DA:184,0
DA:191,0
DA:192,0
DA:193,0
DA:196,0
DA:197,0
DA:198,0
DA:199,0
DA:206,0
DA:207,0
DA:208,0
DA:210,0
DA:218,0
DA:220,0
DA:221,0
DA:223,0
DA:224,0
DA:225,0
DA:232,0
DA:234,0
DA:241,0
DA:242,0
DA:251,0
DA:252,0
DA:253,0
DA:256,0
DA:257,0
DA:258,0
DA:259,0
DA:266,0
DA:267,0
DA:268,0
DA:270,0
DA:278,0
DA:280,0
DA:281,0
DA:283,0
DA:284,0
DA:285,0
DA:292,0
DA:294,0
DA:301,0
DA:302,0
DA:311,0
DA:312,0
DA:313,0
DA:316,0
DA:317,0
DA:318,0
DA:319,0
DA:326,0
DA:327,0
DA:328,0
DA:330,0
DA:338,0
DA:340,0
DA:341,0
DA:343,0
DA:344,0
DA:345,0
DA:352,0
DA:354,0
DA:361,0
DA:362,0
DA:371,0
DA:372,0
DA:373,0
DA:376,0
DA:378,0
DA:379,0
DA:380,0
DA:383,0
DA:387,0
DA:388,0
DA:391,0
DA:396,0
DA:398,0
DA:399,0
DA:401,0
DA:402,0
DA:403,0
DA:410,0
DA:412,0
DA:419,0
DA:420,0
DA:428,0
DA:429,0
DA:430,0
DA:433,0
DA:435,0
DA:436,0
DA:437,0
DA:440,0
DA:444,0
DA:445,0
DA:448,0
DA:453,0
DA:455,0
DA:456,0
DA:458,0
DA:459,0
DA:460,0
DA:467,0
DA:469,0
DA:476,0
DA:477,0
DA:485,0
DA:486,0
DA:487,0
DA:488,0
DA:490,0
DA:491,0
DA:492,0
DA:494,0
DA:502,0
DA:504,0
DA:505,0
DA:507,0
DA:508,0
DA:509,0
DA:516,0
DA:518,0
DA:525,0
DA:526,0
LF:199
LH:0
BRDA:15,0,0,0
BRDA:15,0,1,0
BRDA:15,1,0,0
BRDA:15,1,1,0
BRDA:22,2,0,0
BRDA:22,2,1,0
BRDA:22,3,0,0
BRDA:22,3,1,0
BRDA:25,4,0,0
BRDA:25,4,1,0
BRDA:31,5,0,0
BRDA:31,5,1,0
BRDA:56,6,0,0
BRDA:56,6,1,0
BRDA:60,7,0,0
BRDA:60,7,1,0
BRDA:67,8,0,0
BRDA:67,8,1,0
BRDA:73,9,0,0
BRDA:73,9,1,0
BRDA:86,10,0,0
BRDA:86,10,1,0
BRDA:86,11,0,0
BRDA:86,11,1,0
BRDA:93,12,0,0
BRDA:93,12,1,0
BRDA:93,13,0,0
BRDA:93,13,1,0
BRDA:96,14,0,0
BRDA:96,14,1,0
BRDA:102,15,0,0
BRDA:102,15,1,0
BRDA:120,16,0,0
BRDA:120,16,1,0
BRDA:147,17,0,0
BRDA:147,17,1,0
BRDA:152,18,0,0
BRDA:152,18,1,0
BRDA:156,19,0,0
BRDA:156,19,1,0
BRDA:162,20,0,0
BRDA:162,20,1,0
BRDA:170,21,0,0
BRDA:170,21,1,0
BRDA:182,22,0,0
BRDA:182,22,1,0
BRDA:197,23,0,0
BRDA:197,23,1,0
BRDA:223,24,0,0
BRDA:223,24,1,0
BRDA:228,25,0,0
BRDA:228,25,1,0
BRDA:232,26,0,0
BRDA:232,26,1,0
BRDA:236,27,0,0
BRDA:236,27,1,0
BRDA:237,28,0,0
BRDA:237,28,1,0
BRDA:245,29,0,0
BRDA:245,29,1,0
BRDA:257,30,0,0
BRDA:257,30,1,0
BRDA:283,31,0,0
BRDA:283,31,1,0
BRDA:288,32,0,0
BRDA:288,32,1,0
BRDA:292,33,0,0
BRDA:292,33,1,0
BRDA:296,34,0,0
BRDA:296,34,1,0
BRDA:297,35,0,0
BRDA:297,35,1,0
BRDA:305,36,0,0
BRDA:305,36,1,0
BRDA:317,37,0,0
BRDA:317,37,1,0
BRDA:343,38,0,0
BRDA:343,38,1,0
BRDA:348,39,0,0
BRDA:348,39,1,0
BRDA:357,40,0,0
BRDA:357,40,1,0
BRDA:365,41,0,0
BRDA:365,41,1,0
BRDA:387,42,0,0
BRDA:387,42,1,0
BRDA:401,43,0,0
BRDA:401,43,1,0
BRDA:406,44,0,0
BRDA:406,44,1,0
BRDA:410,45,0,0
BRDA:410,45,1,0
BRDA:414,46,0,0
BRDA:414,46,1,0
BRDA:415,47,0,0
BRDA:415,47,1,0
BRDA:423,48,0,0
BRDA:423,48,1,0
BRDA:444,49,0,0
BRDA:444,49,1,0
BRDA:458,50,0,0
BRDA:458,50,1,0
BRDA:463,51,0,0
BRDA:463,51,1,0
BRDA:467,52,0,0
BRDA:467,52,1,0
BRDA:471,53,0,0
BRDA:471,53,1,0
BRDA:472,54,0,0
BRDA:472,54,1,0
BRDA:480,55,0,0
BRDA:480,55,1,0
BRDA:507,56,0,0
BRDA:507,56,1,0
BRDA:512,57,0,0
BRDA:512,57,1,0
BRDA:516,58,0,0
BRDA:516,58,1,0
BRDA:520,59,0,0
BRDA:520,59,1,0
BRDA:521,60,0,0
BRDA:521,60,1,0
BRDA:529,61,0,0
BRDA:529,61,1,0
BRF:124
BRH:0
end_of_record
TN:
SF:libs/payment/api-service.ts
FN:8,(anonymous_0)
FN:45,(anonymous_1)
FNF:2
FNH:0
[...]
BRDA:106,2,0,0
BRDA:106,2,1,0
BRDA:135,3,0,0
BRDA:135,3,1,0
BRDA:135,3,2,0
BRDA:135,3,3,0
BRDA:135,3,4,0
BRDA:135,3,5,0
BRDA:135,3,6,0
BRDA:135,3,7,0
BRDA:135,3,8,0
BRDA:152,4,0,0
BRDA:152,4,1,0
BRDA:153,5,0,0
BRDA:153,5,1,0
BRDA:154,6,0,0
BRDA:154,6,1,0
BRDA:155,7,0,0
BRDA:155,7,1,0
BRDA:155,8,0,0
BRDA:155,8,1,0
BRDA:156,9,0,0
BRDA:156,9,1,0
BRDA:157,10,0,0
BRDA:157,10,1,0
BRDA:158,11,0,0
BRDA:158,11,1,0
BRDA:158,12,0,0
BRDA:158,12,1,0
BRDA:170,13,0,0
BRDA:170,13,1,0
BRDA:175,14,0,0
BRDA:175,14,1,0
BRDA:175,14,2,0
BRDA:175,14,3,0
BRDA:175,14,4,0
BRDA:175,14,5,0
BRDA:175,14,6,0
BRDA:175,14,7,0
BRDA:175,14,8,0
BRDA:186,15,0,0
BRDA:186,15,1,0
BRDA:193,16,0,0
BRDA:193,16,1,0
BRDA:205,17,0,0
BRDA:205,17,1,0
BRF:49
BRH:0
end_of_record
TN:
SF:modules/user/hooks/usePropertyNavigation.ts
FN:9,(anonymous_0)
FN:16,(anonymous_1)
FN:32,(anonymous_2)
FN:47,(anonymous_3)
FN:54,(anonymous_4)
FN:73,(anonymous_5)
FNF:6
FNH:5
FNDA:5,(anonymous_0)
FNDA:4,(anonymous_1)
FNDA:1,(anonymous_2)
FNDA:0,(anonymous_3)
FNDA:1,(anonymous_4)
FNDA:1,(anonymous_5)
DA:9,1
DA:10,5
DA:11,5
DA:16,5
DA:17,4
DA:18,4
DA:20,4
DA:21,0
DA:22,4
DA:23,4
DA:26,0
DA:32,5
DA:33,1
DA:34,1
DA:36,1
DA:37,0
DA:40,1
DA:47,5
DA:48,0
DA:54,5
DA:55,1
DA:56,1
DA:58,1
DA:59,1
DA:62,0
DA:63,0
DA:65,0
DA:73,5
DA:74,1
DA:75,1
DA:77,1
DA:78,0
DA:80,1
DA:84,5
LF:34
LH:26
BRDA:20,0,0,0
BRDA:20,0,1,4
BRDA:22,1,0,4
BRDA:22,1,1,0
BRDA:36,2,0,0
BRDA:36,2,1,1
BRDA:58,3,0,1
BRDA:58,3,1,0
BRDA:62,4,0,0
BRDA:62,4,1,0
BRDA:77,5,0,0
BRDA:77,5,1,1
BRF:12
BRH:5
end_of_record
TN:
SF:modules/user/hooks/useReviewNavigation.ts
FN:8,(anonymous_0)
FN:18,(anonymous_1)
FN:19,(anonymous_2)
FN:27,(anonymous_3)
FN:53,(anonymous_4)
FN:61,(anonymous_5)
FNF:6
FNH:0
FNDA:0,(anonymous_0)
FNDA:0,(anonymous_1)
FNDA:0,(anonymous_2)
FNDA:0,(anonymous_3)
FNDA:0,(anonymous_4)
FNDA:0,(anonymous_5)
DA:8,0
DA:9,0
DA:10,0
DA:12,0
DA:18,0
DA:19,0
DA:21,0
DA:22,0
DA:27,0
DA:28,0
DA:29,0
DA:30,0
DA:33,0
DA:34,0
DA:35,0
DA:37,0
DA:38,0
DA:41,0
DA:53,0
DA:54,0
DA:55,0
DA:61,0
DA:62,0
DA:63,0
DA:64,0
DA:65,0
DA:69,0
DA:70,0
DA:71,0
DA:72,0
DA:73,0
DA:74,0
DA:77,0
DA:78,0
DA:79,0
DA:80,0
DA:81,0
DA:83,0
DA:84,0
DA:88,0
DA:90,0
DA:91,0
DA:92,0
DA:94,0
DA:95,0
DA:99,0
LF:46
LH:0
BRDA:33,0,0,0
BRDA:33,0,1,0
BRDA:69,1,0,0
BRDA:69,1,1,0
BRDA:72,2,0,0
BRDA:72,2,1,0
BRDA:79,3,0,0
BRDA:79,3,1,0
BRF:8
BRH:0
end_of_record
TN:
SF:modules/user/hooks/useReviews.ts
FN:15,(anonymous_0)
FN:23,(anonymous_1)
FN:58,(anonymous_2)
FN:85,(anonymous_3)
FN:97,(anonymous_4)
FN:111,(anonymous_5)
FNF:6
FNH:0
FNDA:0,(anonymous_0)
FNDA:0,(anonymous_1)
FNDA:0,(anonymous_2)
FNDA:0,(anonymous_3)
FNDA:0,(anonymous_4)
FNDA:0,(anonymous_5)
DA:15,0
DA:16,0
DA:17,0
DA:18,0
DA:23,0
DA:24,0
DA:25,0
DA:28,0
DA:30,0
DA:31,0
DA:33,0
DA:35,0
DA:37,0
DA:38,0
DA:39,0
DA:41,0
DA:42,0
DA:43,0
DA:46,0
DA:47,0
DA:48,0
DA:49,0
DA:51,0
DA:58,0
DA:59,0
DA:60,0
DA:62,0
DA:64,0
DA:65,0
DA:67,0
DA:68,0
DA:70,0
DA:71,0
DA:72,0
DA:75,0
DA:76,0
DA:77,0
DA:78,0
DA:85,0
DA:86,0
DA:87,0
DA:97,0
DA:98,0
DA:100,0
DA:102,0
DA:104,0
DA:106,0
DA:111,0
DA:112,0
DA:115,0
LF:50
LH:0
BRDA:37,0,0,0
BRDA:37,0,1,0
BRDA:42,1,0,0
BRDA:42,1,1,0
BRDA:43,2,0,0
BRDA:43,2,1,0
BRDA:47,3,0,0
BRDA:47,3,1,0
BRDA:64,4,0,0
BRDA:64,4,1,0
BRDA:71,5,0,0
BRDA:71,5,1,0
BRDA:76,6,0,0
BRDA:76,6,1,0
BRDA:98,7,0,0
BRDA:98,7,1,0
BRDA:98,7,2,0
BRDA:98,7,3,0
BRF:18
BRH:0
end_of_record
TN:
SF:modules/user/leases/ScreenLeases.tsx
FN:15,ScreenLeases
FN:58,(anonymous_1)
FN:66,(anonymous_2)
FN:74,(anonymous_3)
FN:82,(anonymous_4)
FN:90,(anonymous_5)
FN:99,(anonymous_6)
FN:101,(anonymous_7)
FN:116,(anonymous_8)
FN:129,(anonymous_9)
FN:139,(anonymous_10)
FN:179,(anonymous_11)
FN:269,(anonymous_12)
FN:334,(anonymous_13)
FNF:14
FNH:0
FNDA:0,ScreenLeases
FNDA:0,(anonymous_1)
FNDA:0,(anonymous_2)
FNDA:0,(anonymous_3)
FNDA:0,(anonymous_4)
FNDA:0,(anonymous_5)
FNDA:0,(anonymous_6)
FNDA:0,(anonymous_7)
FNDA:0,(anonymous_8)
FNDA:0,(anonymous_9)
FNDA:0,(anonymous_10)
FNDA:0,(anonymous_11)
FNDA:0,(anonymous_12)
FNDA:0,(anonymous_13)
DA:16,0
DA:17,0
DA:18,0
DA:38,0
DA:50,0
DA:52,0
DA:53,0
DA:58,0
DA:59,0
DA:65,0
DA:67,0
DA:74,0
DA:75,0
DA:76,0
DA:82,0
DA:83,0
DA:84,0
DA:90,0
DA:91,0
DA:93,0
DA:99,0
DA:100,0
DA:101,0
DA:102,0
DA:103,0
DA:109,0
DA:116,0
DA:117,0
DA:119,0
DA:120,0
DA:121,0
DA:122,0
DA:129,0
DA:130,0
DA:131,0
DA:132,0
DA:139,0
DA:140,0
DA:141,0
DA:142,0
DA:147,0
DA:148,0
DA:157,0
DA:158,0
DA:180,0
DA:181,0
DA:193,0
DA:195,0
DA:270,0
DA:335,0
DA:336,0
LF:51
LH:0
BRDA:52,0,0,0
BRDA:52,0,1,0
BRDA:102,1,0,0
BRDA:102,1,1,0
BRDA:102,2,0,0
BRDA:102,2,1,0
BRDA:107,3,0,0
BRDA:107,3,1,0
BRDA:117,4,0,0
BRDA:117,4,1,0
BRDA:120,5,0,0
BRDA:120,5,1,0
BRDA:130,6,0,0
BRDA:130,6,1,0
BRDA:140,7,0,0
BRDA:140,7,1,0
BRDA:147,8,0,0
BRDA:147,8,1,0
BRDA:157,9,0,0
BRDA:157,9,1,0
BRDA:157,10,0,0
BRDA:157,10,1,0
BRDA:209,11,0,0
BRDA:209,11,1,0
BRDA:258,12,0,0
BRDA:258,12,1,0
BRDA:262,13,0,0
BRDA:262,13,1,0
BRDA:281,14,0,0
BRDA:281,14,1,0
BRDA:294,15,0,0
BRDA:294,15,1,0
BRDA:298,16,0,0
BRDA:298,16,1,0
BRDA:303,17,0,0
BRDA:303,17,1,0
BRDA:309,18,0,0
BRDA:309,18,1,0
BRDA:318,19,0,0
BRDA:318,19,1,0
BRDA:318,19,2,0
BRDA:331,20,0,0
BRDA:331,20,1,0
BRF:43
BRH:0
end_of_record
TN:
SF:modules/user/maintenance/ScreenMaintenanceHistory.tsx
FN:20,ScreenMaintenanceHistory
FN:41,(anonymous_1)
FN:46,(anonymous_2)
FN:54,(anonymous_3)
FN:63,(anonymous_4)
FN:106,(anonymous_5)
FN:124,(anonymous_6)
FN:142,(anonymous_7)
FN:160,(anonymous_8)
FN:192,(anonymous_9)
FNF:10
FNH:0
FNDA:0,ScreenMaintenanceHistory
FNDA:0,(anonymous_1)
FNDA:0,(anonymous_2)
FNDA:0,(anonymous_3)
FNDA:0,(anonymous_4)
FNDA:0,(anonymous_5)
FNDA:0,(anonymous_6)
FNDA:0,(anonymous_7)
FNDA:0,(anonymous_8)
FNDA:0,(anonymous_9)
DA:21,0
DA:22,0
DA:32,0
DA:34,0
DA:39,0
DA:41,0
DA:46,0
DA:47,0
DA:48,0
DA:54,0
DA:55,0
DA:57,0
DA:63,0
DA:64,0
DA:67,0
DA:68,0
DA:76,0
DA:107,0
DA:108,0
DA:125,0
DA:126,0
DA:143,0
DA:144,0
DA:161,0
DA:162,0
DA:193,0
LF:26
LH:0
BRDA:39,0,0,0
BRDA:39,0,1,0
BRDA:67,1,0,0
BRDA:67,1,1,0
BRDA:111,2,0,0
BRDA:111,2,1,0
BRDA:116,3,0,0
BRDA:116,3,1,0
BRDA:129,4,0,0
BRDA:129,4,1,0
BRDA:134,5,0,0
BRDA:134,5,1,0
BRDA:147,6,0,0
BRDA:147,6,1,0
BRDA:152,7,0,0
BRDA:152,7,1,0
BRDA:165,8,0,0
BRDA:165,8,1,0
BRDA:170,9,0,0
BRDA:170,9,1,0
BRDA:191,10,0,0
BRDA:191,10,1,0
BRDA:205,11,0,0
BRDA:205,11,1,0
BRDA:208,12,0,0
BRDA:208,12,1,0
BRDA:210,13,0,0
BRDA:210,13,1,0
BRF:28
BRH:0
end_of_record
TN:
SF:modules/user/maintenance/ScreenRequestMaintenance.tsx
FN:23,ScreenRequestMaintenance
FN:42,(anonymous_1)
FN:64,(anonymous_2)
FN:133,(anonymous_3)
FN:192,(anonymous_4)
FN:233,(anonymous_5)
FNF:6
FNH:0
FNDA:0,ScreenRequestMaintenance
FNDA:0,(anonymous_1)
FNDA:0,(anonymous_2)
FNDA:0,(anonymous_3)
FNDA:0,(anonymous_4)
FNDA:0,(anonymous_5)
DA:24,0
DA:25,0
DA:26,0
DA:27,0
DA:30,0
DA:31,0
DA:34,0
DA:42,0
DA:43,0
DA:45,0
DA:46,0
DA:47,0
DA:48,0
DA:51,0
DA:52,0
DA:53,0
DA:54,0
DA:57,0
DA:58,0
DA:64,0
DA:65,0
DA:66,0
DA:67,0
DA:70,0
DA:71,0
DA:72,0
DA:76,0
DA:77,0
DA:78,0
DA:82,0
DA:83,0
DA:84,0
DA:85,0
DA:89,0
DA:92,0
DA:93,0
DA:94,0
DA:97,0
DA:98,0
DA:99,0
DA:102,0
DA:105,0
DA:115,0
DA:117,0
DA:119,0
DA:121,0
DA:122,0
DA:123,0
DA:126,0
DA:133,0
DA:134,0
DA:135,0
DA:138,0
DA:139,0
DA:146,0
DA:147,0
DA:166,0
DA:193,0
DA:194,0
DA:234,0
DA:235,0
DA:236,0
LF:62
LH:0
BRDA:45,0,0,0
BRDA:45,0,1,0
BRDA:47,1,0,0
BRDA:47,1,1,0
BRDA:51,2,0,0
BRDA:51,2,1,0
BRDA:53,3,0,0
BRDA:53,3,1,0
BRDA:65,4,0,0
BRDA:65,4,1,0
BRDA:70,5,0,0
BRDA:70,5,1,0
BRDA:76,6,0,0
BRDA:76,6,1,0
BRDA:82,7,0,0
BRDA:82,7,1,0
BRDA:83,8,0,0
BRDA:83,8,1,0
BRDA:92,9,0,0
BRDA:92,9,1,0
BRDA:97,10,0,0
BRDA:97,10,1,0
BRDA:119,11,0,0
BRDA:119,11,1,0
BRDA:138,12,0,0
BRDA:138,12,1,0
BRDA:146,13,0,0
BRDA:146,13,1,0
BRDA:168,14,0,0
BRDA:168,14,1,0
BRDA:194,15,0,0
BRDA:194,15,1,0
BRDA:198,16,0,0
BRDA:198,16,1,0
BRDA:202,17,0,0
BRDA:202,17,1,0
BRDA:235,18,0,0
BRDA:235,18,1,0
BRDA:240,19,0,0
BRDA:240,19,1,0
BRDA:247,20,0,0
BRDA:247,20,1,0
BRDA:272,21,0,0
BRDA:272,21,1,0
BRF:44
BRH:0
end_of_record
TN:
SF:modules/user/profile/EditUserProfileScreen.tsx
FN:4,ScreenEditUserProfile
FNF:1
FNH:0
FNDA:0,ScreenEditUserProfile
DA:5,0
LF:1
LH:0
BRF:0
BRH:0
end_of_record
TN:
SF:modules/user/profile/FormEditUserProfile.tsx
FN:15,FormEditUserProfile
FN:37,(anonymous_1)
FN:44,(anonymous_2)
FN:121,(anonymous_3)
FN:165,(anonymous_4)
FN:195,(anonymous_5)
FN:212,(anonymous_6)
FN:231,(anonymous_7)
FN:250,(anonymous_8)
FN:290,(anonymous_9)
FN:291,(anonymous_10)
FNF:11
FNH:0
FNDA:0,FormEditUserProfile
FNDA:0,(anonymous_1)
FNDA:0,(anonymous_2)
FNDA:0,(anonymous_3)
FNDA:0,(anonymous_4)
FNDA:0,(anonymous_5)
FNDA:0,(anonymous_6)
FNDA:0,(anonymous_7)
FNDA:0,(anonymous_8)
FNDA:0,(anonymous_9)
FNDA:0,(anonymous_10)
DA:16,0
DA:17,0
DA:34,0
DA:37,0
DA:38,0
DA:39,0
DA:40,0
DA:44,0
DA:45,0
DA:46,0
DA:47,0
DA:52,0
DA:53,0
DA:63,0
DA:122,0
DA:123,0
DA:124,0
DA:126,0
DA:165,0
DA:196,0
DA:213,0
DA:232,0
DA:251,0
DA:290,0
DA:292,0
DA:293,0
LF:26
LH:0
BRDA:38,0,0,0
BRDA:38,0,1,0
BRDA:45,1,0,0
BRDA:45,1,1,0
BRDA:52,2,0,0
BRDA:52,2,1,0
BRDA:72,3,0,0
BRDA:72,3,1,0
BRDA:76,4,0,0
BRDA:76,4,1,0
BRDA:77,5,0,0
BRDA:77,5,1,0
BRDA:118,6,0,0
BRDA:118,6,1,0
BRDA:123,7,0,0
BRDA:123,7,1,0
BRDA:146,8,0,0
BRDA:146,8,1,0
BRDA:147,9,0,0
BRDA:147,9,1,0
BRDA:153,10,0,0
BRDA:153,10,1,0
BRDA:164,11,0,0
BRDA:164,11,1,0
BRDA:173,12,0,0
BRDA:173,12,1,0
BRDA:182,13,0,0
BRDA:182,13,1,0
BRDA:199,14,0,0
BRDA:199,14,1,0
BRDA:216,15,0,0
BRDA:216,15,1,0
BRDA:235,16,0,0
BRDA:235,16,1,0
BRDA:254,17,0,0
BRDA:254,17,1,0
BRDA:265,18,0,0
BRDA:265,18,1,0
BRF:38
BRH:0
end_of_record
TN:
SF:modules/user/profile/Profile.tsx
FN:6,ProfileScreen
FNF:1
FNH:0
FNDA:0,ProfileScreen
DA:21,0
DA:24,0
DA:25,0
DA:33,0
LF:4
LH:0
BRDA:24,0,0,0
BRDA:24,0,1,0
BRDA:24,1,0,0
BRDA:24,1,1,0
BRDA:49,2,0,0
BRDA:49,2,1,0
BRDA:71,3,0,0
BRDA:71,3,1,0
BRDA:77,4,0,0
BRDA:77,4,1,0
BRDA:106,5,0,0
BRDA:106,5,1,0
BRDA:111,6,0,0
BRDA:111,6,1,0
BRF:14
BRH:0
end_of_record
TN:
SF:modules/user/profile/ProfileScreen.tsx
FN:4,ProfileScreen
FNF:1
FNH:0
FNDA:0,ProfileScreen
DA:5,0
LF:1
LH:0
BRF:0
BRH:0
end_of_record
TN:
SF:modules/user/profile/hooks/useEditUserProfile.ts
FN:67,(anonymous_0)
FN:97,(anonymous_1)
FN:104,(anonymous_2)
FN:135,(anonymous_3)
FN:213,(anonymous_4)
FN:223,(anonymous_5)
FN:259,(anonymous_6)
FN:279,(anonymous_7)
FN:281,(anonymous_8)
FN:287,(anonymous_9)
FNF:10
FNH:0
FNDA:0,(anonymous_0)
FNDA:0,(anonymous_1)
FNDA:0,(anonymous_2)
FNDA:0,(anonymous_3)
FNDA:0,(anonymous_4)
FNDA:0,(anonymous_5)
FNDA:0,(anonymous_6)
FNDA:0,(anonymous_7)
FNDA:0,(anonymous_8)
FNDA:0,(anonymous_9)
DA:67,0
DA:69,0
DA:70,0
DA:71,0
DA:72,0
DA:73,0
DA:74,0
DA:77,0
DA:78,0
DA:86,0
DA:97,0
DA:98,0
DA:104,0
DA:105,0
DA:106,0
DA:107,0
DA:109,0
DA:111,0
DA:112,0
DA:114,0
DA:115,0
DA:116,0
DA:119,0
DA:120,0
DA:122,0
DA:135,0
DA:136,0
DA:137,0
DA:138,0
DA:140,0
DA:141,0
DA:143,0
DA:145,0
DA:148,0
DA:149,0
DA:150,0
DA:151,0
DA:152,0
DA:155,0
DA:156,0
DA:167,0
DA:168,0
DA:170,0
DA:174,0
DA:175,0
DA:176,0
DA:177,0
DA:180,0
DA:184,0
DA:188,0
DA:191,0
DA:193,0
DA:194,0
DA:195,0
DA:198,0
DA:199,0
DA:200,0
DA:203,0
DA:204,0
DA:205,0
DA:213,0
DA:214,0
DA:223,0
DA:224,0
DA:225,0
DA:226,0
DA:227,0
DA:229,0
DA:231,0
DA:233,0
DA:234,0
DA:235,0
DA:236,0
DA:239,0
DA:240,0
DA:243,0
DA:253,0
DA:255,0
DA:259,0
DA:260,0
DA:263,0
DA:264,0
DA:265,0
DA:268,0
DA:269,0
DA:270,0
DA:272,0
DA:279,0
DA:280,0
DA:281,0
DA:287,0
DA:288,0
DA:289,0
DA:293,0
LF:94
LH:0
BRDA:111,0,0,0
BRDA:111,0,1,0
BRDA:116,1,0,0
BRDA:116,1,1,0
BRDA:148,2,0,0
BRDA:148,2,1,0
BRDA:148,3,0,0
BRDA:148,3,1,0
BRDA:149,4,0,0
BRDA:149,4,1,0
BRDA:149,5,0,0
BRDA:149,5,1,0
BRDA:163,6,0,0
BRDA:163,6,1,0
BRDA:175,7,0,0
BRDA:175,7,1,0
BRDA:180,8,0,0
BRDA:180,8,1,0
BRDA:181,9,0,0
BRDA:181,9,1,0
BRDA:233,10,0,0
BRDA:233,10,1,0
BRDA:236,11,0,0
BRDA:236,11,1,0
BRDA:239,12,0,0
BRDA:239,12,1,0
BRDA:239,13,0,0
BRDA:239,13,1,0
BRDA:239,13,2,0
BRDA:265,14,0,0
BRDA:265,14,1,0
BRF:31
BRH:0
end_of_record
TN:
SF:modules/user/profile/hooks/useProfile.ts
FN:62,(anonymous_0)
FN:81,(anonymous_1)
FN:131,(anonymous_2)
FN:141,(anonymous_3)
FN:153,(anonymous_4)
FN:164,(anonymous_5)
FN:174,(anonymous_6)
FNF:7
FNH:0
FNDA:0,(anonymous_0)
FNDA:0,(anonymous_1)
FNDA:0,(anonymous_2)
FNDA:0,(anonymous_3)
FNDA:0,(anonymous_4)
FNDA:0,(anonymous_5)
FNDA:0,(anonymous_6)
DA:62,0
DA:64,0
DA:65,0
DA:66,0
DA:67,0
DA:70,0
DA:71,0
DA:81,0
DA:82,0
DA:83,0
DA:84,0
DA:86,0
DA:88,0
DA:97,0
DA:100,0
DA:101,0
DA:102,0
DA:104,0
DA:106,0
DA:107,0
DA:111,0
DA:113,0
DA:120,0
DA:121,0
DA:123,0
DA:124,0
DA:131,0
DA:132,0
DA:133,0
DA:141,0
DA:142,0
DA:154,0
DA:164,0
DA:165,0
DA:173,0
DA:175,0
DA:176,0
DA:177,0
DA:183,0
DA:185,0
DA:186,0
DA:187,0
DA:188,0
DA:189,0
DA:192,0
DA:193,0
DA:194,0
DA:195,0
DA:198,0
LF:49
LH:0
BRDA:86,0,0,0
BRDA:86,0,1,0
BRDA:86,1,0,0
BRDA:86,1,1,0
BRDA:107,2,0,0
BRDA:107,2,1,0
BRDA:108,3,0,0
BRDA:108,3,1,0
BRDA:115,4,0,0
BRDA:115,4,1,0
BRDA:183,5,0,0
BRDA:183,5,1,0
BRDA:185,6,0,0
BRDA:185,6,1,0
BRDA:186,7,0,0
BRDA:186,7,1,0
BRDA:187,8,0,0
BRDA:187,8,1,0
BRDA:188,9,0,0
BRDA:188,9,1,0
BRF:20
BRH:0
end_of_record
TN:
SF:modules/user/settings/ScreenSettings.tsx
FN:9,(anonymous_0)
FN:13,(anonymous_1)
FN:19,(anonymous_2)
FN:35,(anonymous_3)
FN:53,(anonymous_4)
FN:65,(anonymous_5)
FN:227,(anonymous_6)
FNF:7
FNH:0
FNDA:0,(anonymous_0)
FNDA:0,(anonymous_1)
FNDA:0,(anonymous_2)
FNDA:0,(anonymous_3)
FNDA:0,(anonymous_4)
FNDA:0,(anonymous_5)
FNDA:0,(anonymous_6)
DA:9,0
DA:10,0
DA:11,0
DA:13,0
DA:14,0
DA:17,0
DA:19,0
DA:20,0
DA:21,0
DA:22,0
DA:23,0
DA:25,0
DA:27,0
DA:28,0
DA:29,0
DA:36,0
DA:42,0
DA:43,0
DA:46,0
DA:47,0
DA:49,0
DA:53,0
DA:54,0
DA:66,0
DA:67,0
DA:68,0
DA:76,0
DA:227,0
LF:28
LH:0
BRDA:27,0,0,0
BRDA:27,0,1,0
BRDA:43,1,0,0
BRDA:43,1,1,0
BRDA:208,2,0,0
BRDA:208,2,1,0
BRF:6
BRH:0
end_of_record
TN:
SF:schemes/EditUserProfileSchema.ts
FN:16,(anonymous_0)
FNF:1
FNH:0
FNDA:0,(anonymous_0)
DA:4,0
DA:18,0
DA:21,0
LF:3
LH:0
BRDA:18,0,0,0
BRDA:18,0,1,0
BRDA:18,1,0,0
BRDA:18,1,1,0
BRDA:22,2,0,0
BRDA:22,2,1,0
BRDA:22,2,2,0
BRDA:22,2,3,0
BRF:8
BRH:0
end_of_record
TN:
SF:schemes/LoginSchema.ts
FNF:0
FNH:0
DA:4,1
LF:1
LH:1
BRF:0
BRH:0
end_of_record
TN:
SF:schemes/PropertySchema.ts
FNF:0
FNH:0
DA:5,0
DA:9,0
DA:26,0
DA:29,0
LF:4
LH:0
BRF:0
BRH:0
end_of_record
TN:
SF:schemes/RegisterSchema.ts
FN:30,(anonymous_0)
FN:31,(anonymous_1)
FN:40,(anonymous_2)
FN:53,(anonymous_3)
FNF:4
FNH:0
FNDA:0,(anonymous_0)
FNDA:0,(anonymous_1)
FNDA:0,(anonymous_2)
FNDA:0,(anonymous_3)
DA:4,0
DA:30,0
DA:31,0
DA:40,0
DA:41,0
DA:43,0
DA:44,0
DA:52,0
DA:53,0
DA:54,0
DA:55,0
DA:58,0
LF:12
LH:0
BRDA:43,0,0,0
BRDA:43,0,1,0
BRF:2
BRH:0
end_of_record
TN:
SF:schemes/RegisterSchemaAdmin.ts
FNF:0
FNH:0
LF:0
LH:0
BRF:0
BRH:0
end_of_record
TN:
SF:schemes/VerifyIdentitySchema.ts
FN:5,(anonymous_0)
FN:15,(anonymous_1)
FN:17,(anonymous_2)
FNF:3
FNH:0
FNDA:0,(anonymous_0)
FNDA:0,(anonymous_1)
FNDA:0,(anonymous_2)
DA:3,0
DA:5,0
DA:17,0
DA:18,0
DA:19,0
DA:20,0
LF:6
LH:0
BRDA:18,0,0,0
BRDA:18,0,1,0
BRDA:19,1,0,0
BRDA:19,1,1,0
BRDA:20,2,0,0
BRDA:20,2,1,0
BRF:6
BRH:0
end_of_record
TN:
SF:utils/Tokens.ts
FN:19,(anonymous_0)
FN:50,(anonymous_1)
FN:82,(anonymous_2)
FN:104,(anonymous_3)
FN:130,(anonymous_4)
FNF:5
FNH:0
FNDA:0,(anonymous_0)
FNDA:0,(anonymous_1)
FNDA:0,(anonymous_2)
FNDA:0,(anonymous_3)
FNDA:0,(anonymous_4)
DA:19,0
DA:20,0
DA:22,0
DA:23,0
DA:24,0
DA:25,0
DA:29,0
DA:32,0
DA:35,0
DA:38,0
DA:40,0
DA:42,0
DA:43,0
DA:50,0
DA:51,0
DA:52,0
DA:54,0
DA:55,0
DA:56,0
DA:60,0
DA:61,0
DA:63,0
DA:65,0
DA:66,0
DA:72,0
DA:74,0
DA:75,0
DA:82,0
DA:83,0
DA:84,0
DA:86,0
DA:87,0
DA:90,0
DA:91,0
DA:92,0
DA:94,0
DA:96,0
DA:97,0
DA:104,0
DA:105,0
DA:107,0
DA:108,0
DA:111,0
DA:112,0
DA:113,0
DA:114,0
DA:115,0
DA:117,0
DA:130,0
DA:131,0
DA:132,0
DA:135,0
DA:136,0
DA:138,0
DA:139,0
DA:141,0
LF:56
LH:0
BRDA:23,0,0,0
BRDA:23,0,1,0
BRDA:54,1,0,0
BRDA:54,1,1,0
BRDA:54,2,0,0
BRDA:54,2,1,0
BRDA:65,3,0,0
BRDA:65,3,1,0
BRDA:86,4,0,0
BRDA:86,4,1,0
BRDA:86,5,0,0
BRDA:86,5,1,0
BRDA:107,6,0,0
BRDA:107,6,1,0
BRDA:131,7,0,0
BRDA:131,7,1,0
BRDA:138,8,0,0
BRDA:138,8,1,0
BRF:18
BRH:0
end_of_record
TN:
SF:utils/TokensDesing.ts
FNF:0
FNH:0
DA:3,0
DA:6,0
DA:9,0
DA:12,0
DA:15,0
DA:16,0
DA:17,0
DA:20,0
DA:21,0
DA:22,0
DA:25,0
DA:26,0
DA:27,0
DA:28,0
DA:29,0
DA:36,0
DA:37,0
DA:38,0
DA:39,0
DA:42,0
DA:43,0
DA:44,0
DA:47,0
DA:48,0
DA:49,0
DA:50,0
DA:53,0
DA:54,0
DA:55,0
DA:56,0
DA:59,0
DA:60,0
DA:63,0
DA:64,0
DA:67,0
DA:68,0
DA:71,0
DA:72,0
DA:73,0
DA:74,0
DA:75,0
DA:76,0
LF:42
LH:0
BRF:0
BRH:0
end_of_record
TN:
SF:utils/fonts.ts
FNF:0
FNH:0
DA:2,0
DA:10,0
DA:26,0
LF:3
LH:0
BRF:0
BRH:0
end_of_record
TN:
SF:utils/format.ts
FN:1,formatPlanPrice
FN:15,formatCurrency
FNF:2
FNH:2
FNDA:9,formatPlanPrice
FNDA:6,formatCurrency
DA:2,9
DA:3,9
DA:4,6
DA:5,3
DA:6,3
DA:7,3
DA:10,3
DA:16,6
DA:17,6
DA:20,0
LF:10
LH:9
BRDA:2,0,0,9
BRDA:2,0,1,2
BRDA:3,1,0,3
BRDA:3,1,1,6
BRDA:4,2,0,3
BRDA:4,2,1,3
BRDA:4,3,0,6
BRDA:4,3,1,6
BRDA:6,4,0,2
BRDA:6,4,1,1
BRDA:10,5,0,2
BRDA:10,5,1,1
BRDA:15,6,0,5
BRDA:15,7,0,5
BRF:14
BRH:14
end_of_record
TN:
SF:utils/haptics.ts
FN:30,(anonymous_0)
FN:54,(anonymous_1)
FN:78,(anonymous_2)
FN:89,(anonymous_3)
FN:115,(anonymous_4)
FN:116,(anonymous_5)
FN:117,(anonymous_6)
FN:120,(anonymous_7)
FN:121,(anonymous_8)
FN:122,(anonymous_9)
FN:125,(anonymous_10)
FN:126,(anonymous_11)
FN:127,(anonymous_12)
FN:130,(anonymous_13)
FN:131,(anonymous_14)
FN:132,(anonymous_15)
FN:133,(anonymous_16)
FN:136,(anonymous_17)
FNF:18
FNH:2
FNDA:1,(anonymous_0)
FNDA:0,(anonymous_1)
FNDA:0,(anonymous_2)
FNDA:0,(anonymous_3)
FNDA:1,(anonymous_4)
FNDA:0,(anonymous_5)
FNDA:0,(anonymous_6)
FNDA:0,(anonymous_7)
FNDA:0,(anonymous_8)
FNDA:0,(anonymous_9)
FNDA:0,(anonymous_10)
FNDA:0,(anonymous_11)
FNDA:0,(anonymous_12)
FNDA:0,(anonymous_13)
FNDA:0,(anonymous_14)
FNDA:0,(anonymous_15)
FNDA:0,(anonymous_16)
FNDA:0,(anonymous_17)
DA:30,1
DA:33,1
DA:34,1
DA:36,0
DA:37,0
DA:39,1
DA:40,1
DA:42,0
DA:43,0
DA:46,0
DA:54,1
DA:57,0
DA:58,0
DA:60,0
DA:61,0
DA:63,0
DA:64,0
DA:66,0
DA:67,0
DA:70,0
DA:78,1
DA:79,0
DA:80,0
DA:82,0
DA:89,1
DA:90,0
DA:92,0
DA:94,0
DA:96,0
DA:98,0
DA:100,0
DA:102,0
DA:104,0
DA:106,0
DA:113,1
DA:115,1
DA:116,0
DA:117,0
DA:120,0
DA:121,0
DA:122,0
DA:125,0
DA:126,0
DA:127,0
DA:130,0
DA:131,0
DA:132,0
DA:133,0
DA:136,1
DA:137,0
LF:50
LH:11
BRDA:31,0,0,0
BRDA:34,1,0,0
BRDA:34,1,1,1
BRDA:34,1,2,0
BRDA:55,2,0,0
BRDA:58,3,0,0
BRDA:58,3,1,0
BRDA:58,3,2,0
BRDA:90,4,0,0
BRDA:90,4,1,0
BRDA:90,4,2,0
BRDA:90,4,3,0
BRDA:90,4,4,0
BRDA:90,4,5,0
BRDA:90,4,6,0
BRDA:90,4,7,0
BRF:16
BRH:1
end_of_record
TN:
SF:utils/registerForPushNotificationAsync.ts
FN:6,registerForPushNotificationsAsync
FNF:1
FNH:0
FNDA:0,registerForPushNotificationsAsync
DA:7,0
DA:8,0
DA:19,0
DA:21,0
DA:22,0
DA:23,0
DA:24,0
DA:25,0
DA:27,0
DA:28,0
DA:33,0
DA:35,0
DA:36,0
DA:38,0
DA:39,0
DA:44,0
DA:45,0
DA:47,0
DA:50,0
LF:19
LH:0
BRDA:7,0,0,0
BRDA:7,0,1,0
BRDA:19,1,0,0
BRDA:19,1,1,0
BRDA:23,2,0,0
BRDA:23,2,1,0
BRDA:27,3,0,0
BRDA:27,3,1,0
BRDA:33,4,0,0
BRDA:33,4,1,0
BRDA:35,5,0,0
BRDA:35,5,1,0
BRF:12
BRH:0
end_of_record
TN:
SF:utils/update-ip.js
FN:5,getLocalIP
FN:17,updateEnvFile
FNF:2
FNH:0
FNDA:0,getLocalIP
FNDA:0,updateEnvFile
DA:1,0
DA:2,0
DA:3,0
DA:6,0
DA:7,0
DA:8,0
DA:9,0
DA:10,0
DA:14,0
DA:18,0
DA:19,0
DA:20,0
DA:21,0
DA:24,0
DA:25,0
DA:27,0
DA:29,0
DA:34,0
DA:35,0
DA:38,0
LF:20
LH:0
BRDA:9,0,0,0
BRDA:9,0,1,0
BRDA:9,1,0,0
BRDA:9,1,1,0
BRDA:19,2,0,0
BRDA:19,2,1,0
BRF:6
BRH:0
end_of_record
TN:
SF:utils/useInputValidation.ts
FN:16,(anonymous_0)
FN:28,(anonymous_1)
FN:49,(anonymous_2)
FN:70,(anonymous_3)
FNF:4
FNH:0
FNDA:0,(anonymous_0)
FNDA:0,(anonymous_1)
FNDA:0,(anonymous_2)
FNDA:0,(anonymous_3)
DA:16,0
DA:21,0
DA:22,0
DA:23,0
DA:28,0
DA:30,0
DA:31,0
DA:34,0
DA:37,0
DA:38,0
DA:39,0
DA:41,0
DA:42,0
DA:49,0
DA:50,0
DA:51,0
DA:52,0
DA:53,0
DA:56,0
DA:57,0
DA:58,0
DA:59,0
DA:62,0
DA:63,0
DA:64,0
DA:70,0
DA:71,0
DA:72,0
DA:73,0
DA:76,0
LF:30
LH:0
BRDA:16,0,0,0
BRDA:17,1,0,0
BRDA:18,2,0,0
BRDA:19,3,0,0
BRDA:30,4,0,0
BRDA:30,4,1,0
BRDA:37,5,0,0
BRDA:37,5,1,0
BRDA:37,6,0,0
BRDA:37,6,1,0
BRDA:50,7,0,0
BRDA:50,7,1,0
BRDA:56,8,0,0
BRDA:56,8,1,0
BRF:14
BRH:0
end_of_record
TN:
SF:utils/validation.ts
FN:11,(anonymous_0)
FNF:1
FNH:1
FNDA:4,(anonymous_0)
DA:6,1
DA:8,1
DA:11,1
DA:12,4
LF:4
LH:4
BRDA:11,0,0,2
BRDA:11,1,0,3
BRDA:15,2,0,4
BRDA:15,2,1,4
BRF:4
BRH:4
end_of_record
